ARM GAS  C:\Users\du4\AppData\Local\Temp\ccBogMAc.s 			page 1


   1              		.cpu cortex-m4
   2              		.eabi_attribute 27, 1
   3              		.eabi_attribute 28, 1
   4              		.eabi_attribute 20, 1
   5              		.eabi_attribute 21, 1
   6              		.eabi_attribute 23, 3
   7              		.eabi_attribute 24, 1
   8              		.eabi_attribute 25, 1
   9              		.eabi_attribute 26, 1
  10              		.eabi_attribute 30, 1
  11              		.eabi_attribute 34, 1
  12              		.eabi_attribute 18, 4
  13              		.file	"adc.c"
  14              		.text
  15              	.Ltext0:
  16              		.cfi_sections	.debug_frame
  17              		.section	.text.MX_ADC1_Init,"ax",%progbits
  18              		.align	1
  19              		.global	MX_ADC1_Init
  20              		.arch armv7e-m
  21              		.syntax unified
  22              		.thumb
  23              		.thumb_func
  24              		.fpu fpv4-sp-d16
  26              	MX_ADC1_Init:
  27              	.LFB235:
  28              		.file 1 "Core/Src/adc.c"
   1:Core/Src/adc.c **** /**
   2:Core/Src/adc.c ****   ******************************************************************************
   3:Core/Src/adc.c ****   * @file    adc.c
   4:Core/Src/adc.c ****   * @brief   This file provides code for the configuration
   5:Core/Src/adc.c ****   *          of the ADC instances.
   6:Core/Src/adc.c ****   ******************************************************************************
   7:Core/Src/adc.c ****   * @attention
   8:Core/Src/adc.c ****   *
   9:Core/Src/adc.c ****   * <h2><center>&copy; Copyright (c) 2021 STMicroelectronics.
  10:Core/Src/adc.c ****   * All rights reserved.</center></h2>
  11:Core/Src/adc.c ****   *
  12:Core/Src/adc.c ****   * This software component is licensed by ST under BSD 3-Clause license,
  13:Core/Src/adc.c ****   * the "License"; You may not use this file except in compliance with the
  14:Core/Src/adc.c ****   * License. You may obtain a copy of the License at:
  15:Core/Src/adc.c ****   *                        opensource.org/licenses/BSD-3-Clause
  16:Core/Src/adc.c ****   *
  17:Core/Src/adc.c ****   ******************************************************************************
  18:Core/Src/adc.c ****   */
  19:Core/Src/adc.c **** 
  20:Core/Src/adc.c **** /* Includes ------------------------------------------------------------------*/
  21:Core/Src/adc.c **** #include "adc.h"
  22:Core/Src/adc.c **** 
  23:Core/Src/adc.c **** /* USER CODE BEGIN 0 */
  24:Core/Src/adc.c **** 
  25:Core/Src/adc.c **** /* USER CODE END 0 */
  26:Core/Src/adc.c **** 
  27:Core/Src/adc.c **** ADC_HandleTypeDef hadc1;
  28:Core/Src/adc.c **** ADC_HandleTypeDef hadc2;
  29:Core/Src/adc.c **** 
  30:Core/Src/adc.c **** /* ADC1 init function */
ARM GAS  C:\Users\du4\AppData\Local\Temp\ccBogMAc.s 			page 2


  31:Core/Src/adc.c **** void MX_ADC1_Init(void)
  32:Core/Src/adc.c **** {
  29              		.loc 1 32 1 view -0
  30              		.cfi_startproc
  31              		@ args = 0, pretend = 0, frame = 16
  32              		@ frame_needed = 0, uses_anonymous_args = 0
  33 0000 00B5     		push	{lr}
  34              	.LCFI0:
  35              		.cfi_def_cfa_offset 4
  36              		.cfi_offset 14, -4
  37 0002 85B0     		sub	sp, sp, #20
  38              	.LCFI1:
  39              		.cfi_def_cfa_offset 24
  33:Core/Src/adc.c **** 
  34:Core/Src/adc.c ****   /* USER CODE BEGIN ADC1_Init 0 */
  35:Core/Src/adc.c **** 
  36:Core/Src/adc.c ****   /* USER CODE END ADC1_Init 0 */
  37:Core/Src/adc.c **** 
  38:Core/Src/adc.c ****   ADC_ChannelConfTypeDef sConfig = {0};
  40              		.loc 1 38 3 view .LVU1
  41              		.loc 1 38 26 is_stmt 0 view .LVU2
  42 0004 0023     		movs	r3, #0
  43 0006 0093     		str	r3, [sp]
  44 0008 0193     		str	r3, [sp, #4]
  45 000a 0293     		str	r3, [sp, #8]
  46 000c 0393     		str	r3, [sp, #12]
  39:Core/Src/adc.c **** 
  40:Core/Src/adc.c ****   /* USER CODE BEGIN ADC1_Init 1 */
  41:Core/Src/adc.c **** 
  42:Core/Src/adc.c ****   /* USER CODE END ADC1_Init 1 */
  43:Core/Src/adc.c ****   /** Configure the global features of the ADC (Clock, Resolution, Data Alignment and number of con
  44:Core/Src/adc.c ****   */
  45:Core/Src/adc.c ****   hadc1.Instance = ADC1;
  47              		.loc 1 45 3 is_stmt 1 view .LVU3
  48              		.loc 1 45 18 is_stmt 0 view .LVU4
  49 000e 1448     		ldr	r0, .L7
  50 0010 144A     		ldr	r2, .L7+4
  51 0012 0260     		str	r2, [r0]
  46:Core/Src/adc.c ****   hadc1.Init.ClockPrescaler = ADC_CLOCK_SYNC_PCLK_DIV2;
  52              		.loc 1 46 3 is_stmt 1 view .LVU5
  53              		.loc 1 46 29 is_stmt 0 view .LVU6
  54 0014 4360     		str	r3, [r0, #4]
  47:Core/Src/adc.c ****   hadc1.Init.Resolution = ADC_RESOLUTION_12B;
  55              		.loc 1 47 3 is_stmt 1 view .LVU7
  56              		.loc 1 47 25 is_stmt 0 view .LVU8
  57 0016 8360     		str	r3, [r0, #8]
  48:Core/Src/adc.c ****   hadc1.Init.ScanConvMode = DISABLE;
  58              		.loc 1 48 3 is_stmt 1 view .LVU9
  59              		.loc 1 48 27 is_stmt 0 view .LVU10
  60 0018 0361     		str	r3, [r0, #16]
  49:Core/Src/adc.c ****   hadc1.Init.ContinuousConvMode = DISABLE;
  61              		.loc 1 49 3 is_stmt 1 view .LVU11
  62              		.loc 1 49 33 is_stmt 0 view .LVU12
  63 001a 0376     		strb	r3, [r0, #24]
  50:Core/Src/adc.c ****   hadc1.Init.DiscontinuousConvMode = DISABLE;
  64              		.loc 1 50 3 is_stmt 1 view .LVU13
  65              		.loc 1 50 36 is_stmt 0 view .LVU14
ARM GAS  C:\Users\du4\AppData\Local\Temp\ccBogMAc.s 			page 3


  66 001c 80F82030 		strb	r3, [r0, #32]
  51:Core/Src/adc.c ****   hadc1.Init.ExternalTrigConvEdge = ADC_EXTERNALTRIGCONVEDGE_NONE;
  67              		.loc 1 51 3 is_stmt 1 view .LVU15
  68              		.loc 1 51 35 is_stmt 0 view .LVU16
  69 0020 C362     		str	r3, [r0, #44]
  52:Core/Src/adc.c ****   hadc1.Init.ExternalTrigConv = ADC_SOFTWARE_START;
  70              		.loc 1 52 3 is_stmt 1 view .LVU17
  71              		.loc 1 52 31 is_stmt 0 view .LVU18
  72 0022 114A     		ldr	r2, .L7+8
  73 0024 8262     		str	r2, [r0, #40]
  53:Core/Src/adc.c ****   hadc1.Init.DataAlign = ADC_DATAALIGN_RIGHT;
  74              		.loc 1 53 3 is_stmt 1 view .LVU19
  75              		.loc 1 53 24 is_stmt 0 view .LVU20
  76 0026 C360     		str	r3, [r0, #12]
  54:Core/Src/adc.c ****   hadc1.Init.NbrOfConversion = 1;
  77              		.loc 1 54 3 is_stmt 1 view .LVU21
  78              		.loc 1 54 30 is_stmt 0 view .LVU22
  79 0028 0122     		movs	r2, #1
  80 002a C261     		str	r2, [r0, #28]
  55:Core/Src/adc.c ****   hadc1.Init.DMAContinuousRequests = DISABLE;
  81              		.loc 1 55 3 is_stmt 1 view .LVU23
  82              		.loc 1 55 36 is_stmt 0 view .LVU24
  83 002c 80F83030 		strb	r3, [r0, #48]
  56:Core/Src/adc.c ****   hadc1.Init.EOCSelection = ADC_EOC_SINGLE_CONV;
  84              		.loc 1 56 3 is_stmt 1 view .LVU25
  85              		.loc 1 56 27 is_stmt 0 view .LVU26
  86 0030 4261     		str	r2, [r0, #20]
  57:Core/Src/adc.c ****   if (HAL_ADC_Init(&hadc1) != HAL_OK)
  87              		.loc 1 57 3 is_stmt 1 view .LVU27
  88              		.loc 1 57 7 is_stmt 0 view .LVU28
  89 0032 FFF7FEFF 		bl	HAL_ADC_Init
  90              	.LVL0:
  91              		.loc 1 57 6 view .LVU29
  92 0036 68B9     		cbnz	r0, .L5
  93              	.L2:
  58:Core/Src/adc.c ****   {
  59:Core/Src/adc.c ****     Error_Handler();
  60:Core/Src/adc.c ****   }
  61:Core/Src/adc.c ****   /** Configure for the selected ADC regular channel its corresponding rank in the sequencer and it
  62:Core/Src/adc.c ****   */
  63:Core/Src/adc.c ****   sConfig.Channel = ADC_CHANNEL_TEMPSENSOR;
  94              		.loc 1 63 3 is_stmt 1 view .LVU30
  95              		.loc 1 63 19 is_stmt 0 view .LVU31
  96 0038 1023     		movs	r3, #16
  97 003a 0093     		str	r3, [sp]
  64:Core/Src/adc.c ****   sConfig.Rank = 1;
  98              		.loc 1 64 3 is_stmt 1 view .LVU32
  99              		.loc 1 64 16 is_stmt 0 view .LVU33
 100 003c 0123     		movs	r3, #1
 101 003e 0193     		str	r3, [sp, #4]
  65:Core/Src/adc.c ****   sConfig.SamplingTime = ADC_SAMPLETIME_3CYCLES;
 102              		.loc 1 65 3 is_stmt 1 view .LVU34
 103              		.loc 1 65 24 is_stmt 0 view .LVU35
 104 0040 0023     		movs	r3, #0
 105 0042 0293     		str	r3, [sp, #8]
  66:Core/Src/adc.c ****   if (HAL_ADC_ConfigChannel(&hadc1, &sConfig) != HAL_OK)
 106              		.loc 1 66 3 is_stmt 1 view .LVU36
ARM GAS  C:\Users\du4\AppData\Local\Temp\ccBogMAc.s 			page 4


 107              		.loc 1 66 7 is_stmt 0 view .LVU37
 108 0044 6946     		mov	r1, sp
 109 0046 0648     		ldr	r0, .L7
 110 0048 FFF7FEFF 		bl	HAL_ADC_ConfigChannel
 111              	.LVL1:
 112              		.loc 1 66 6 view .LVU38
 113 004c 28B9     		cbnz	r0, .L6
 114              	.L1:
  67:Core/Src/adc.c ****   {
  68:Core/Src/adc.c ****     Error_Handler();
  69:Core/Src/adc.c ****   }
  70:Core/Src/adc.c ****   /* USER CODE BEGIN ADC1_Init 2 */
  71:Core/Src/adc.c **** 
  72:Core/Src/adc.c ****   /* USER CODE END ADC1_Init 2 */
  73:Core/Src/adc.c **** 
  74:Core/Src/adc.c **** }
 115              		.loc 1 74 1 view .LVU39
 116 004e 05B0     		add	sp, sp, #20
 117              	.LCFI2:
 118              		.cfi_remember_state
 119              		.cfi_def_cfa_offset 4
 120              		@ sp needed
 121 0050 5DF804FB 		ldr	pc, [sp], #4
 122              	.L5:
 123              	.LCFI3:
 124              		.cfi_restore_state
  59:Core/Src/adc.c ****   }
 125              		.loc 1 59 5 is_stmt 1 view .LVU40
 126 0054 FFF7FEFF 		bl	Error_Handler
 127              	.LVL2:
 128 0058 EEE7     		b	.L2
 129              	.L6:
  68:Core/Src/adc.c ****   }
 130              		.loc 1 68 5 view .LVU41
 131 005a FFF7FEFF 		bl	Error_Handler
 132              	.LVL3:
 133              		.loc 1 74 1 is_stmt 0 view .LVU42
 134 005e F6E7     		b	.L1
 135              	.L8:
 136              		.align	2
 137              	.L7:
 138 0060 00000000 		.word	hadc1
 139 0064 00200140 		.word	1073815552
 140 0068 0100000F 		.word	251658241
 141              		.cfi_endproc
 142              	.LFE235:
 144              		.section	.text.MX_ADC2_Init,"ax",%progbits
 145              		.align	1
 146              		.global	MX_ADC2_Init
 147              		.syntax unified
 148              		.thumb
 149              		.thumb_func
 150              		.fpu fpv4-sp-d16
 152              	MX_ADC2_Init:
 153              	.LFB236:
  75:Core/Src/adc.c **** /* ADC2 init function */
  76:Core/Src/adc.c **** void MX_ADC2_Init(void)
ARM GAS  C:\Users\du4\AppData\Local\Temp\ccBogMAc.s 			page 5


  77:Core/Src/adc.c **** {
 154              		.loc 1 77 1 is_stmt 1 view -0
 155              		.cfi_startproc
 156              		@ args = 0, pretend = 0, frame = 16
 157              		@ frame_needed = 0, uses_anonymous_args = 0
 158 0000 00B5     		push	{lr}
 159              	.LCFI4:
 160              		.cfi_def_cfa_offset 4
 161              		.cfi_offset 14, -4
 162 0002 85B0     		sub	sp, sp, #20
 163              	.LCFI5:
 164              		.cfi_def_cfa_offset 24
  78:Core/Src/adc.c **** 
  79:Core/Src/adc.c ****   /* USER CODE BEGIN ADC2_Init 0 */
  80:Core/Src/adc.c **** 
  81:Core/Src/adc.c ****   /* USER CODE END ADC2_Init 0 */
  82:Core/Src/adc.c **** 
  83:Core/Src/adc.c ****   ADC_ChannelConfTypeDef sConfig = {0};
 165              		.loc 1 83 3 view .LVU44
 166              		.loc 1 83 26 is_stmt 0 view .LVU45
 167 0004 0023     		movs	r3, #0
 168 0006 0093     		str	r3, [sp]
 169 0008 0193     		str	r3, [sp, #4]
 170 000a 0293     		str	r3, [sp, #8]
 171 000c 0393     		str	r3, [sp, #12]
  84:Core/Src/adc.c **** 
  85:Core/Src/adc.c ****   /* USER CODE BEGIN ADC2_Init 1 */
  86:Core/Src/adc.c **** 
  87:Core/Src/adc.c ****   /* USER CODE END ADC2_Init 1 */
  88:Core/Src/adc.c ****   /** Configure the global features of the ADC (Clock, Resolution, Data Alignment and number of con
  89:Core/Src/adc.c ****   */
  90:Core/Src/adc.c ****   hadc2.Instance = ADC2;
 172              		.loc 1 90 3 is_stmt 1 view .LVU46
 173              		.loc 1 90 18 is_stmt 0 view .LVU47
 174 000e 1448     		ldr	r0, .L15
 175 0010 144A     		ldr	r2, .L15+4
 176 0012 0260     		str	r2, [r0]
  91:Core/Src/adc.c ****   hadc2.Init.ClockPrescaler = ADC_CLOCK_SYNC_PCLK_DIV2;
 177              		.loc 1 91 3 is_stmt 1 view .LVU48
 178              		.loc 1 91 29 is_stmt 0 view .LVU49
 179 0014 4360     		str	r3, [r0, #4]
  92:Core/Src/adc.c ****   hadc2.Init.Resolution = ADC_RESOLUTION_12B;
 180              		.loc 1 92 3 is_stmt 1 view .LVU50
 181              		.loc 1 92 25 is_stmt 0 view .LVU51
 182 0016 8360     		str	r3, [r0, #8]
  93:Core/Src/adc.c ****   hadc2.Init.ScanConvMode = DISABLE;
 183              		.loc 1 93 3 is_stmt 1 view .LVU52
 184              		.loc 1 93 27 is_stmt 0 view .LVU53
 185 0018 0361     		str	r3, [r0, #16]
  94:Core/Src/adc.c ****   hadc2.Init.ContinuousConvMode = DISABLE;
 186              		.loc 1 94 3 is_stmt 1 view .LVU54
 187              		.loc 1 94 33 is_stmt 0 view .LVU55
 188 001a 0376     		strb	r3, [r0, #24]
  95:Core/Src/adc.c ****   hadc2.Init.DiscontinuousConvMode = DISABLE;
 189              		.loc 1 95 3 is_stmt 1 view .LVU56
 190              		.loc 1 95 36 is_stmt 0 view .LVU57
 191 001c 80F82030 		strb	r3, [r0, #32]
ARM GAS  C:\Users\du4\AppData\Local\Temp\ccBogMAc.s 			page 6


  96:Core/Src/adc.c ****   hadc2.Init.ExternalTrigConvEdge = ADC_EXTERNALTRIGCONVEDGE_NONE;
 192              		.loc 1 96 3 is_stmt 1 view .LVU58
 193              		.loc 1 96 35 is_stmt 0 view .LVU59
 194 0020 C362     		str	r3, [r0, #44]
  97:Core/Src/adc.c ****   hadc2.Init.ExternalTrigConv = ADC_SOFTWARE_START;
 195              		.loc 1 97 3 is_stmt 1 view .LVU60
 196              		.loc 1 97 31 is_stmt 0 view .LVU61
 197 0022 114A     		ldr	r2, .L15+8
 198 0024 8262     		str	r2, [r0, #40]
  98:Core/Src/adc.c ****   hadc2.Init.DataAlign = ADC_DATAALIGN_RIGHT;
 199              		.loc 1 98 3 is_stmt 1 view .LVU62
 200              		.loc 1 98 24 is_stmt 0 view .LVU63
 201 0026 C360     		str	r3, [r0, #12]
  99:Core/Src/adc.c ****   hadc2.Init.NbrOfConversion = 1;
 202              		.loc 1 99 3 is_stmt 1 view .LVU64
 203              		.loc 1 99 30 is_stmt 0 view .LVU65
 204 0028 0122     		movs	r2, #1
 205 002a C261     		str	r2, [r0, #28]
 100:Core/Src/adc.c ****   hadc2.Init.DMAContinuousRequests = DISABLE;
 206              		.loc 1 100 3 is_stmt 1 view .LVU66
 207              		.loc 1 100 36 is_stmt 0 view .LVU67
 208 002c 80F83030 		strb	r3, [r0, #48]
 101:Core/Src/adc.c ****   hadc2.Init.EOCSelection = ADC_EOC_SINGLE_CONV;
 209              		.loc 1 101 3 is_stmt 1 view .LVU68
 210              		.loc 1 101 27 is_stmt 0 view .LVU69
 211 0030 4261     		str	r2, [r0, #20]
 102:Core/Src/adc.c ****   if (HAL_ADC_Init(&hadc2) != HAL_OK)
 212              		.loc 1 102 3 is_stmt 1 view .LVU70
 213              		.loc 1 102 7 is_stmt 0 view .LVU71
 214 0032 FFF7FEFF 		bl	HAL_ADC_Init
 215              	.LVL4:
 216              		.loc 1 102 6 view .LVU72
 217 0036 68B9     		cbnz	r0, .L13
 218              	.L10:
 103:Core/Src/adc.c ****   {
 104:Core/Src/adc.c ****     Error_Handler();
 105:Core/Src/adc.c ****   }
 106:Core/Src/adc.c ****   /** Configure for the selected ADC regular channel its corresponding rank in the sequencer and it
 107:Core/Src/adc.c ****   */
 108:Core/Src/adc.c ****   sConfig.Channel = ADC_CHANNEL_8;
 219              		.loc 1 108 3 is_stmt 1 view .LVU73
 220              		.loc 1 108 19 is_stmt 0 view .LVU74
 221 0038 0823     		movs	r3, #8
 222 003a 0093     		str	r3, [sp]
 109:Core/Src/adc.c ****   sConfig.Rank = 1;
 223              		.loc 1 109 3 is_stmt 1 view .LVU75
 224              		.loc 1 109 16 is_stmt 0 view .LVU76
 225 003c 0123     		movs	r3, #1
 226 003e 0193     		str	r3, [sp, #4]
 110:Core/Src/adc.c ****   sConfig.SamplingTime = ADC_SAMPLETIME_3CYCLES;
 227              		.loc 1 110 3 is_stmt 1 view .LVU77
 228              		.loc 1 110 24 is_stmt 0 view .LVU78
 229 0040 0023     		movs	r3, #0
 230 0042 0293     		str	r3, [sp, #8]
 111:Core/Src/adc.c ****   if (HAL_ADC_ConfigChannel(&hadc2, &sConfig) != HAL_OK)
 231              		.loc 1 111 3 is_stmt 1 view .LVU79
 232              		.loc 1 111 7 is_stmt 0 view .LVU80
ARM GAS  C:\Users\du4\AppData\Local\Temp\ccBogMAc.s 			page 7


 233 0044 6946     		mov	r1, sp
 234 0046 0648     		ldr	r0, .L15
 235 0048 FFF7FEFF 		bl	HAL_ADC_ConfigChannel
 236              	.LVL5:
 237              		.loc 1 111 6 view .LVU81
 238 004c 28B9     		cbnz	r0, .L14
 239              	.L9:
 112:Core/Src/adc.c ****   {
 113:Core/Src/adc.c ****     Error_Handler();
 114:Core/Src/adc.c ****   }
 115:Core/Src/adc.c ****   /* USER CODE BEGIN ADC2_Init 2 */
 116:Core/Src/adc.c **** 
 117:Core/Src/adc.c ****   /* USER CODE END ADC2_Init 2 */
 118:Core/Src/adc.c **** 
 119:Core/Src/adc.c **** }
 240              		.loc 1 119 1 view .LVU82
 241 004e 05B0     		add	sp, sp, #20
 242              	.LCFI6:
 243              		.cfi_remember_state
 244              		.cfi_def_cfa_offset 4
 245              		@ sp needed
 246 0050 5DF804FB 		ldr	pc, [sp], #4
 247              	.L13:
 248              	.LCFI7:
 249              		.cfi_restore_state
 104:Core/Src/adc.c ****   }
 250              		.loc 1 104 5 is_stmt 1 view .LVU83
 251 0054 FFF7FEFF 		bl	Error_Handler
 252              	.LVL6:
 253 0058 EEE7     		b	.L10
 254              	.L14:
 113:Core/Src/adc.c ****   }
 255              		.loc 1 113 5 view .LVU84
 256 005a FFF7FEFF 		bl	Error_Handler
 257              	.LVL7:
 258              		.loc 1 119 1 is_stmt 0 view .LVU85
 259 005e F6E7     		b	.L9
 260              	.L16:
 261              		.align	2
 262              	.L15:
 263 0060 00000000 		.word	hadc2
 264 0064 00210140 		.word	1073815808
 265 0068 0100000F 		.word	251658241
 266              		.cfi_endproc
 267              	.LFE236:
 269              		.section	.text.HAL_ADC_MspInit,"ax",%progbits
 270              		.align	1
 271              		.global	HAL_ADC_MspInit
 272              		.syntax unified
 273              		.thumb
 274              		.thumb_func
 275              		.fpu fpv4-sp-d16
 277              	HAL_ADC_MspInit:
 278              	.LVL8:
 279              	.LFB237:
 120:Core/Src/adc.c **** 
 121:Core/Src/adc.c **** void HAL_ADC_MspInit(ADC_HandleTypeDef* adcHandle)
ARM GAS  C:\Users\du4\AppData\Local\Temp\ccBogMAc.s 			page 8


 122:Core/Src/adc.c **** {
 280              		.loc 1 122 1 is_stmt 1 view -0
 281              		.cfi_startproc
 282              		@ args = 0, pretend = 0, frame = 32
 283              		@ frame_needed = 0, uses_anonymous_args = 0
 284              		.loc 1 122 1 is_stmt 0 view .LVU87
 285 0000 00B5     		push	{lr}
 286              	.LCFI8:
 287              		.cfi_def_cfa_offset 4
 288              		.cfi_offset 14, -4
 289 0002 89B0     		sub	sp, sp, #36
 290              	.LCFI9:
 291              		.cfi_def_cfa_offset 40
 123:Core/Src/adc.c **** 
 124:Core/Src/adc.c ****   GPIO_InitTypeDef GPIO_InitStruct = {0};
 292              		.loc 1 124 3 is_stmt 1 view .LVU88
 293              		.loc 1 124 20 is_stmt 0 view .LVU89
 294 0004 0023     		movs	r3, #0
 295 0006 0393     		str	r3, [sp, #12]
 296 0008 0493     		str	r3, [sp, #16]
 297 000a 0593     		str	r3, [sp, #20]
 298 000c 0693     		str	r3, [sp, #24]
 299 000e 0793     		str	r3, [sp, #28]
 125:Core/Src/adc.c ****   if(adcHandle->Instance==ADC1)
 300              		.loc 1 125 3 is_stmt 1 view .LVU90
 301              		.loc 1 125 15 is_stmt 0 view .LVU91
 302 0010 0368     		ldr	r3, [r0]
 303              		.loc 1 125 5 view .LVU92
 304 0012 1B4A     		ldr	r2, .L23
 305 0014 9342     		cmp	r3, r2
 306 0016 05D0     		beq	.L21
 126:Core/Src/adc.c ****   {
 127:Core/Src/adc.c ****   /* USER CODE BEGIN ADC1_MspInit 0 */
 128:Core/Src/adc.c **** 
 129:Core/Src/adc.c ****   /* USER CODE END ADC1_MspInit 0 */
 130:Core/Src/adc.c ****     /* ADC1 clock enable */
 131:Core/Src/adc.c ****     __HAL_RCC_ADC1_CLK_ENABLE();
 132:Core/Src/adc.c ****   /* USER CODE BEGIN ADC1_MspInit 1 */
 133:Core/Src/adc.c **** 
 134:Core/Src/adc.c ****   /* USER CODE END ADC1_MspInit 1 */
 135:Core/Src/adc.c ****   }
 136:Core/Src/adc.c ****   else if(adcHandle->Instance==ADC2)
 307              		.loc 1 136 8 is_stmt 1 view .LVU93
 308              		.loc 1 136 10 is_stmt 0 view .LVU94
 309 0018 1A4A     		ldr	r2, .L23+4
 310 001a 9342     		cmp	r3, r2
 311 001c 0FD0     		beq	.L22
 312              	.LVL9:
 313              	.L17:
 137:Core/Src/adc.c ****   {
 138:Core/Src/adc.c ****   /* USER CODE BEGIN ADC2_MspInit 0 */
 139:Core/Src/adc.c **** 
 140:Core/Src/adc.c ****   /* USER CODE END ADC2_MspInit 0 */
 141:Core/Src/adc.c ****     /* ADC2 clock enable */
 142:Core/Src/adc.c ****     __HAL_RCC_ADC2_CLK_ENABLE();
 143:Core/Src/adc.c **** 
 144:Core/Src/adc.c ****     __HAL_RCC_GPIOB_CLK_ENABLE();
ARM GAS  C:\Users\du4\AppData\Local\Temp\ccBogMAc.s 			page 9


 145:Core/Src/adc.c ****     /**ADC2 GPIO Configuration
 146:Core/Src/adc.c ****     PB0     ------> ADC2_IN8
 147:Core/Src/adc.c ****     */
 148:Core/Src/adc.c ****     GPIO_InitStruct.Pin = GPIO_PIN_0;
 149:Core/Src/adc.c ****     GPIO_InitStruct.Mode = GPIO_MODE_ANALOG;
 150:Core/Src/adc.c ****     GPIO_InitStruct.Pull = GPIO_NOPULL;
 151:Core/Src/adc.c ****     HAL_GPIO_Init(GPIOB, &GPIO_InitStruct);
 152:Core/Src/adc.c **** 
 153:Core/Src/adc.c ****   /* USER CODE BEGIN ADC2_MspInit 1 */
 154:Core/Src/adc.c **** 
 155:Core/Src/adc.c ****   /* USER CODE END ADC2_MspInit 1 */
 156:Core/Src/adc.c ****   }
 157:Core/Src/adc.c **** }
 314              		.loc 1 157 1 view .LVU95
 315 001e 09B0     		add	sp, sp, #36
 316              	.LCFI10:
 317              		.cfi_remember_state
 318              		.cfi_def_cfa_offset 4
 319              		@ sp needed
 320 0020 5DF804FB 		ldr	pc, [sp], #4
 321              	.LVL10:
 322              	.L21:
 323              	.LCFI11:
 324              		.cfi_restore_state
 131:Core/Src/adc.c ****   /* USER CODE BEGIN ADC1_MspInit 1 */
 325              		.loc 1 131 5 is_stmt 1 view .LVU96
 326              	.LBB2:
 131:Core/Src/adc.c ****   /* USER CODE BEGIN ADC1_MspInit 1 */
 327              		.loc 1 131 5 view .LVU97
 328 0024 0023     		movs	r3, #0
 329 0026 0093     		str	r3, [sp]
 131:Core/Src/adc.c ****   /* USER CODE BEGIN ADC1_MspInit 1 */
 330              		.loc 1 131 5 view .LVU98
 331 0028 174B     		ldr	r3, .L23+8
 332 002a 5A6C     		ldr	r2, [r3, #68]
 333 002c 42F48072 		orr	r2, r2, #256
 334 0030 5A64     		str	r2, [r3, #68]
 131:Core/Src/adc.c ****   /* USER CODE BEGIN ADC1_MspInit 1 */
 335              		.loc 1 131 5 view .LVU99
 336 0032 5B6C     		ldr	r3, [r3, #68]
 337 0034 03F48073 		and	r3, r3, #256
 338 0038 0093     		str	r3, [sp]
 131:Core/Src/adc.c ****   /* USER CODE BEGIN ADC1_MspInit 1 */
 339              		.loc 1 131 5 view .LVU100
 340 003a 009B     		ldr	r3, [sp]
 341              	.LBE2:
 131:Core/Src/adc.c ****   /* USER CODE BEGIN ADC1_MspInit 1 */
 342              		.loc 1 131 5 view .LVU101
 343 003c EFE7     		b	.L17
 344              	.L22:
 142:Core/Src/adc.c **** 
 345              		.loc 1 142 5 view .LVU102
 346              	.LBB3:
 142:Core/Src/adc.c **** 
 347              		.loc 1 142 5 view .LVU103
 348 003e 0022     		movs	r2, #0
 349 0040 0192     		str	r2, [sp, #4]
ARM GAS  C:\Users\du4\AppData\Local\Temp\ccBogMAc.s 			page 10


 142:Core/Src/adc.c **** 
 350              		.loc 1 142 5 view .LVU104
 351 0042 114B     		ldr	r3, .L23+8
 352 0044 596C     		ldr	r1, [r3, #68]
 353 0046 41F40071 		orr	r1, r1, #512
 354 004a 5964     		str	r1, [r3, #68]
 142:Core/Src/adc.c **** 
 355              		.loc 1 142 5 view .LVU105
 356 004c 596C     		ldr	r1, [r3, #68]
 357 004e 01F40071 		and	r1, r1, #512
 358 0052 0191     		str	r1, [sp, #4]
 142:Core/Src/adc.c **** 
 359              		.loc 1 142 5 view .LVU106
 360 0054 0199     		ldr	r1, [sp, #4]
 361              	.LBE3:
 142:Core/Src/adc.c **** 
 362              		.loc 1 142 5 view .LVU107
 144:Core/Src/adc.c ****     /**ADC2 GPIO Configuration
 363              		.loc 1 144 5 view .LVU108
 364              	.LBB4:
 144:Core/Src/adc.c ****     /**ADC2 GPIO Configuration
 365              		.loc 1 144 5 view .LVU109
 366 0056 0292     		str	r2, [sp, #8]
 144:Core/Src/adc.c ****     /**ADC2 GPIO Configuration
 367              		.loc 1 144 5 view .LVU110
 368 0058 196B     		ldr	r1, [r3, #48]
 369 005a 41F00201 		orr	r1, r1, #2
 370 005e 1963     		str	r1, [r3, #48]
 144:Core/Src/adc.c ****     /**ADC2 GPIO Configuration
 371              		.loc 1 144 5 view .LVU111
 372 0060 1B6B     		ldr	r3, [r3, #48]
 373 0062 03F00203 		and	r3, r3, #2
 374 0066 0293     		str	r3, [sp, #8]
 144:Core/Src/adc.c ****     /**ADC2 GPIO Configuration
 375              		.loc 1 144 5 view .LVU112
 376 0068 029B     		ldr	r3, [sp, #8]
 377              	.LBE4:
 144:Core/Src/adc.c ****     /**ADC2 GPIO Configuration
 378              		.loc 1 144 5 view .LVU113
 148:Core/Src/adc.c ****     GPIO_InitStruct.Mode = GPIO_MODE_ANALOG;
 379              		.loc 1 148 5 view .LVU114
 148:Core/Src/adc.c ****     GPIO_InitStruct.Mode = GPIO_MODE_ANALOG;
 380              		.loc 1 148 25 is_stmt 0 view .LVU115
 381 006a 0123     		movs	r3, #1
 382 006c 0393     		str	r3, [sp, #12]
 149:Core/Src/adc.c ****     GPIO_InitStruct.Pull = GPIO_NOPULL;
 383              		.loc 1 149 5 is_stmt 1 view .LVU116
 149:Core/Src/adc.c ****     GPIO_InitStruct.Pull = GPIO_NOPULL;
 384              		.loc 1 149 26 is_stmt 0 view .LVU117
 385 006e 0323     		movs	r3, #3
 386 0070 0493     		str	r3, [sp, #16]
 150:Core/Src/adc.c ****     HAL_GPIO_Init(GPIOB, &GPIO_InitStruct);
 387              		.loc 1 150 5 is_stmt 1 view .LVU118
 150:Core/Src/adc.c ****     HAL_GPIO_Init(GPIOB, &GPIO_InitStruct);
 388              		.loc 1 150 26 is_stmt 0 view .LVU119
 389 0072 0592     		str	r2, [sp, #20]
 151:Core/Src/adc.c **** 
ARM GAS  C:\Users\du4\AppData\Local\Temp\ccBogMAc.s 			page 11


 390              		.loc 1 151 5 is_stmt 1 view .LVU120
 391 0074 03A9     		add	r1, sp, #12
 392 0076 0548     		ldr	r0, .L23+12
 393              	.LVL11:
 151:Core/Src/adc.c **** 
 394              		.loc 1 151 5 is_stmt 0 view .LVU121
 395 0078 FFF7FEFF 		bl	HAL_GPIO_Init
 396              	.LVL12:
 397              		.loc 1 157 1 view .LVU122
 398 007c CFE7     		b	.L17
 399              	.L24:
 400 007e 00BF     		.align	2
 401              	.L23:
 402 0080 00200140 		.word	1073815552
 403 0084 00210140 		.word	1073815808
 404 0088 00380240 		.word	1073887232
 405 008c 00040240 		.word	1073873920
 406              		.cfi_endproc
 407              	.LFE237:
 409              		.section	.text.HAL_ADC_MspDeInit,"ax",%progbits
 410              		.align	1
 411              		.global	HAL_ADC_MspDeInit
 412              		.syntax unified
 413              		.thumb
 414              		.thumb_func
 415              		.fpu fpv4-sp-d16
 417              	HAL_ADC_MspDeInit:
 418              	.LVL13:
 419              	.LFB238:
 158:Core/Src/adc.c **** 
 159:Core/Src/adc.c **** void HAL_ADC_MspDeInit(ADC_HandleTypeDef* adcHandle)
 160:Core/Src/adc.c **** {
 420              		.loc 1 160 1 is_stmt 1 view -0
 421              		.cfi_startproc
 422              		@ args = 0, pretend = 0, frame = 0
 423              		@ frame_needed = 0, uses_anonymous_args = 0
 424              		.loc 1 160 1 is_stmt 0 view .LVU124
 425 0000 08B5     		push	{r3, lr}
 426              	.LCFI12:
 427              		.cfi_def_cfa_offset 8
 428              		.cfi_offset 3, -8
 429              		.cfi_offset 14, -4
 161:Core/Src/adc.c **** 
 162:Core/Src/adc.c ****   if(adcHandle->Instance==ADC1)
 430              		.loc 1 162 3 is_stmt 1 view .LVU125
 431              		.loc 1 162 15 is_stmt 0 view .LVU126
 432 0002 0368     		ldr	r3, [r0]
 433              		.loc 1 162 5 view .LVU127
 434 0004 0B4A     		ldr	r2, .L31
 435 0006 9342     		cmp	r3, r2
 436 0008 03D0     		beq	.L29
 163:Core/Src/adc.c ****   {
 164:Core/Src/adc.c ****   /* USER CODE BEGIN ADC1_MspDeInit 0 */
 165:Core/Src/adc.c **** 
 166:Core/Src/adc.c ****   /* USER CODE END ADC1_MspDeInit 0 */
 167:Core/Src/adc.c ****     /* Peripheral clock disable */
 168:Core/Src/adc.c ****     __HAL_RCC_ADC1_CLK_DISABLE();
ARM GAS  C:\Users\du4\AppData\Local\Temp\ccBogMAc.s 			page 12


 169:Core/Src/adc.c ****   /* USER CODE BEGIN ADC1_MspDeInit 1 */
 170:Core/Src/adc.c **** 
 171:Core/Src/adc.c ****   /* USER CODE END ADC1_MspDeInit 1 */
 172:Core/Src/adc.c ****   }
 173:Core/Src/adc.c ****   else if(adcHandle->Instance==ADC2)
 437              		.loc 1 173 8 is_stmt 1 view .LVU128
 438              		.loc 1 173 10 is_stmt 0 view .LVU129
 439 000a 0B4A     		ldr	r2, .L31+4
 440 000c 9342     		cmp	r3, r2
 441 000e 07D0     		beq	.L30
 442              	.LVL14:
 443              	.L25:
 174:Core/Src/adc.c ****   {
 175:Core/Src/adc.c ****   /* USER CODE BEGIN ADC2_MspDeInit 0 */
 176:Core/Src/adc.c **** 
 177:Core/Src/adc.c ****   /* USER CODE END ADC2_MspDeInit 0 */
 178:Core/Src/adc.c ****     /* Peripheral clock disable */
 179:Core/Src/adc.c ****     __HAL_RCC_ADC2_CLK_DISABLE();
 180:Core/Src/adc.c **** 
 181:Core/Src/adc.c ****     /**ADC2 GPIO Configuration
 182:Core/Src/adc.c ****     PB0     ------> ADC2_IN8
 183:Core/Src/adc.c ****     */
 184:Core/Src/adc.c ****     HAL_GPIO_DeInit(GPIOB, GPIO_PIN_0);
 185:Core/Src/adc.c **** 
 186:Core/Src/adc.c ****   /* USER CODE BEGIN ADC2_MspDeInit 1 */
 187:Core/Src/adc.c **** 
 188:Core/Src/adc.c ****   /* USER CODE END ADC2_MspDeInit 1 */
 189:Core/Src/adc.c ****   }
 190:Core/Src/adc.c **** }
 444              		.loc 1 190 1 view .LVU130
 445 0010 08BD     		pop	{r3, pc}
 446              	.LVL15:
 447              	.L29:
 168:Core/Src/adc.c ****   /* USER CODE BEGIN ADC1_MspDeInit 1 */
 448              		.loc 1 168 5 is_stmt 1 view .LVU131
 449 0012 02F58C32 		add	r2, r2, #71680
 450 0016 536C     		ldr	r3, [r2, #68]
 451 0018 23F48073 		bic	r3, r3, #256
 452 001c 5364     		str	r3, [r2, #68]
 453 001e F7E7     		b	.L25
 454              	.L30:
 179:Core/Src/adc.c **** 
 455              		.loc 1 179 5 view .LVU132
 456 0020 064A     		ldr	r2, .L31+8
 457 0022 536C     		ldr	r3, [r2, #68]
 458 0024 23F40073 		bic	r3, r3, #512
 459 0028 5364     		str	r3, [r2, #68]
 184:Core/Src/adc.c **** 
 460              		.loc 1 184 5 view .LVU133
 461 002a 0121     		movs	r1, #1
 462 002c 0448     		ldr	r0, .L31+12
 463              	.LVL16:
 184:Core/Src/adc.c **** 
 464              		.loc 1 184 5 is_stmt 0 view .LVU134
 465 002e FFF7FEFF 		bl	HAL_GPIO_DeInit
 466              	.LVL17:
 467              		.loc 1 190 1 view .LVU135
ARM GAS  C:\Users\du4\AppData\Local\Temp\ccBogMAc.s 			page 13


 468 0032 EDE7     		b	.L25
 469              	.L32:
 470              		.align	2
 471              	.L31:
 472 0034 00200140 		.word	1073815552
 473 0038 00210140 		.word	1073815808
 474 003c 00380240 		.word	1073887232
 475 0040 00040240 		.word	1073873920
 476              		.cfi_endproc
 477              	.LFE238:
 479              		.comm	hadc2,72,4
 480              		.comm	hadc1,72,4
 481              		.text
 482              	.Letext0:
 483              		.file 2 "c:\\vscodeproject\\software\\arm_gcc\\arm-none-eabi\\include\\machine\\_default_types.h"
 484              		.file 3 "c:\\vscodeproject\\software\\arm_gcc\\arm-none-eabi\\include\\sys\\_stdint.h"
 485              		.file 4 "Drivers/CMSIS/Include/core_cm4.h"
 486              		.file 5 "Drivers/CMSIS/Device/ST/STM32F4xx/Include/system_stm32f4xx.h"
 487              		.file 6 "Drivers/CMSIS/Device/ST/STM32F4xx/Include/stm32f407xx.h"
 488              		.file 7 "Drivers/CMSIS/Device/ST/STM32F4xx/Include/stm32f4xx.h"
 489              		.file 8 "Drivers/STM32F4xx_HAL_Driver/Inc/stm32f4xx_hal_def.h"
 490              		.file 9 "Drivers/STM32F4xx_HAL_Driver/Inc/stm32f4xx_hal_gpio.h"
 491              		.file 10 "Drivers/STM32F4xx_HAL_Driver/Inc/stm32f4xx_hal_dma.h"
 492              		.file 11 "Drivers/STM32F4xx_HAL_Driver/Inc/stm32f4xx_hal_adc.h"
 493              		.file 12 "Drivers/STM32F4xx_HAL_Driver/Inc/stm32f4xx_hal.h"
 494              		.file 13 "Core/Inc/adc.h"
 495              		.file 14 "Core/Inc/main.h"
ARM GAS  C:\Users\du4\AppData\Local\Temp\ccBogMAc.s 			page 14


DEFINED SYMBOLS
                            *ABS*:0000000000000000 adc.c
C:\Users\du4\AppData\Local\Temp\ccBogMAc.s:18     .text.MX_ADC1_Init:0000000000000000 $t
C:\Users\du4\AppData\Local\Temp\ccBogMAc.s:26     .text.MX_ADC1_Init:0000000000000000 MX_ADC1_Init
C:\Users\du4\AppData\Local\Temp\ccBogMAc.s:138    .text.MX_ADC1_Init:0000000000000060 $d
                            *COM*:0000000000000048 hadc1
C:\Users\du4\AppData\Local\Temp\ccBogMAc.s:145    .text.MX_ADC2_Init:0000000000000000 $t
C:\Users\du4\AppData\Local\Temp\ccBogMAc.s:152    .text.MX_ADC2_Init:0000000000000000 MX_ADC2_Init
C:\Users\du4\AppData\Local\Temp\ccBogMAc.s:263    .text.MX_ADC2_Init:0000000000000060 $d
                            *COM*:0000000000000048 hadc2
C:\Users\du4\AppData\Local\Temp\ccBogMAc.s:270    .text.HAL_ADC_MspInit:0000000000000000 $t
C:\Users\du4\AppData\Local\Temp\ccBogMAc.s:277    .text.HAL_ADC_MspInit:0000000000000000 HAL_ADC_MspInit
C:\Users\du4\AppData\Local\Temp\ccBogMAc.s:402    .text.HAL_ADC_MspInit:0000000000000080 $d
C:\Users\du4\AppData\Local\Temp\ccBogMAc.s:410    .text.HAL_ADC_MspDeInit:0000000000000000 $t
C:\Users\du4\AppData\Local\Temp\ccBogMAc.s:417    .text.HAL_ADC_MspDeInit:0000000000000000 HAL_ADC_MspDeInit
C:\Users\du4\AppData\Local\Temp\ccBogMAc.s:472    .text.HAL_ADC_MspDeInit:0000000000000034 $d

UNDEFINED SYMBOLS
HAL_ADC_Init
HAL_ADC_ConfigChannel
Error_Handler
HAL_GPIO_Init
HAL_GPIO_DeInit
