ARM GAS  C:\Users\du4\AppData\Local\Temp\ccWGwYgV.s 			page 1


   1              		.cpu cortex-m4
   2              		.eabi_attribute 27, 1
   3              		.eabi_attribute 28, 1
   4              		.eabi_attribute 20, 1
   5              		.eabi_attribute 21, 1
   6              		.eabi_attribute 23, 3
   7              		.eabi_attribute 24, 1
   8              		.eabi_attribute 25, 1
   9              		.eabi_attribute 26, 1
  10              		.eabi_attribute 30, 1
  11              		.eabi_attribute 34, 1
  12              		.eabi_attribute 18, 4
  13              		.file	"mbfuncdisc.c"
  14              		.text
  15              	.Ltext0:
  16              		.cfi_sections	.debug_frame
  17              		.section	.text.eMBFuncReadDiscreteInputs,"ax",%progbits
  18              		.align	1
  19              		.global	eMBFuncReadDiscreteInputs
  20              		.arch armv7e-m
  21              		.syntax unified
  22              		.thumb
  23              		.thumb_func
  24              		.fpu fpv4-sp-d16
  26              	eMBFuncReadDiscreteInputs:
  27              	.LVL0:
  28              	.LFB130:
  29              		.file 1 "Drivers/FreeModbus/functions/mbfuncdisc.c"
   1:Drivers/FreeModbus/functions/mbfuncdisc.c **** /* 
   2:Drivers/FreeModbus/functions/mbfuncdisc.c ****  * FreeModbus Libary: A portable Modbus implementation for Modbus ASCII/RTU.
   3:Drivers/FreeModbus/functions/mbfuncdisc.c ****  * Copyright (c) 2006-2018 Christian Walter <cwalter@embedded-solutions.at>
   4:Drivers/FreeModbus/functions/mbfuncdisc.c ****  * All rights reserved.
   5:Drivers/FreeModbus/functions/mbfuncdisc.c ****  *
   6:Drivers/FreeModbus/functions/mbfuncdisc.c ****  * Redistribution and use in source and binary forms, with or without
   7:Drivers/FreeModbus/functions/mbfuncdisc.c ****  * modification, are permitted provided that the following conditions
   8:Drivers/FreeModbus/functions/mbfuncdisc.c ****  * are met:
   9:Drivers/FreeModbus/functions/mbfuncdisc.c ****  * 1. Redistributions of source code must retain the above copyright
  10:Drivers/FreeModbus/functions/mbfuncdisc.c ****  *    notice, this list of conditions and the following disclaimer.
  11:Drivers/FreeModbus/functions/mbfuncdisc.c ****  * 2. Redistributions in binary form must reproduce the above copyright
  12:Drivers/FreeModbus/functions/mbfuncdisc.c ****  *    notice, this list of conditions and the following disclaimer in the
  13:Drivers/FreeModbus/functions/mbfuncdisc.c ****  *    documentation and/or other materials provided with the distribution.
  14:Drivers/FreeModbus/functions/mbfuncdisc.c ****  * 3. The name of the author may not be used to endorse or promote products
  15:Drivers/FreeModbus/functions/mbfuncdisc.c ****  *    derived from this software without specific prior written permission.
  16:Drivers/FreeModbus/functions/mbfuncdisc.c ****  *
  17:Drivers/FreeModbus/functions/mbfuncdisc.c ****  * THIS SOFTWARE IS PROVIDED BY THE AUTHOR ``AS IS'' AND ANY EXPRESS OR
  18:Drivers/FreeModbus/functions/mbfuncdisc.c ****  * IMPLIED WARRANTIES, INCLUDING, BUT NOT LIMITED TO, THE IMPLIED WARRANTIES
  19:Drivers/FreeModbus/functions/mbfuncdisc.c ****  * OF MERCHANTABILITY AND FITNESS FOR A PARTICULAR PURPOSE ARE DISCLAIMED.
  20:Drivers/FreeModbus/functions/mbfuncdisc.c ****  * IN NO EVENT SHALL THE AUTHOR BE LIABLE FOR ANY DIRECT, INDIRECT,
  21:Drivers/FreeModbus/functions/mbfuncdisc.c ****  * INCIDENTAL, SPECIAL, EXEMPLARY, OR CONSEQUENTIAL DAMAGES (INCLUDING, BUT
  22:Drivers/FreeModbus/functions/mbfuncdisc.c ****  * NOT LIMITED TO, PROCUREMENT OF SUBSTITUTE GOODS OR SERVICES; LOSS OF USE,
  23:Drivers/FreeModbus/functions/mbfuncdisc.c ****  * DATA, OR PROFITS; OR BUSINESS INTERRUPTION) HOWEVER CAUSED AND ON ANY
  24:Drivers/FreeModbus/functions/mbfuncdisc.c ****  * THEORY OF LIABILITY, WHETHER IN CONTRACT, STRICT LIABILITY, OR TORT
  25:Drivers/FreeModbus/functions/mbfuncdisc.c ****  * (INCLUDING NEGLIGENCE OR OTHERWISE) ARISING IN ANY WAY OUT OF THE USE OF
  26:Drivers/FreeModbus/functions/mbfuncdisc.c ****  * THIS SOFTWARE, EVEN IF ADVISED OF THE POSSIBILITY OF SUCH DAMAGE.
  27:Drivers/FreeModbus/functions/mbfuncdisc.c ****  *
  28:Drivers/FreeModbus/functions/mbfuncdisc.c ****  */
  29:Drivers/FreeModbus/functions/mbfuncdisc.c **** 
ARM GAS  C:\Users\du4\AppData\Local\Temp\ccWGwYgV.s 			page 2


  30:Drivers/FreeModbus/functions/mbfuncdisc.c **** /* ----------------------- System includes ----------------------------------*/
  31:Drivers/FreeModbus/functions/mbfuncdisc.c **** #include "stdlib.h"
  32:Drivers/FreeModbus/functions/mbfuncdisc.c **** #include "string.h"
  33:Drivers/FreeModbus/functions/mbfuncdisc.c **** 
  34:Drivers/FreeModbus/functions/mbfuncdisc.c **** /* ----------------------- Platform includes --------------------------------*/
  35:Drivers/FreeModbus/functions/mbfuncdisc.c **** #include "port.h"
  36:Drivers/FreeModbus/functions/mbfuncdisc.c **** 
  37:Drivers/FreeModbus/functions/mbfuncdisc.c **** /* ----------------------- Modbus includes ----------------------------------*/
  38:Drivers/FreeModbus/functions/mbfuncdisc.c **** #include "mb.h"
  39:Drivers/FreeModbus/functions/mbfuncdisc.c **** #include "mbframe.h"
  40:Drivers/FreeModbus/functions/mbfuncdisc.c **** #include "mbproto.h"
  41:Drivers/FreeModbus/functions/mbfuncdisc.c **** #include "mbconfig.h"
  42:Drivers/FreeModbus/functions/mbfuncdisc.c **** 
  43:Drivers/FreeModbus/functions/mbfuncdisc.c **** /* ----------------------- Defines ------------------------------------------*/
  44:Drivers/FreeModbus/functions/mbfuncdisc.c **** #define MB_PDU_FUNC_READ_ADDR_OFF           ( MB_PDU_DATA_OFF )
  45:Drivers/FreeModbus/functions/mbfuncdisc.c **** #define MB_PDU_FUNC_READ_DISCCNT_OFF        ( MB_PDU_DATA_OFF + 2 )
  46:Drivers/FreeModbus/functions/mbfuncdisc.c **** #define MB_PDU_FUNC_READ_SIZE               ( 4 )
  47:Drivers/FreeModbus/functions/mbfuncdisc.c **** #define MB_PDU_FUNC_READ_DISCCNT_MAX        ( 0x07D0 )
  48:Drivers/FreeModbus/functions/mbfuncdisc.c **** 
  49:Drivers/FreeModbus/functions/mbfuncdisc.c **** /* ----------------------- Static functions ---------------------------------*/
  50:Drivers/FreeModbus/functions/mbfuncdisc.c **** eMBException    prveMBError2Exception( eMBErrorCode eErrorCode );
  51:Drivers/FreeModbus/functions/mbfuncdisc.c **** 
  52:Drivers/FreeModbus/functions/mbfuncdisc.c **** /* ----------------------- Start implementation -----------------------------*/
  53:Drivers/FreeModbus/functions/mbfuncdisc.c **** 
  54:Drivers/FreeModbus/functions/mbfuncdisc.c **** #if MB_FUNC_READ_COILS_ENABLED > 0
  55:Drivers/FreeModbus/functions/mbfuncdisc.c **** 
  56:Drivers/FreeModbus/functions/mbfuncdisc.c **** eMBException
  57:Drivers/FreeModbus/functions/mbfuncdisc.c **** eMBFuncReadDiscreteInputs( UCHAR * pucFrame, USHORT * usLen )
  58:Drivers/FreeModbus/functions/mbfuncdisc.c **** {
  30              		.loc 1 58 1 view -0
  31              		.cfi_startproc
  32              		@ args = 0, pretend = 0, frame = 0
  33              		@ frame_needed = 0, uses_anonymous_args = 0
  34              		.loc 1 58 1 is_stmt 0 view .LVU1
  35 0000 38B5     		push	{r3, r4, r5, lr}
  36              	.LCFI0:
  37              		.cfi_def_cfa_offset 16
  38              		.cfi_offset 3, -16
  39              		.cfi_offset 4, -12
  40              		.cfi_offset 5, -8
  41              		.cfi_offset 14, -4
  59:Drivers/FreeModbus/functions/mbfuncdisc.c ****     USHORT          usRegAddress;
  42              		.loc 1 59 5 is_stmt 1 view .LVU2
  60:Drivers/FreeModbus/functions/mbfuncdisc.c ****     USHORT          usDiscreteCnt;
  43              		.loc 1 60 5 view .LVU3
  61:Drivers/FreeModbus/functions/mbfuncdisc.c ****     UCHAR           ucNBytes;
  44              		.loc 1 61 5 view .LVU4
  62:Drivers/FreeModbus/functions/mbfuncdisc.c ****     UCHAR          *pucFrameCur;
  45              		.loc 1 62 5 view .LVU5
  63:Drivers/FreeModbus/functions/mbfuncdisc.c **** 
  64:Drivers/FreeModbus/functions/mbfuncdisc.c ****     eMBException    eStatus = MB_EX_NONE;
  46              		.loc 1 64 5 view .LVU6
  47              	.LVL1:
  65:Drivers/FreeModbus/functions/mbfuncdisc.c ****     eMBErrorCode    eRegStatus;
  48              		.loc 1 65 5 view .LVU7
  66:Drivers/FreeModbus/functions/mbfuncdisc.c **** 
  67:Drivers/FreeModbus/functions/mbfuncdisc.c ****     if( *usLen == ( MB_PDU_FUNC_READ_SIZE + MB_PDU_SIZE_MIN ) )
ARM GAS  C:\Users\du4\AppData\Local\Temp\ccWGwYgV.s 			page 3


  49              		.loc 1 67 5 view .LVU8
  50              		.loc 1 67 9 is_stmt 0 view .LVU9
  51 0002 0B88     		ldrh	r3, [r1]
  52              		.loc 1 67 7 view .LVU10
  53 0004 052B     		cmp	r3, #5
  54 0006 01D0     		beq	.L9
  68:Drivers/FreeModbus/functions/mbfuncdisc.c ****     {
  69:Drivers/FreeModbus/functions/mbfuncdisc.c ****         usRegAddress = ( USHORT )( pucFrame[MB_PDU_FUNC_READ_ADDR_OFF] << 8 );
  70:Drivers/FreeModbus/functions/mbfuncdisc.c ****         usRegAddress |= ( USHORT )( pucFrame[MB_PDU_FUNC_READ_ADDR_OFF + 1] );
  71:Drivers/FreeModbus/functions/mbfuncdisc.c ****         usRegAddress++;
  72:Drivers/FreeModbus/functions/mbfuncdisc.c **** 
  73:Drivers/FreeModbus/functions/mbfuncdisc.c ****         usDiscreteCnt = ( USHORT )( pucFrame[MB_PDU_FUNC_READ_DISCCNT_OFF] << 8 );
  74:Drivers/FreeModbus/functions/mbfuncdisc.c ****         usDiscreteCnt |= ( USHORT )( pucFrame[MB_PDU_FUNC_READ_DISCCNT_OFF + 1] );
  75:Drivers/FreeModbus/functions/mbfuncdisc.c **** 
  76:Drivers/FreeModbus/functions/mbfuncdisc.c ****         /* Check if the number of registers to read is valid. If not
  77:Drivers/FreeModbus/functions/mbfuncdisc.c ****          * return Modbus illegal data value exception. 
  78:Drivers/FreeModbus/functions/mbfuncdisc.c ****          */
  79:Drivers/FreeModbus/functions/mbfuncdisc.c ****         if( ( usDiscreteCnt >= 1 ) &&
  80:Drivers/FreeModbus/functions/mbfuncdisc.c ****             ( usDiscreteCnt < MB_PDU_FUNC_READ_DISCCNT_MAX ) )
  81:Drivers/FreeModbus/functions/mbfuncdisc.c ****         {
  82:Drivers/FreeModbus/functions/mbfuncdisc.c ****             /* Set the current PDU data pointer to the beginning. */
  83:Drivers/FreeModbus/functions/mbfuncdisc.c ****             pucFrameCur = &pucFrame[MB_PDU_FUNC_OFF];
  84:Drivers/FreeModbus/functions/mbfuncdisc.c ****             *usLen = MB_PDU_FUNC_OFF;
  85:Drivers/FreeModbus/functions/mbfuncdisc.c **** 
  86:Drivers/FreeModbus/functions/mbfuncdisc.c ****             /* First byte contains the function code. */
  87:Drivers/FreeModbus/functions/mbfuncdisc.c ****             *pucFrameCur++ = MB_FUNC_READ_DISCRETE_INPUTS;
  88:Drivers/FreeModbus/functions/mbfuncdisc.c ****             *usLen += 1;
  89:Drivers/FreeModbus/functions/mbfuncdisc.c **** 
  90:Drivers/FreeModbus/functions/mbfuncdisc.c ****             /* Test if the quantity of coils is a multiple of 8. If not last
  91:Drivers/FreeModbus/functions/mbfuncdisc.c ****              * byte is only partially field with unused coils set to zero. */
  92:Drivers/FreeModbus/functions/mbfuncdisc.c ****             if( ( usDiscreteCnt & 0x0007 ) != 0 )
  93:Drivers/FreeModbus/functions/mbfuncdisc.c ****             {
  94:Drivers/FreeModbus/functions/mbfuncdisc.c ****                 ucNBytes = ( UCHAR ) ( usDiscreteCnt / 8 + 1 );
  95:Drivers/FreeModbus/functions/mbfuncdisc.c ****             }
  96:Drivers/FreeModbus/functions/mbfuncdisc.c ****             else
  97:Drivers/FreeModbus/functions/mbfuncdisc.c ****             {
  98:Drivers/FreeModbus/functions/mbfuncdisc.c ****                 ucNBytes = ( UCHAR ) ( usDiscreteCnt / 8 );
  99:Drivers/FreeModbus/functions/mbfuncdisc.c ****             }
 100:Drivers/FreeModbus/functions/mbfuncdisc.c ****             *pucFrameCur++ = ucNBytes;
 101:Drivers/FreeModbus/functions/mbfuncdisc.c ****             *usLen += 1;
 102:Drivers/FreeModbus/functions/mbfuncdisc.c **** 
 103:Drivers/FreeModbus/functions/mbfuncdisc.c ****             eRegStatus =
 104:Drivers/FreeModbus/functions/mbfuncdisc.c ****                 eMBRegDiscreteCB( pucFrameCur, usRegAddress, usDiscreteCnt );
 105:Drivers/FreeModbus/functions/mbfuncdisc.c **** 
 106:Drivers/FreeModbus/functions/mbfuncdisc.c ****             /* If an error occured convert it into a Modbus exception. */
 107:Drivers/FreeModbus/functions/mbfuncdisc.c ****             if( eRegStatus != MB_ENOERR )
 108:Drivers/FreeModbus/functions/mbfuncdisc.c ****             {
 109:Drivers/FreeModbus/functions/mbfuncdisc.c ****                 eStatus = prveMBError2Exception( eRegStatus );
 110:Drivers/FreeModbus/functions/mbfuncdisc.c ****             }
 111:Drivers/FreeModbus/functions/mbfuncdisc.c ****             else
 112:Drivers/FreeModbus/functions/mbfuncdisc.c ****             {
 113:Drivers/FreeModbus/functions/mbfuncdisc.c ****                 /* The response contains the function code, the starting address
 114:Drivers/FreeModbus/functions/mbfuncdisc.c ****                  * and the quantity of registers. We reuse the old values in the 
 115:Drivers/FreeModbus/functions/mbfuncdisc.c ****                  * buffer because they are still valid. */
 116:Drivers/FreeModbus/functions/mbfuncdisc.c ****                 *usLen += ucNBytes;;
 117:Drivers/FreeModbus/functions/mbfuncdisc.c ****             }
 118:Drivers/FreeModbus/functions/mbfuncdisc.c ****         }
ARM GAS  C:\Users\du4\AppData\Local\Temp\ccWGwYgV.s 			page 4


 119:Drivers/FreeModbus/functions/mbfuncdisc.c ****         else
 120:Drivers/FreeModbus/functions/mbfuncdisc.c ****         {
 121:Drivers/FreeModbus/functions/mbfuncdisc.c ****             eStatus = MB_EX_ILLEGAL_DATA_VALUE;
 122:Drivers/FreeModbus/functions/mbfuncdisc.c ****         }
 123:Drivers/FreeModbus/functions/mbfuncdisc.c ****     }
 124:Drivers/FreeModbus/functions/mbfuncdisc.c ****     else
 125:Drivers/FreeModbus/functions/mbfuncdisc.c ****     {
 126:Drivers/FreeModbus/functions/mbfuncdisc.c ****         /* Can't be a valid read coil register request because the length
 127:Drivers/FreeModbus/functions/mbfuncdisc.c ****          * is incorrect. */
 128:Drivers/FreeModbus/functions/mbfuncdisc.c ****         eStatus = MB_EX_ILLEGAL_DATA_VALUE;
  55              		.loc 1 128 17 view .LVU11
  56 0008 0320     		movs	r0, #3
  57              	.LVL2:
  58              	.L2:
 129:Drivers/FreeModbus/functions/mbfuncdisc.c ****     }
 130:Drivers/FreeModbus/functions/mbfuncdisc.c ****     return eStatus;
  59              		.loc 1 130 5 is_stmt 1 view .LVU12
 131:Drivers/FreeModbus/functions/mbfuncdisc.c **** }
  60              		.loc 1 131 1 is_stmt 0 view .LVU13
  61 000a 38BD     		pop	{r3, r4, r5, pc}
  62              	.LVL3:
  63              	.L9:
  64              		.loc 1 131 1 view .LVU14
  65 000c 0C46     		mov	r4, r1
  69:Drivers/FreeModbus/functions/mbfuncdisc.c ****         usRegAddress |= ( USHORT )( pucFrame[MB_PDU_FUNC_READ_ADDR_OFF + 1] );
  66              		.loc 1 69 9 is_stmt 1 view .LVU15
  69:Drivers/FreeModbus/functions/mbfuncdisc.c ****         usRegAddress |= ( USHORT )( pucFrame[MB_PDU_FUNC_READ_ADDR_OFF + 1] );
  67              		.loc 1 69 44 is_stmt 0 view .LVU16
  68 000e 4378     		ldrb	r3, [r0, #1]	@ zero_extendqisi2
  69              	.LVL4:
  70:Drivers/FreeModbus/functions/mbfuncdisc.c ****         usRegAddress++;
  70              		.loc 1 70 9 is_stmt 1 view .LVU17
  70:Drivers/FreeModbus/functions/mbfuncdisc.c ****         usRegAddress++;
  71              		.loc 1 70 45 is_stmt 0 view .LVU18
  72 0010 8178     		ldrb	r1, [r0, #2]	@ zero_extendqisi2
  73              	.LVL5:
  70:Drivers/FreeModbus/functions/mbfuncdisc.c ****         usRegAddress++;
  74              		.loc 1 70 22 view .LVU19
  75 0012 41EA0321 		orr	r1, r1, r3, lsl #8
  76              	.LVL6:
  71:Drivers/FreeModbus/functions/mbfuncdisc.c **** 
  77              		.loc 1 71 9 is_stmt 1 view .LVU20
  71:Drivers/FreeModbus/functions/mbfuncdisc.c **** 
  78              		.loc 1 71 21 is_stmt 0 view .LVU21
  79 0016 0131     		adds	r1, r1, #1
  80              	.LVL7:
  71:Drivers/FreeModbus/functions/mbfuncdisc.c **** 
  81              		.loc 1 71 21 view .LVU22
  82 0018 89B2     		uxth	r1, r1
  83              	.LVL8:
  73:Drivers/FreeModbus/functions/mbfuncdisc.c ****         usDiscreteCnt |= ( USHORT )( pucFrame[MB_PDU_FUNC_READ_DISCCNT_OFF + 1] );
  84              		.loc 1 73 9 is_stmt 1 view .LVU23
  73:Drivers/FreeModbus/functions/mbfuncdisc.c ****         usDiscreteCnt |= ( USHORT )( pucFrame[MB_PDU_FUNC_READ_DISCCNT_OFF + 1] );
  85              		.loc 1 73 45 is_stmt 0 view .LVU24
  86 001a C378     		ldrb	r3, [r0, #3]	@ zero_extendqisi2
  87              	.LVL9:
  74:Drivers/FreeModbus/functions/mbfuncdisc.c **** 
ARM GAS  C:\Users\du4\AppData\Local\Temp\ccWGwYgV.s 			page 5


  88              		.loc 1 74 9 is_stmt 1 view .LVU25
  74:Drivers/FreeModbus/functions/mbfuncdisc.c **** 
  89              		.loc 1 74 46 is_stmt 0 view .LVU26
  90 001c 0279     		ldrb	r2, [r0, #4]	@ zero_extendqisi2
  74:Drivers/FreeModbus/functions/mbfuncdisc.c **** 
  91              		.loc 1 74 23 view .LVU27
  92 001e 42EA0322 		orr	r2, r2, r3, lsl #8
  93              	.LVL10:
  79:Drivers/FreeModbus/functions/mbfuncdisc.c ****             ( usDiscreteCnt < MB_PDU_FUNC_READ_DISCCNT_MAX ) )
  94              		.loc 1 79 9 is_stmt 1 view .LVU28
  79:Drivers/FreeModbus/functions/mbfuncdisc.c ****             ( usDiscreteCnt < MB_PDU_FUNC_READ_DISCCNT_MAX ) )
  95              		.loc 1 79 36 is_stmt 0 view .LVU29
  96 0022 531E     		subs	r3, r2, #1
  97 0024 9BB2     		uxth	r3, r3
  79:Drivers/FreeModbus/functions/mbfuncdisc.c ****             ( usDiscreteCnt < MB_PDU_FUNC_READ_DISCCNT_MAX ) )
  98              		.loc 1 79 11 view .LVU30
  99 0026 40F2CE75 		movw	r5, #1998
 100 002a AB42     		cmp	r3, r5
 101 002c 1FD8     		bhi	.L7
  83:Drivers/FreeModbus/functions/mbfuncdisc.c ****             *usLen = MB_PDU_FUNC_OFF;
 102              		.loc 1 83 13 is_stmt 1 view .LVU31
 103              	.LVL11:
  84:Drivers/FreeModbus/functions/mbfuncdisc.c **** 
 104              		.loc 1 84 13 view .LVU32
  84:Drivers/FreeModbus/functions/mbfuncdisc.c **** 
 105              		.loc 1 84 20 is_stmt 0 view .LVU33
 106 002e 0023     		movs	r3, #0
 107 0030 2380     		strh	r3, [r4]	@ movhi
  87:Drivers/FreeModbus/functions/mbfuncdisc.c ****             *usLen += 1;
 108              		.loc 1 87 13 is_stmt 1 view .LVU34
 109              	.LVL12:
  87:Drivers/FreeModbus/functions/mbfuncdisc.c ****             *usLen += 1;
 110              		.loc 1 87 28 is_stmt 0 view .LVU35
 111 0032 0223     		movs	r3, #2
 112 0034 0370     		strb	r3, [r0]
  88:Drivers/FreeModbus/functions/mbfuncdisc.c **** 
 113              		.loc 1 88 13 is_stmt 1 view .LVU36
  88:Drivers/FreeModbus/functions/mbfuncdisc.c **** 
 114              		.loc 1 88 20 is_stmt 0 view .LVU37
 115 0036 2388     		ldrh	r3, [r4]
 116 0038 0133     		adds	r3, r3, #1
 117 003a 2380     		strh	r3, [r4]	@ movhi
  92:Drivers/FreeModbus/functions/mbfuncdisc.c ****             {
 118              		.loc 1 92 13 is_stmt 1 view .LVU38
  92:Drivers/FreeModbus/functions/mbfuncdisc.c ****             {
 119              		.loc 1 92 15 is_stmt 0 view .LVU39
 120 003c 12F0070F 		tst	r2, #7
 121 0040 0FD0     		beq	.L3
  94:Drivers/FreeModbus/functions/mbfuncdisc.c ****             }
 122              		.loc 1 94 17 is_stmt 1 view .LVU40
  94:Drivers/FreeModbus/functions/mbfuncdisc.c ****             }
 123              		.loc 1 94 28 is_stmt 0 view .LVU41
 124 0042 C2F3C703 		ubfx	r3, r2, #3, #8
  94:Drivers/FreeModbus/functions/mbfuncdisc.c ****             }
 125              		.loc 1 94 26 view .LVU42
 126 0046 0133     		adds	r3, r3, #1
 127 0048 DDB2     		uxtb	r5, r3
ARM GAS  C:\Users\du4\AppData\Local\Temp\ccWGwYgV.s 			page 6


 128              	.LVL13:
 129              	.L4:
 100:Drivers/FreeModbus/functions/mbfuncdisc.c ****             *usLen += 1;
 130              		.loc 1 100 13 is_stmt 1 view .LVU43
 100:Drivers/FreeModbus/functions/mbfuncdisc.c ****             *usLen += 1;
 131              		.loc 1 100 28 is_stmt 0 view .LVU44
 132 004a 4570     		strb	r5, [r0, #1]
 101:Drivers/FreeModbus/functions/mbfuncdisc.c **** 
 133              		.loc 1 101 13 is_stmt 1 view .LVU45
 101:Drivers/FreeModbus/functions/mbfuncdisc.c **** 
 134              		.loc 1 101 20 is_stmt 0 view .LVU46
 135 004c 2388     		ldrh	r3, [r4]
 136 004e 0133     		adds	r3, r3, #1
 137 0050 2380     		strh	r3, [r4]	@ movhi
 103:Drivers/FreeModbus/functions/mbfuncdisc.c ****                 eMBRegDiscreteCB( pucFrameCur, usRegAddress, usDiscreteCnt );
 138              		.loc 1 103 13 is_stmt 1 view .LVU47
 104:Drivers/FreeModbus/functions/mbfuncdisc.c **** 
 139              		.loc 1 104 17 is_stmt 0 view .LVU48
 140 0052 0230     		adds	r0, r0, #2
 141              	.LVL14:
 104:Drivers/FreeModbus/functions/mbfuncdisc.c **** 
 142              		.loc 1 104 17 view .LVU49
 143 0054 FFF7FEFF 		bl	eMBRegDiscreteCB
 144              	.LVL15:
 107:Drivers/FreeModbus/functions/mbfuncdisc.c ****             {
 145              		.loc 1 107 13 is_stmt 1 view .LVU50
 107:Drivers/FreeModbus/functions/mbfuncdisc.c ****             {
 146              		.loc 1 107 15 is_stmt 0 view .LVU51
 147 0058 30B9     		cbnz	r0, .L10
 116:Drivers/FreeModbus/functions/mbfuncdisc.c ****             }
 148              		.loc 1 116 17 is_stmt 1 view .LVU52
 116:Drivers/FreeModbus/functions/mbfuncdisc.c ****             }
 149              		.loc 1 116 24 is_stmt 0 view .LVU53
 150 005a 2388     		ldrh	r3, [r4]
 151 005c 2B44     		add	r3, r3, r5
 152 005e 2380     		strh	r3, [r4]	@ movhi
 153 0060 D3E7     		b	.L2
 154              	.LVL16:
 155              	.L3:
  98:Drivers/FreeModbus/functions/mbfuncdisc.c ****             }
 156              		.loc 1 98 17 is_stmt 1 view .LVU54
  98:Drivers/FreeModbus/functions/mbfuncdisc.c ****             }
 157              		.loc 1 98 26 is_stmt 0 view .LVU55
 158 0062 C2F3C705 		ubfx	r5, r2, #3, #8
 159              	.LVL17:
  98:Drivers/FreeModbus/functions/mbfuncdisc.c ****             }
 160              		.loc 1 98 26 view .LVU56
 161 0066 F0E7     		b	.L4
 162              	.LVL18:
 163              	.L10:
 109:Drivers/FreeModbus/functions/mbfuncdisc.c ****             }
 164              		.loc 1 109 17 is_stmt 1 view .LVU57
 109:Drivers/FreeModbus/functions/mbfuncdisc.c ****             }
 165              		.loc 1 109 27 is_stmt 0 view .LVU58
 166 0068 FFF7FEFF 		bl	prveMBError2Exception
 167              	.LVL19:
 109:Drivers/FreeModbus/functions/mbfuncdisc.c ****             }
ARM GAS  C:\Users\du4\AppData\Local\Temp\ccWGwYgV.s 			page 7


 168              		.loc 1 109 27 view .LVU59
 169 006c CDE7     		b	.L2
 170              	.LVL20:
 171              	.L7:
 121:Drivers/FreeModbus/functions/mbfuncdisc.c ****         }
 172              		.loc 1 121 21 view .LVU60
 173 006e 0320     		movs	r0, #3
 174              	.LVL21:
 121:Drivers/FreeModbus/functions/mbfuncdisc.c ****         }
 175              		.loc 1 121 21 view .LVU61
 176 0070 CBE7     		b	.L2
 177              		.cfi_endproc
 178              	.LFE130:
 180              		.text
 181              	.Letext0:
 182              		.file 2 "c:\\vscodeproject\\software\\arm_gcc\\arm-none-eabi\\include\\machine\\_default_types.h"
 183              		.file 3 "c:\\vscodeproject\\software\\arm_gcc\\arm-none-eabi\\include\\sys\\lock.h"
 184              		.file 4 "c:\\vscodeproject\\software\\arm_gcc\\arm-none-eabi\\include\\sys\\_types.h"
 185              		.file 5 "c:\\vscodeproject\\software\\arm_gcc\\lib\\gcc\\arm-none-eabi\\9.2.1\\include\\stddef.h"
 186              		.file 6 "c:\\vscodeproject\\software\\arm_gcc\\arm-none-eabi\\include\\sys\\reent.h"
 187              		.file 7 "c:\\vscodeproject\\software\\arm_gcc\\arm-none-eabi\\include\\stdlib.h"
 188              		.file 8 "c:\\vscodeproject\\software\\arm_gcc\\arm-none-eabi\\include\\sys\\_stdint.h"
 189              		.file 9 "Drivers/CMSIS/Include/core_cm4.h"
 190              		.file 10 "Drivers/CMSIS/Device/ST/STM32F4xx/Include/system_stm32f4xx.h"
 191              		.file 11 "Drivers/STM32F4xx_HAL_Driver/Inc/stm32f4xx_hal.h"
 192              		.file 12 "Drivers/FreeModbus/port/port.h"
 193              		.file 13 "Drivers/FreeModbus/include/mbport.h"
 194              		.file 14 "Drivers/FreeModbus/include/mbproto.h"
 195              		.file 15 "Drivers/FreeModbus/include/mb.h"
ARM GAS  C:\Users\du4\AppData\Local\Temp\ccWGwYgV.s 			page 8


DEFINED SYMBOLS
                            *ABS*:0000000000000000 mbfuncdisc.c
C:\Users\du4\AppData\Local\Temp\ccWGwYgV.s:18     .text.eMBFuncReadDiscreteInputs:0000000000000000 $t
C:\Users\du4\AppData\Local\Temp\ccWGwYgV.s:26     .text.eMBFuncReadDiscreteInputs:0000000000000000 eMBFuncReadDiscreteInputs

UNDEFINED SYMBOLS
eMBRegDiscreteCB
prveMBError2Exception
