ARM GAS  C:\Users\du4\AppData\Local\Temp\cc2I95rV.s 			page 1


   1              		.cpu cortex-m4
   2              		.eabi_attribute 27, 1
   3              		.eabi_attribute 28, 1
   4              		.eabi_attribute 20, 1
   5              		.eabi_attribute 21, 1
   6              		.eabi_attribute 23, 3
   7              		.eabi_attribute 24, 1
   8              		.eabi_attribute 25, 1
   9              		.eabi_attribute 26, 1
  10              		.eabi_attribute 30, 1
  11              		.eabi_attribute 34, 1
  12              		.eabi_attribute 18, 4
  13              		.file	"mbfuncinput.c"
  14              		.text
  15              	.Ltext0:
  16              		.cfi_sections	.debug_frame
  17              		.section	.text.eMBFuncReadInputRegister,"ax",%progbits
  18              		.align	1
  19              		.global	eMBFuncReadInputRegister
  20              		.arch armv7e-m
  21              		.syntax unified
  22              		.thumb
  23              		.thumb_func
  24              		.fpu fpv4-sp-d16
  26              	eMBFuncReadInputRegister:
  27              	.LVL0:
  28              	.LFB235:
  29              		.file 1 "Drivers/FreeModbus/functions/mbfuncinput.c"
   1:Drivers/FreeModbus/functions/mbfuncinput.c **** /* 
   2:Drivers/FreeModbus/functions/mbfuncinput.c ****  * FreeModbus Libary: A portable Modbus implementation for Modbus ASCII/RTU.
   3:Drivers/FreeModbus/functions/mbfuncinput.c ****  * Copyright (c) 2006-2018 Christian Walter <cwalter@embedded-solutions.at>
   4:Drivers/FreeModbus/functions/mbfuncinput.c ****  * All rights reserved.
   5:Drivers/FreeModbus/functions/mbfuncinput.c ****  *
   6:Drivers/FreeModbus/functions/mbfuncinput.c ****  * Redistribution and use in source and binary forms, with or without
   7:Drivers/FreeModbus/functions/mbfuncinput.c ****  * modification, are permitted provided that the following conditions
   8:Drivers/FreeModbus/functions/mbfuncinput.c ****  * are met:
   9:Drivers/FreeModbus/functions/mbfuncinput.c ****  * 1. Redistributions of source code must retain the above copyright
  10:Drivers/FreeModbus/functions/mbfuncinput.c ****  *    notice, this list of conditions and the following disclaimer.
  11:Drivers/FreeModbus/functions/mbfuncinput.c ****  * 2. Redistributions in binary form must reproduce the above copyright
  12:Drivers/FreeModbus/functions/mbfuncinput.c ****  *    notice, this list of conditions and the following disclaimer in the
  13:Drivers/FreeModbus/functions/mbfuncinput.c ****  *    documentation and/or other materials provided with the distribution.
  14:Drivers/FreeModbus/functions/mbfuncinput.c ****  * 3. The name of the author may not be used to endorse or promote products
  15:Drivers/FreeModbus/functions/mbfuncinput.c ****  *    derived from this software without specific prior written permission.
  16:Drivers/FreeModbus/functions/mbfuncinput.c ****  *
  17:Drivers/FreeModbus/functions/mbfuncinput.c ****  * THIS SOFTWARE IS PROVIDED BY THE AUTHOR ``AS IS'' AND ANY EXPRESS OR
  18:Drivers/FreeModbus/functions/mbfuncinput.c ****  * IMPLIED WARRANTIES, INCLUDING, BUT NOT LIMITED TO, THE IMPLIED WARRANTIES
  19:Drivers/FreeModbus/functions/mbfuncinput.c ****  * OF MERCHANTABILITY AND FITNESS FOR A PARTICULAR PURPOSE ARE DISCLAIMED.
  20:Drivers/FreeModbus/functions/mbfuncinput.c ****  * IN NO EVENT SHALL THE AUTHOR BE LIABLE FOR ANY DIRECT, INDIRECT,
  21:Drivers/FreeModbus/functions/mbfuncinput.c ****  * INCIDENTAL, SPECIAL, EXEMPLARY, OR CONSEQUENTIAL DAMAGES (INCLUDING, BUT
  22:Drivers/FreeModbus/functions/mbfuncinput.c ****  * NOT LIMITED TO, PROCUREMENT OF SUBSTITUTE GOODS OR SERVICES; LOSS OF USE,
  23:Drivers/FreeModbus/functions/mbfuncinput.c ****  * DATA, OR PROFITS; OR BUSINESS INTERRUPTION) HOWEVER CAUSED AND ON ANY
  24:Drivers/FreeModbus/functions/mbfuncinput.c ****  * THEORY OF LIABILITY, WHETHER IN CONTRACT, STRICT LIABILITY, OR TORT
  25:Drivers/FreeModbus/functions/mbfuncinput.c ****  * (INCLUDING NEGLIGENCE OR OTHERWISE) ARISING IN ANY WAY OUT OF THE USE OF
  26:Drivers/FreeModbus/functions/mbfuncinput.c ****  * THIS SOFTWARE, EVEN IF ADVISED OF THE POSSIBILITY OF SUCH DAMAGE.
  27:Drivers/FreeModbus/functions/mbfuncinput.c ****  *
  28:Drivers/FreeModbus/functions/mbfuncinput.c ****  * File: $Id: mbfuncinput.c,v 1.10 2007/09/12 10:15:56 wolti Exp $
  29:Drivers/FreeModbus/functions/mbfuncinput.c ****  */
ARM GAS  C:\Users\du4\AppData\Local\Temp\cc2I95rV.s 			page 2


  30:Drivers/FreeModbus/functions/mbfuncinput.c **** 
  31:Drivers/FreeModbus/functions/mbfuncinput.c **** /* ----------------------- System includes ----------------------------------*/
  32:Drivers/FreeModbus/functions/mbfuncinput.c **** #include "stdlib.h"
  33:Drivers/FreeModbus/functions/mbfuncinput.c **** #include "string.h"
  34:Drivers/FreeModbus/functions/mbfuncinput.c **** 
  35:Drivers/FreeModbus/functions/mbfuncinput.c **** /* ----------------------- Platform includes --------------------------------*/
  36:Drivers/FreeModbus/functions/mbfuncinput.c **** #include "port.h"
  37:Drivers/FreeModbus/functions/mbfuncinput.c **** 
  38:Drivers/FreeModbus/functions/mbfuncinput.c **** /* ----------------------- Modbus includes ----------------------------------*/
  39:Drivers/FreeModbus/functions/mbfuncinput.c **** #include "mb.h"
  40:Drivers/FreeModbus/functions/mbfuncinput.c **** #include "mbframe.h"
  41:Drivers/FreeModbus/functions/mbfuncinput.c **** #include "mbproto.h"
  42:Drivers/FreeModbus/functions/mbfuncinput.c **** #include "mbconfig.h"
  43:Drivers/FreeModbus/functions/mbfuncinput.c **** 
  44:Drivers/FreeModbus/functions/mbfuncinput.c **** /* ----------------------- Defines ------------------------------------------*/
  45:Drivers/FreeModbus/functions/mbfuncinput.c **** #define MB_PDU_FUNC_READ_ADDR_OFF           ( MB_PDU_DATA_OFF )
  46:Drivers/FreeModbus/functions/mbfuncinput.c **** #define MB_PDU_FUNC_READ_REGCNT_OFF         ( MB_PDU_DATA_OFF + 2 )
  47:Drivers/FreeModbus/functions/mbfuncinput.c **** #define MB_PDU_FUNC_READ_SIZE               ( 4 )
  48:Drivers/FreeModbus/functions/mbfuncinput.c **** #define MB_PDU_FUNC_READ_REGCNT_MAX         ( 0x007D )
  49:Drivers/FreeModbus/functions/mbfuncinput.c **** 
  50:Drivers/FreeModbus/functions/mbfuncinput.c **** #define MB_PDU_FUNC_READ_RSP_BYTECNT_OFF    ( MB_PDU_DATA_OFF )
  51:Drivers/FreeModbus/functions/mbfuncinput.c **** 
  52:Drivers/FreeModbus/functions/mbfuncinput.c **** /* ----------------------- Static functions ---------------------------------*/
  53:Drivers/FreeModbus/functions/mbfuncinput.c **** eMBException    prveMBError2Exception( eMBErrorCode eErrorCode );
  54:Drivers/FreeModbus/functions/mbfuncinput.c **** 
  55:Drivers/FreeModbus/functions/mbfuncinput.c **** /* ----------------------- Start implementation -----------------------------*/
  56:Drivers/FreeModbus/functions/mbfuncinput.c **** #if MB_FUNC_READ_INPUT_ENABLED > 0
  57:Drivers/FreeModbus/functions/mbfuncinput.c **** 
  58:Drivers/FreeModbus/functions/mbfuncinput.c **** eMBException
  59:Drivers/FreeModbus/functions/mbfuncinput.c **** eMBFuncReadInputRegister( UCHAR * pucFrame, USHORT * usLen )
  60:Drivers/FreeModbus/functions/mbfuncinput.c **** {
  30              		.loc 1 60 1 view -0
  31              		.cfi_startproc
  32              		@ args = 0, pretend = 0, frame = 0
  33              		@ frame_needed = 0, uses_anonymous_args = 0
  34              		.loc 1 60 1 is_stmt 0 view .LVU1
  35 0000 38B5     		push	{r3, r4, r5, lr}
  36              	.LCFI0:
  37              		.cfi_def_cfa_offset 16
  38              		.cfi_offset 3, -16
  39              		.cfi_offset 4, -12
  40              		.cfi_offset 5, -8
  41              		.cfi_offset 14, -4
  61:Drivers/FreeModbus/functions/mbfuncinput.c ****     USHORT          usRegAddress;
  42              		.loc 1 61 5 is_stmt 1 view .LVU2
  62:Drivers/FreeModbus/functions/mbfuncinput.c ****     USHORT          usRegCount;
  43              		.loc 1 62 5 view .LVU3
  63:Drivers/FreeModbus/functions/mbfuncinput.c ****     UCHAR          *pucFrameCur;
  44              		.loc 1 63 5 view .LVU4
  64:Drivers/FreeModbus/functions/mbfuncinput.c **** 
  65:Drivers/FreeModbus/functions/mbfuncinput.c ****     eMBException    eStatus = MB_EX_NONE;
  45              		.loc 1 65 5 view .LVU5
  46              	.LVL1:
  66:Drivers/FreeModbus/functions/mbfuncinput.c ****     eMBErrorCode    eRegStatus;
  47              		.loc 1 66 5 view .LVU6
  67:Drivers/FreeModbus/functions/mbfuncinput.c **** 
  68:Drivers/FreeModbus/functions/mbfuncinput.c ****     if( *usLen == ( MB_PDU_FUNC_READ_SIZE + MB_PDU_SIZE_MIN ) )
ARM GAS  C:\Users\du4\AppData\Local\Temp\cc2I95rV.s 			page 3


  48              		.loc 1 68 5 view .LVU7
  49              		.loc 1 68 9 is_stmt 0 view .LVU8
  50 0002 0B88     		ldrh	r3, [r1]
  51              		.loc 1 68 7 view .LVU9
  52 0004 052B     		cmp	r3, #5
  53 0006 01D0     		beq	.L7
  69:Drivers/FreeModbus/functions/mbfuncinput.c ****     {
  70:Drivers/FreeModbus/functions/mbfuncinput.c ****         usRegAddress = ( USHORT )( pucFrame[MB_PDU_FUNC_READ_ADDR_OFF] << 8 );
  71:Drivers/FreeModbus/functions/mbfuncinput.c ****         usRegAddress |= ( USHORT )( pucFrame[MB_PDU_FUNC_READ_ADDR_OFF + 1] );
  72:Drivers/FreeModbus/functions/mbfuncinput.c ****         usRegAddress++;
  73:Drivers/FreeModbus/functions/mbfuncinput.c **** 
  74:Drivers/FreeModbus/functions/mbfuncinput.c ****         usRegCount = ( USHORT )( pucFrame[MB_PDU_FUNC_READ_REGCNT_OFF] << 8 );
  75:Drivers/FreeModbus/functions/mbfuncinput.c ****         usRegCount |= ( USHORT )( pucFrame[MB_PDU_FUNC_READ_REGCNT_OFF + 1] );
  76:Drivers/FreeModbus/functions/mbfuncinput.c **** 
  77:Drivers/FreeModbus/functions/mbfuncinput.c ****         /* Check if the number of registers to read is valid. If not
  78:Drivers/FreeModbus/functions/mbfuncinput.c ****          * return Modbus illegal data value exception. 
  79:Drivers/FreeModbus/functions/mbfuncinput.c ****          */
  80:Drivers/FreeModbus/functions/mbfuncinput.c ****         if( ( usRegCount >= 1 )
  81:Drivers/FreeModbus/functions/mbfuncinput.c ****             && ( usRegCount < MB_PDU_FUNC_READ_REGCNT_MAX ) )
  82:Drivers/FreeModbus/functions/mbfuncinput.c ****         {
  83:Drivers/FreeModbus/functions/mbfuncinput.c ****             /* Set the current PDU data pointer to the beginning. */
  84:Drivers/FreeModbus/functions/mbfuncinput.c ****             pucFrameCur = &pucFrame[MB_PDU_FUNC_OFF];
  85:Drivers/FreeModbus/functions/mbfuncinput.c ****             *usLen = MB_PDU_FUNC_OFF;
  86:Drivers/FreeModbus/functions/mbfuncinput.c **** 
  87:Drivers/FreeModbus/functions/mbfuncinput.c ****             /* First byte contains the function code. */
  88:Drivers/FreeModbus/functions/mbfuncinput.c ****             *pucFrameCur++ = MB_FUNC_READ_INPUT_REGISTER;
  89:Drivers/FreeModbus/functions/mbfuncinput.c ****             *usLen += 1;
  90:Drivers/FreeModbus/functions/mbfuncinput.c **** 
  91:Drivers/FreeModbus/functions/mbfuncinput.c ****             /* Second byte in the response contain the number of bytes. */
  92:Drivers/FreeModbus/functions/mbfuncinput.c ****             *pucFrameCur++ = ( UCHAR )( usRegCount * 2 );
  93:Drivers/FreeModbus/functions/mbfuncinput.c ****             *usLen += 1;
  94:Drivers/FreeModbus/functions/mbfuncinput.c **** 
  95:Drivers/FreeModbus/functions/mbfuncinput.c ****             eRegStatus =
  96:Drivers/FreeModbus/functions/mbfuncinput.c ****                 eMBRegInputCB( pucFrameCur, usRegAddress, usRegCount );
  97:Drivers/FreeModbus/functions/mbfuncinput.c **** 
  98:Drivers/FreeModbus/functions/mbfuncinput.c ****             /* If an error occured convert it into a Modbus exception. */
  99:Drivers/FreeModbus/functions/mbfuncinput.c ****             if( eRegStatus != MB_ENOERR )
 100:Drivers/FreeModbus/functions/mbfuncinput.c ****             {
 101:Drivers/FreeModbus/functions/mbfuncinput.c ****                 eStatus = prveMBError2Exception( eRegStatus );
 102:Drivers/FreeModbus/functions/mbfuncinput.c ****             }
 103:Drivers/FreeModbus/functions/mbfuncinput.c ****             else
 104:Drivers/FreeModbus/functions/mbfuncinput.c ****             {
 105:Drivers/FreeModbus/functions/mbfuncinput.c ****                 *usLen += usRegCount * 2;
 106:Drivers/FreeModbus/functions/mbfuncinput.c ****             }
 107:Drivers/FreeModbus/functions/mbfuncinput.c ****         }
 108:Drivers/FreeModbus/functions/mbfuncinput.c ****         else
 109:Drivers/FreeModbus/functions/mbfuncinput.c ****         {
 110:Drivers/FreeModbus/functions/mbfuncinput.c ****             eStatus = MB_EX_ILLEGAL_DATA_VALUE;
 111:Drivers/FreeModbus/functions/mbfuncinput.c ****         }
 112:Drivers/FreeModbus/functions/mbfuncinput.c ****     }
 113:Drivers/FreeModbus/functions/mbfuncinput.c ****     else
 114:Drivers/FreeModbus/functions/mbfuncinput.c ****     {
 115:Drivers/FreeModbus/functions/mbfuncinput.c ****         /* Can't be a valid read input register request because the length
 116:Drivers/FreeModbus/functions/mbfuncinput.c ****          * is incorrect. */
 117:Drivers/FreeModbus/functions/mbfuncinput.c ****         eStatus = MB_EX_ILLEGAL_DATA_VALUE;
  54              		.loc 1 117 17 view .LVU10
  55 0008 0320     		movs	r0, #3
ARM GAS  C:\Users\du4\AppData\Local\Temp\cc2I95rV.s 			page 4


  56              	.LVL2:
  57              	.L2:
 118:Drivers/FreeModbus/functions/mbfuncinput.c ****     }
 119:Drivers/FreeModbus/functions/mbfuncinput.c ****     return eStatus;
  58              		.loc 1 119 5 is_stmt 1 view .LVU11
 120:Drivers/FreeModbus/functions/mbfuncinput.c **** }
  59              		.loc 1 120 1 is_stmt 0 view .LVU12
  60 000a 38BD     		pop	{r3, r4, r5, pc}
  61              	.LVL3:
  62              	.L7:
  63              		.loc 1 120 1 view .LVU13
  64 000c 0C46     		mov	r4, r1
  70:Drivers/FreeModbus/functions/mbfuncinput.c ****         usRegAddress |= ( USHORT )( pucFrame[MB_PDU_FUNC_READ_ADDR_OFF + 1] );
  65              		.loc 1 70 9 is_stmt 1 view .LVU14
  70:Drivers/FreeModbus/functions/mbfuncinput.c ****         usRegAddress |= ( USHORT )( pucFrame[MB_PDU_FUNC_READ_ADDR_OFF + 1] );
  66              		.loc 1 70 44 is_stmt 0 view .LVU15
  67 000e 4378     		ldrb	r3, [r0, #1]	@ zero_extendqisi2
  68              	.LVL4:
  71:Drivers/FreeModbus/functions/mbfuncinput.c ****         usRegAddress++;
  69              		.loc 1 71 9 is_stmt 1 view .LVU16
  71:Drivers/FreeModbus/functions/mbfuncinput.c ****         usRegAddress++;
  70              		.loc 1 71 45 is_stmt 0 view .LVU17
  71 0010 8178     		ldrb	r1, [r0, #2]	@ zero_extendqisi2
  72              	.LVL5:
  71:Drivers/FreeModbus/functions/mbfuncinput.c ****         usRegAddress++;
  73              		.loc 1 71 22 view .LVU18
  74 0012 41EA0321 		orr	r1, r1, r3, lsl #8
  75              	.LVL6:
  72:Drivers/FreeModbus/functions/mbfuncinput.c **** 
  76              		.loc 1 72 9 is_stmt 1 view .LVU19
  72:Drivers/FreeModbus/functions/mbfuncinput.c **** 
  77              		.loc 1 72 21 is_stmt 0 view .LVU20
  78 0016 0131     		adds	r1, r1, #1
  79              	.LVL7:
  72:Drivers/FreeModbus/functions/mbfuncinput.c **** 
  80              		.loc 1 72 21 view .LVU21
  81 0018 89B2     		uxth	r1, r1
  82              	.LVL8:
  74:Drivers/FreeModbus/functions/mbfuncinput.c ****         usRegCount |= ( USHORT )( pucFrame[MB_PDU_FUNC_READ_REGCNT_OFF + 1] );
  83              		.loc 1 74 9 is_stmt 1 view .LVU22
  74:Drivers/FreeModbus/functions/mbfuncinput.c ****         usRegCount |= ( USHORT )( pucFrame[MB_PDU_FUNC_READ_REGCNT_OFF + 1] );
  84              		.loc 1 74 42 is_stmt 0 view .LVU23
  85 001a C378     		ldrb	r3, [r0, #3]	@ zero_extendqisi2
  86              	.LVL9:
  75:Drivers/FreeModbus/functions/mbfuncinput.c **** 
  87              		.loc 1 75 9 is_stmt 1 view .LVU24
  75:Drivers/FreeModbus/functions/mbfuncinput.c **** 
  88              		.loc 1 75 43 is_stmt 0 view .LVU25
  89 001c 0579     		ldrb	r5, [r0, #4]	@ zero_extendqisi2
  75:Drivers/FreeModbus/functions/mbfuncinput.c **** 
  90              		.loc 1 75 20 view .LVU26
  91 001e 45EA0325 		orr	r5, r5, r3, lsl #8
  92              	.LVL10:
  80:Drivers/FreeModbus/functions/mbfuncinput.c ****             && ( usRegCount < MB_PDU_FUNC_READ_REGCNT_MAX ) )
  93              		.loc 1 80 9 is_stmt 1 view .LVU27
  81:Drivers/FreeModbus/functions/mbfuncinput.c ****         {
  94              		.loc 1 81 13 is_stmt 0 view .LVU28
ARM GAS  C:\Users\du4\AppData\Local\Temp\cc2I95rV.s 			page 5


  95 0022 6B1E     		subs	r3, r5, #1
  96 0024 9BB2     		uxth	r3, r3
  80:Drivers/FreeModbus/functions/mbfuncinput.c ****             && ( usRegCount < MB_PDU_FUNC_READ_REGCNT_MAX ) )
  97              		.loc 1 80 11 view .LVU29
  98 0026 7B2B     		cmp	r3, #123
  99 0028 01D9     		bls	.L8
 110:Drivers/FreeModbus/functions/mbfuncinput.c ****         }
 100              		.loc 1 110 21 view .LVU30
 101 002a 0320     		movs	r0, #3
 102              	.LVL11:
 110:Drivers/FreeModbus/functions/mbfuncinput.c ****         }
 103              		.loc 1 110 21 view .LVU31
 104 002c EDE7     		b	.L2
 105              	.LVL12:
 106              	.L8:
  84:Drivers/FreeModbus/functions/mbfuncinput.c ****             *usLen = MB_PDU_FUNC_OFF;
 107              		.loc 1 84 13 is_stmt 1 view .LVU32
  85:Drivers/FreeModbus/functions/mbfuncinput.c **** 
 108              		.loc 1 85 13 view .LVU33
  85:Drivers/FreeModbus/functions/mbfuncinput.c **** 
 109              		.loc 1 85 20 is_stmt 0 view .LVU34
 110 002e 0023     		movs	r3, #0
 111 0030 2380     		strh	r3, [r4]	@ movhi
  88:Drivers/FreeModbus/functions/mbfuncinput.c ****             *usLen += 1;
 112              		.loc 1 88 13 is_stmt 1 view .LVU35
 113              	.LVL13:
  88:Drivers/FreeModbus/functions/mbfuncinput.c ****             *usLen += 1;
 114              		.loc 1 88 28 is_stmt 0 view .LVU36
 115 0032 0346     		mov	r3, r0
 116 0034 0422     		movs	r2, #4
 117 0036 03F8022B 		strb	r2, [r3], #2
  89:Drivers/FreeModbus/functions/mbfuncinput.c **** 
 118              		.loc 1 89 13 is_stmt 1 view .LVU37
  89:Drivers/FreeModbus/functions/mbfuncinput.c **** 
 119              		.loc 1 89 20 is_stmt 0 view .LVU38
 120 003a 2288     		ldrh	r2, [r4]
 121 003c 0132     		adds	r2, r2, #1
 122 003e 2280     		strh	r2, [r4]	@ movhi
  92:Drivers/FreeModbus/functions/mbfuncinput.c ****             *usLen += 1;
 123              		.loc 1 92 13 is_stmt 1 view .LVU39
 124              	.LVL14:
  92:Drivers/FreeModbus/functions/mbfuncinput.c ****             *usLen += 1;
 125              		.loc 1 92 30 is_stmt 0 view .LVU40
 126 0040 6A00     		lsls	r2, r5, #1
  92:Drivers/FreeModbus/functions/mbfuncinput.c ****             *usLen += 1;
 127              		.loc 1 92 28 view .LVU41
 128 0042 4270     		strb	r2, [r0, #1]
  93:Drivers/FreeModbus/functions/mbfuncinput.c **** 
 129              		.loc 1 93 13 is_stmt 1 view .LVU42
  93:Drivers/FreeModbus/functions/mbfuncinput.c **** 
 130              		.loc 1 93 20 is_stmt 0 view .LVU43
 131 0044 2288     		ldrh	r2, [r4]
 132 0046 0132     		adds	r2, r2, #1
 133 0048 2280     		strh	r2, [r4]	@ movhi
  95:Drivers/FreeModbus/functions/mbfuncinput.c ****                 eMBRegInputCB( pucFrameCur, usRegAddress, usRegCount );
 134              		.loc 1 95 13 is_stmt 1 view .LVU44
  96:Drivers/FreeModbus/functions/mbfuncinput.c **** 
ARM GAS  C:\Users\du4\AppData\Local\Temp\cc2I95rV.s 			page 6


 135              		.loc 1 96 17 is_stmt 0 view .LVU45
 136 004a 2A46     		mov	r2, r5
 137 004c 1846     		mov	r0, r3
 138              	.LVL15:
  96:Drivers/FreeModbus/functions/mbfuncinput.c **** 
 139              		.loc 1 96 17 view .LVU46
 140 004e FFF7FEFF 		bl	eMBRegInputCB
 141              	.LVL16:
  99:Drivers/FreeModbus/functions/mbfuncinput.c ****             {
 142              		.loc 1 99 13 is_stmt 1 view .LVU47
  99:Drivers/FreeModbus/functions/mbfuncinput.c ****             {
 143              		.loc 1 99 15 is_stmt 0 view .LVU48
 144 0052 20B9     		cbnz	r0, .L9
 105:Drivers/FreeModbus/functions/mbfuncinput.c ****             }
 145              		.loc 1 105 17 is_stmt 1 view .LVU49
 105:Drivers/FreeModbus/functions/mbfuncinput.c ****             }
 146              		.loc 1 105 24 is_stmt 0 view .LVU50
 147 0054 2388     		ldrh	r3, [r4]
 148 0056 03EB4505 		add	r5, r3, r5, lsl #1
 149              	.LVL17:
 105:Drivers/FreeModbus/functions/mbfuncinput.c ****             }
 150              		.loc 1 105 24 view .LVU51
 151 005a 2580     		strh	r5, [r4]	@ movhi
 152 005c D5E7     		b	.L2
 153              	.LVL18:
 154              	.L9:
 101:Drivers/FreeModbus/functions/mbfuncinput.c ****             }
 155              		.loc 1 101 17 is_stmt 1 view .LVU52
 101:Drivers/FreeModbus/functions/mbfuncinput.c ****             }
 156              		.loc 1 101 27 is_stmt 0 view .LVU53
 157 005e FFF7FEFF 		bl	prveMBError2Exception
 158              	.LVL19:
 101:Drivers/FreeModbus/functions/mbfuncinput.c ****             }
 159              		.loc 1 101 27 view .LVU54
 160 0062 D2E7     		b	.L2
 161              		.cfi_endproc
 162              	.LFE235:
 164              		.text
 165              	.Letext0:
 166              		.file 2 "c:\\vscodeproject\\software\\arm_gcc\\arm-none-eabi\\include\\machine\\_default_types.h"
 167              		.file 3 "c:\\vscodeproject\\software\\arm_gcc\\arm-none-eabi\\include\\sys\\lock.h"
 168              		.file 4 "c:\\vscodeproject\\software\\arm_gcc\\arm-none-eabi\\include\\sys\\_types.h"
 169              		.file 5 "c:\\vscodeproject\\software\\arm_gcc\\lib\\gcc\\arm-none-eabi\\9.2.1\\include\\stddef.h"
 170              		.file 6 "c:\\vscodeproject\\software\\arm_gcc\\arm-none-eabi\\include\\sys\\reent.h"
 171              		.file 7 "c:\\vscodeproject\\software\\arm_gcc\\arm-none-eabi\\include\\stdlib.h"
 172              		.file 8 "c:\\vscodeproject\\software\\arm_gcc\\arm-none-eabi\\include\\sys\\_stdint.h"
 173              		.file 9 "Drivers/CMSIS/Include/core_cm4.h"
 174              		.file 10 "Drivers/CMSIS/Device/ST/STM32F4xx/Include/system_stm32f4xx.h"
 175              		.file 11 "Drivers/STM32F4xx_HAL_Driver/Inc/stm32f4xx_hal.h"
 176              		.file 12 "Drivers/FreeModbus/port/port.h"
 177              		.file 13 "Drivers/FreeModbus/include/mbport.h"
 178              		.file 14 "Drivers/FreeModbus/include/mbproto.h"
 179              		.file 15 "Drivers/FreeModbus/include/mb.h"
ARM GAS  C:\Users\du4\AppData\Local\Temp\cc2I95rV.s 			page 7


DEFINED SYMBOLS
                            *ABS*:0000000000000000 mbfuncinput.c
C:\Users\du4\AppData\Local\Temp\cc2I95rV.s:18     .text.eMBFuncReadInputRegister:0000000000000000 $t
C:\Users\du4\AppData\Local\Temp\cc2I95rV.s:26     .text.eMBFuncReadInputRegister:0000000000000000 eMBFuncReadInputRegister

UNDEFINED SYMBOLS
eMBRegInputCB
prveMBError2Exception
