ARM GAS  C:\Users\du4\AppData\Local\Temp\ccZCVdBd.s 			page 1


   1              		.cpu cortex-m4
   2              		.eabi_attribute 27, 1
   3              		.eabi_attribute 28, 1
   4              		.eabi_attribute 20, 1
   5              		.eabi_attribute 21, 1
   6              		.eabi_attribute 23, 3
   7              		.eabi_attribute 24, 1
   8              		.eabi_attribute 25, 1
   9              		.eabi_attribute 26, 1
  10              		.eabi_attribute 30, 1
  11              		.eabi_attribute 34, 1
  12              		.eabi_attribute 18, 4
  13              		.file	"mbutils.c"
  14              		.text
  15              	.Ltext0:
  16              		.cfi_sections	.debug_frame
  17              		.section	.text.xMBUtilSetBits,"ax",%progbits
  18              		.align	1
  19              		.global	xMBUtilSetBits
  20              		.arch armv7e-m
  21              		.syntax unified
  22              		.thumb
  23              		.thumb_func
  24              		.fpu fpv4-sp-d16
  26              	xMBUtilSetBits:
  27              	.LVL0:
  28              	.LFB235:
  29              		.file 1 "Drivers/FreeModbus/functions/mbutils.c"
   1:Drivers/FreeModbus/functions/mbutils.c **** /* 
   2:Drivers/FreeModbus/functions/mbutils.c ****  * FreeModbus Libary: A portable Modbus implementation for Modbus ASCII/RTU.
   3:Drivers/FreeModbus/functions/mbutils.c ****  * Copyright (c) 2006-2018 Christian Walter <cwalter@embedded-solutions.at>
   4:Drivers/FreeModbus/functions/mbutils.c ****  * All rights reserved.
   5:Drivers/FreeModbus/functions/mbutils.c ****  *
   6:Drivers/FreeModbus/functions/mbutils.c ****  * Redistribution and use in source and binary forms, with or without
   7:Drivers/FreeModbus/functions/mbutils.c ****  * modification, are permitted provided that the following conditions
   8:Drivers/FreeModbus/functions/mbutils.c ****  * are met:
   9:Drivers/FreeModbus/functions/mbutils.c ****  * 1. Redistributions of source code must retain the above copyright
  10:Drivers/FreeModbus/functions/mbutils.c ****  *    notice, this list of conditions and the following disclaimer.
  11:Drivers/FreeModbus/functions/mbutils.c ****  * 2. Redistributions in binary form must reproduce the above copyright
  12:Drivers/FreeModbus/functions/mbutils.c ****  *    notice, this list of conditions and the following disclaimer in the
  13:Drivers/FreeModbus/functions/mbutils.c ****  *    documentation and/or other materials provided with the distribution.
  14:Drivers/FreeModbus/functions/mbutils.c ****  * 3. The name of the author may not be used to endorse or promote products
  15:Drivers/FreeModbus/functions/mbutils.c ****  *    derived from this software without specific prior written permission.
  16:Drivers/FreeModbus/functions/mbutils.c ****  *
  17:Drivers/FreeModbus/functions/mbutils.c ****  * THIS SOFTWARE IS PROVIDED BY THE AUTHOR ``AS IS'' AND ANY EXPRESS OR
  18:Drivers/FreeModbus/functions/mbutils.c ****  * IMPLIED WARRANTIES, INCLUDING, BUT NOT LIMITED TO, THE IMPLIED WARRANTIES
  19:Drivers/FreeModbus/functions/mbutils.c ****  * OF MERCHANTABILITY AND FITNESS FOR A PARTICULAR PURPOSE ARE DISCLAIMED.
  20:Drivers/FreeModbus/functions/mbutils.c ****  * IN NO EVENT SHALL THE AUTHOR BE LIABLE FOR ANY DIRECT, INDIRECT,
  21:Drivers/FreeModbus/functions/mbutils.c ****  * INCIDENTAL, SPECIAL, EXEMPLARY, OR CONSEQUENTIAL DAMAGES (INCLUDING, BUT
  22:Drivers/FreeModbus/functions/mbutils.c ****  * NOT LIMITED TO, PROCUREMENT OF SUBSTITUTE GOODS OR SERVICES; LOSS OF USE,
  23:Drivers/FreeModbus/functions/mbutils.c ****  * DATA, OR PROFITS; OR BUSINESS INTERRUPTION) HOWEVER CAUSED AND ON ANY
  24:Drivers/FreeModbus/functions/mbutils.c ****  * THEORY OF LIABILITY, WHETHER IN CONTRACT, STRICT LIABILITY, OR TORT
  25:Drivers/FreeModbus/functions/mbutils.c ****  * (INCLUDING NEGLIGENCE OR OTHERWISE) ARISING IN ANY WAY OUT OF THE USE OF
  26:Drivers/FreeModbus/functions/mbutils.c ****  * THIS SOFTWARE, EVEN IF ADVISED OF THE POSSIBILITY OF SUCH DAMAGE.
  27:Drivers/FreeModbus/functions/mbutils.c ****  *
  28:Drivers/FreeModbus/functions/mbutils.c ****  * File: $Id: mbutils.c,v 1.6 2007/02/18 23:49:07 wolti Exp $
  29:Drivers/FreeModbus/functions/mbutils.c ****  */
ARM GAS  C:\Users\du4\AppData\Local\Temp\ccZCVdBd.s 			page 2


  30:Drivers/FreeModbus/functions/mbutils.c **** 
  31:Drivers/FreeModbus/functions/mbutils.c **** /* ----------------------- System includes ----------------------------------*/
  32:Drivers/FreeModbus/functions/mbutils.c **** #include "stdlib.h"
  33:Drivers/FreeModbus/functions/mbutils.c **** #include "string.h"
  34:Drivers/FreeModbus/functions/mbutils.c **** 
  35:Drivers/FreeModbus/functions/mbutils.c **** /* ----------------------- Platform includes --------------------------------*/
  36:Drivers/FreeModbus/functions/mbutils.c **** #include "port.h"
  37:Drivers/FreeModbus/functions/mbutils.c **** 
  38:Drivers/FreeModbus/functions/mbutils.c **** /* ----------------------- Modbus includes ----------------------------------*/
  39:Drivers/FreeModbus/functions/mbutils.c **** #include "mb.h"
  40:Drivers/FreeModbus/functions/mbutils.c **** #include "mbproto.h"
  41:Drivers/FreeModbus/functions/mbutils.c **** 
  42:Drivers/FreeModbus/functions/mbutils.c **** /* ----------------------- Defines ------------------------------------------*/
  43:Drivers/FreeModbus/functions/mbutils.c **** #define BITS_UCHAR      8U
  44:Drivers/FreeModbus/functions/mbutils.c **** 
  45:Drivers/FreeModbus/functions/mbutils.c **** /* ----------------------- Start implementation -----------------------------*/
  46:Drivers/FreeModbus/functions/mbutils.c **** void
  47:Drivers/FreeModbus/functions/mbutils.c **** xMBUtilSetBits( UCHAR * ucByteBuf, USHORT usBitOffset, UCHAR ucNBits,
  48:Drivers/FreeModbus/functions/mbutils.c ****                 UCHAR ucValue )
  49:Drivers/FreeModbus/functions/mbutils.c **** {
  30              		.loc 1 49 1 view -0
  31              		.cfi_startproc
  32              		@ args = 0, pretend = 0, frame = 0
  33              		@ frame_needed = 0, uses_anonymous_args = 0
  34              		@ link register save eliminated.
  35              		.loc 1 49 1 is_stmt 0 view .LVU1
  36 0000 70B4     		push	{r4, r5, r6}
  37              	.LCFI0:
  38              		.cfi_def_cfa_offset 12
  39              		.cfi_offset 4, -12
  40              		.cfi_offset 5, -8
  41              		.cfi_offset 6, -4
  50:Drivers/FreeModbus/functions/mbutils.c ****     USHORT          usWordBuf;
  42              		.loc 1 50 5 is_stmt 1 view .LVU2
  51:Drivers/FreeModbus/functions/mbutils.c ****     USHORT          usMask;
  43              		.loc 1 51 5 view .LVU3
  52:Drivers/FreeModbus/functions/mbutils.c ****     USHORT          usByteOffset;
  44              		.loc 1 52 5 view .LVU4
  53:Drivers/FreeModbus/functions/mbutils.c ****     USHORT          usNPreBits;
  45              		.loc 1 53 5 view .LVU5
  54:Drivers/FreeModbus/functions/mbutils.c ****     USHORT          usValue = ucValue;
  46              		.loc 1 54 5 view .LVU6
  47              	.LVL1:
  55:Drivers/FreeModbus/functions/mbutils.c **** 
  56:Drivers/FreeModbus/functions/mbutils.c ****     assert_param( ucNBits <= 8 );
  48              		.loc 1 56 5 view .LVU7
  57:Drivers/FreeModbus/functions/mbutils.c ****     assert_param( ( size_t )BITS_UCHAR == sizeof( UCHAR ) * 8 );
  49              		.loc 1 57 5 view .LVU8
  58:Drivers/FreeModbus/functions/mbutils.c **** 
  59:Drivers/FreeModbus/functions/mbutils.c ****     /* Calculate byte offset for first byte containing the bit values starting
  60:Drivers/FreeModbus/functions/mbutils.c ****      * at usBitOffset. */
  61:Drivers/FreeModbus/functions/mbutils.c ****     usByteOffset = ( USHORT )( ( usBitOffset ) / BITS_UCHAR );
  50              		.loc 1 61 5 view .LVU9
  51              		.loc 1 61 18 is_stmt 0 view .LVU10
  52 0002 CD08     		lsrs	r5, r1, #3
  53              	.LVL2:
  62:Drivers/FreeModbus/functions/mbutils.c **** 
ARM GAS  C:\Users\du4\AppData\Local\Temp\ccZCVdBd.s 			page 3


  63:Drivers/FreeModbus/functions/mbutils.c ****     /* How many bits precede our bits to set. */
  64:Drivers/FreeModbus/functions/mbutils.c ****     usNPreBits = ( USHORT )( usBitOffset - usByteOffset * BITS_UCHAR );
  54              		.loc 1 64 5 is_stmt 1 view .LVU11
  65:Drivers/FreeModbus/functions/mbutils.c **** 
  66:Drivers/FreeModbus/functions/mbutils.c ****     /* Move bit field into position over bits to set */
  67:Drivers/FreeModbus/functions/mbutils.c ****     usValue <<= usNPreBits;
  55              		.loc 1 67 5 view .LVU12
  56              		.loc 1 67 13 is_stmt 0 view .LVU13
  57 0004 01F00704 		and	r4, r1, #7
  58 0008 03FA04F6 		lsl	r6, r3, r4
  59              	.LVL3:
  68:Drivers/FreeModbus/functions/mbutils.c **** 
  69:Drivers/FreeModbus/functions/mbutils.c ****     /* Prepare a mask for setting the new bits. */
  70:Drivers/FreeModbus/functions/mbutils.c ****     usMask = ( USHORT )( ( 1 << ( USHORT ) ucNBits ) - 1 );
  60              		.loc 1 70 5 is_stmt 1 view .LVU14
  61              		.loc 1 70 30 is_stmt 0 view .LVU15
  62 000c 0124     		movs	r4, #1
  63 000e 04FA02F3 		lsl	r3, r4, r2
  64              	.LVL4:
  65              		.loc 1 70 14 view .LVU16
  66 0012 9BB2     		uxth	r3, r3
  67              		.loc 1 70 12 view .LVU17
  68 0014 013B     		subs	r3, r3, #1
  69 0016 9BB2     		uxth	r3, r3
  70              	.LVL5:
  71:Drivers/FreeModbus/functions/mbutils.c ****     usMask <<= usBitOffset - usByteOffset * BITS_UCHAR;
  71              		.loc 1 71 5 is_stmt 1 view .LVU18
  72              		.loc 1 71 28 is_stmt 0 view .LVU19
  73 0018 01F00701 		and	r1, r1, #7
  74              	.LVL6:
  75              		.loc 1 71 12 view .LVU20
  76 001c 03FA01F1 		lsl	r1, r3, r1
  77              	.LVL7:
  72:Drivers/FreeModbus/functions/mbutils.c **** 
  73:Drivers/FreeModbus/functions/mbutils.c ****     /* copy bits into temporary storage. */
  74:Drivers/FreeModbus/functions/mbutils.c ****     usWordBuf = ucByteBuf[usByteOffset];
  78              		.loc 1 74 5 is_stmt 1 view .LVU21
  79              		.loc 1 74 26 is_stmt 0 view .LVU22
  80 0020 435D     		ldrb	r3, [r0, r5]	@ zero_extendqisi2
  81              	.LVL8:
  75:Drivers/FreeModbus/functions/mbutils.c ****     usWordBuf |= ucByteBuf[usByteOffset + 1] << BITS_UCHAR;
  82              		.loc 1 75 5 is_stmt 1 view .LVU23
  83              		.loc 1 75 27 is_stmt 0 view .LVU24
  84 0022 2A19     		adds	r2, r5, r4
  85              	.LVL9:
  86              		.loc 1 75 27 view .LVU25
  87 0024 845C     		ldrb	r4, [r0, r2]	@ zero_extendqisi2
  88              		.loc 1 75 15 view .LVU26
  89 0026 43EA0423 		orr	r3, r3, r4, lsl #8
  90              	.LVL10:
  91              		.loc 1 75 15 view .LVU27
  92 002a 1BB2     		sxth	r3, r3
  93              	.LVL11:
  76:Drivers/FreeModbus/functions/mbutils.c **** 
  77:Drivers/FreeModbus/functions/mbutils.c ****     /* Zero out bit field bits and then or value bits into them. */
  78:Drivers/FreeModbus/functions/mbutils.c ****     usWordBuf = ( USHORT )( ( usWordBuf & ( ~usMask ) ) | usValue );
  94              		.loc 1 78 5 is_stmt 1 view .LVU28
ARM GAS  C:\Users\du4\AppData\Local\Temp\ccZCVdBd.s 			page 4


  95              		.loc 1 78 41 is_stmt 0 view .LVU29
  96 002c 23EA0103 		bic	r3, r3, r1
  97              	.LVL12:
  98              		.loc 1 78 41 view .LVU30
  99 0030 1BB2     		sxth	r3, r3
 100              		.loc 1 78 57 view .LVU31
 101 0032 3343     		orrs	r3, r3, r6
 102              	.LVL13:
  79:Drivers/FreeModbus/functions/mbutils.c **** 
  80:Drivers/FreeModbus/functions/mbutils.c ****     /* move bits back into storage */
  81:Drivers/FreeModbus/functions/mbutils.c ****     ucByteBuf[usByteOffset] = ( UCHAR )( usWordBuf & 0xFF );
 103              		.loc 1 81 5 is_stmt 1 view .LVU32
 104              		.loc 1 81 29 is_stmt 0 view .LVU33
 105 0034 4355     		strb	r3, [r0, r5]
  82:Drivers/FreeModbus/functions/mbutils.c ****     ucByteBuf[usByteOffset + 1] = ( UCHAR )( usWordBuf >> BITS_UCHAR );
 106              		.loc 1 82 5 is_stmt 1 view .LVU34
 107              		.loc 1 82 35 is_stmt 0 view .LVU35
 108 0036 C3F30723 		ubfx	r3, r3, #8, #8
 109              	.LVL14:
 110              		.loc 1 82 33 view .LVU36
 111 003a 8354     		strb	r3, [r0, r2]
  83:Drivers/FreeModbus/functions/mbutils.c **** }
 112              		.loc 1 83 1 view .LVU37
 113 003c 70BC     		pop	{r4, r5, r6}
 114              	.LCFI1:
 115              		.cfi_restore 6
 116              		.cfi_restore 5
 117              		.cfi_restore 4
 118              		.cfi_def_cfa_offset 0
 119              	.LVL15:
 120              		.loc 1 83 1 view .LVU38
 121 003e 7047     		bx	lr
 122              		.cfi_endproc
 123              	.LFE235:
 125              		.section	.text.xMBUtilGetBits,"ax",%progbits
 126              		.align	1
 127              		.global	xMBUtilGetBits
 128              		.syntax unified
 129              		.thumb
 130              		.thumb_func
 131              		.fpu fpv4-sp-d16
 133              	xMBUtilGetBits:
 134              	.LVL16:
 135              	.LFB236:
  84:Drivers/FreeModbus/functions/mbutils.c **** 
  85:Drivers/FreeModbus/functions/mbutils.c **** UCHAR
  86:Drivers/FreeModbus/functions/mbutils.c **** xMBUtilGetBits( UCHAR * ucByteBuf, USHORT usBitOffset, UCHAR ucNBits )
  87:Drivers/FreeModbus/functions/mbutils.c **** {
 136              		.loc 1 87 1 is_stmt 1 view -0
 137              		.cfi_startproc
 138              		@ args = 0, pretend = 0, frame = 0
 139              		@ frame_needed = 0, uses_anonymous_args = 0
 140              		@ link register save eliminated.
 141              		.loc 1 87 1 is_stmt 0 view .LVU40
 142 0000 10B4     		push	{r4}
 143              	.LCFI2:
 144              		.cfi_def_cfa_offset 4
ARM GAS  C:\Users\du4\AppData\Local\Temp\ccZCVdBd.s 			page 5


 145              		.cfi_offset 4, -4
  88:Drivers/FreeModbus/functions/mbutils.c ****     USHORT          usWordBuf;
 146              		.loc 1 88 5 is_stmt 1 view .LVU41
  89:Drivers/FreeModbus/functions/mbutils.c ****     USHORT          usMask;
 147              		.loc 1 89 5 view .LVU42
  90:Drivers/FreeModbus/functions/mbutils.c ****     USHORT          usByteOffset;
 148              		.loc 1 90 5 view .LVU43
  91:Drivers/FreeModbus/functions/mbutils.c ****     USHORT          usNPreBits;
 149              		.loc 1 91 5 view .LVU44
  92:Drivers/FreeModbus/functions/mbutils.c **** 
  93:Drivers/FreeModbus/functions/mbutils.c ****     /* Calculate byte offset for first byte containing the bit values starting
  94:Drivers/FreeModbus/functions/mbutils.c ****      * at usBitOffset. */
  95:Drivers/FreeModbus/functions/mbutils.c ****     usByteOffset = ( USHORT )( ( usBitOffset ) / BITS_UCHAR );
 150              		.loc 1 95 5 view .LVU45
 151              		.loc 1 95 18 is_stmt 0 view .LVU46
 152 0002 CC08     		lsrs	r4, r1, #3
 153              	.LVL17:
  96:Drivers/FreeModbus/functions/mbutils.c **** 
  97:Drivers/FreeModbus/functions/mbutils.c ****     /* How many bits precede our bits to set. */
  98:Drivers/FreeModbus/functions/mbutils.c ****     usNPreBits = ( USHORT )( usBitOffset - usByteOffset * BITS_UCHAR );
 154              		.loc 1 98 5 is_stmt 1 view .LVU47
  99:Drivers/FreeModbus/functions/mbutils.c **** 
 100:Drivers/FreeModbus/functions/mbutils.c ****     /* Prepare a mask for setting the new bits. */
 101:Drivers/FreeModbus/functions/mbutils.c ****     usMask = ( USHORT )( ( 1 << ( USHORT ) ucNBits ) - 1 );
 155              		.loc 1 101 5 view .LVU48
 156              		.loc 1 101 30 is_stmt 0 view .LVU49
 157 0004 0123     		movs	r3, #1
 158 0006 9340     		lsls	r3, r3, r2
 159              		.loc 1 101 14 view .LVU50
 160 0008 9BB2     		uxth	r3, r3
 161              		.loc 1 101 12 view .LVU51
 162 000a 013B     		subs	r3, r3, #1
 163              	.LVL18:
 102:Drivers/FreeModbus/functions/mbutils.c **** 
 103:Drivers/FreeModbus/functions/mbutils.c ****     /* copy bits into temporary storage. */
 104:Drivers/FreeModbus/functions/mbutils.c ****     usWordBuf = ucByteBuf[usByteOffset];
 164              		.loc 1 104 5 is_stmt 1 view .LVU52
 165              		.loc 1 104 26 is_stmt 0 view .LVU53
 166 000c 025D     		ldrb	r2, [r0, r4]	@ zero_extendqisi2
 167              	.LVL19:
 105:Drivers/FreeModbus/functions/mbutils.c ****     usWordBuf |= ucByteBuf[usByteOffset + 1] << BITS_UCHAR;
 168              		.loc 1 105 5 is_stmt 1 view .LVU54
 169              		.loc 1 105 27 is_stmt 0 view .LVU55
 170 000e 2044     		add	r0, r0, r4
 171              	.LVL20:
 172              		.loc 1 105 27 view .LVU56
 173 0010 4078     		ldrb	r0, [r0, #1]	@ zero_extendqisi2
 174              		.loc 1 105 15 view .LVU57
 175 0012 42EA0020 		orr	r0, r2, r0, lsl #8
 176              	.LVL21:
 106:Drivers/FreeModbus/functions/mbutils.c **** 
 107:Drivers/FreeModbus/functions/mbutils.c ****     /* throw away unneeded bits. */
 108:Drivers/FreeModbus/functions/mbutils.c ****     usWordBuf >>= usNPreBits;
 177              		.loc 1 108 5 is_stmt 1 view .LVU58
 178              		.loc 1 108 15 is_stmt 0 view .LVU59
 179 0016 01F00701 		and	r1, r1, #7
 180              	.LVL22:
ARM GAS  C:\Users\du4\AppData\Local\Temp\ccZCVdBd.s 			page 6


 181              		.loc 1 108 15 view .LVU60
 182 001a 0841     		asrs	r0, r0, r1
 183              	.LVL23:
 184              		.loc 1 108 15 view .LVU61
 185 001c 80B2     		uxth	r0, r0
 186              	.LVL24:
 109:Drivers/FreeModbus/functions/mbutils.c **** 
 110:Drivers/FreeModbus/functions/mbutils.c ****     /* mask away bits above the requested bitfield. */
 111:Drivers/FreeModbus/functions/mbutils.c ****     usWordBuf &= usMask;
 187              		.loc 1 111 5 is_stmt 1 view .LVU62
 188              		.loc 1 111 15 is_stmt 0 view .LVU63
 189 001e 1840     		ands	r0, r0, r3
 190              	.LVL25:
 112:Drivers/FreeModbus/functions/mbutils.c **** 
 113:Drivers/FreeModbus/functions/mbutils.c ****     return ( UCHAR ) usWordBuf;
 191              		.loc 1 113 5 is_stmt 1 view .LVU64
 114:Drivers/FreeModbus/functions/mbutils.c **** }
 192              		.loc 1 114 1 is_stmt 0 view .LVU65
 193 0020 C0B2     		uxtb	r0, r0
 194              	.LVL26:
 195              		.loc 1 114 1 view .LVU66
 196 0022 5DF8044B 		ldr	r4, [sp], #4
 197              	.LCFI3:
 198              		.cfi_restore 4
 199              		.cfi_def_cfa_offset 0
 200              	.LVL27:
 201              		.loc 1 114 1 view .LVU67
 202 0026 7047     		bx	lr
 203              		.cfi_endproc
 204              	.LFE236:
 206              		.section	.text.prveMBError2Exception,"ax",%progbits
 207              		.align	1
 208              		.global	prveMBError2Exception
 209              		.syntax unified
 210              		.thumb
 211              		.thumb_func
 212              		.fpu fpv4-sp-d16
 214              	prveMBError2Exception:
 215              	.LVL28:
 216              	.LFB237:
 115:Drivers/FreeModbus/functions/mbutils.c **** 
 116:Drivers/FreeModbus/functions/mbutils.c **** eMBException
 117:Drivers/FreeModbus/functions/mbutils.c **** prveMBError2Exception( eMBErrorCode eErrorCode )
 118:Drivers/FreeModbus/functions/mbutils.c **** {
 217              		.loc 1 118 1 is_stmt 1 view -0
 218              		.cfi_startproc
 219              		@ args = 0, pretend = 0, frame = 0
 220              		@ frame_needed = 0, uses_anonymous_args = 0
 221              		@ link register save eliminated.
 119:Drivers/FreeModbus/functions/mbutils.c ****     eMBException    eStatus;
 222              		.loc 1 119 5 view .LVU69
 120:Drivers/FreeModbus/functions/mbutils.c **** 
 121:Drivers/FreeModbus/functions/mbutils.c ****     switch ( eErrorCode )
 223              		.loc 1 121 5 view .LVU70
 224 0000 0128     		cmp	r0, #1
 225 0002 05D0     		beq	.L7
 226 0004 0728     		cmp	r0, #7
ARM GAS  C:\Users\du4\AppData\Local\Temp\ccZCVdBd.s 			page 7


 227 0006 05D0     		beq	.L8
 228 0008 08B1     		cbz	r0, .L10
 122:Drivers/FreeModbus/functions/mbutils.c ****     {
 123:Drivers/FreeModbus/functions/mbutils.c ****         case MB_ENOERR:
 124:Drivers/FreeModbus/functions/mbutils.c ****             eStatus = MB_EX_NONE;
 125:Drivers/FreeModbus/functions/mbutils.c ****             break;
 126:Drivers/FreeModbus/functions/mbutils.c **** 
 127:Drivers/FreeModbus/functions/mbutils.c ****         case MB_ENOREG:
 128:Drivers/FreeModbus/functions/mbutils.c ****             eStatus = MB_EX_ILLEGAL_DATA_ADDRESS;
 129:Drivers/FreeModbus/functions/mbutils.c ****             break;
 130:Drivers/FreeModbus/functions/mbutils.c **** 
 131:Drivers/FreeModbus/functions/mbutils.c ****         case MB_ETIMEDOUT:
 132:Drivers/FreeModbus/functions/mbutils.c ****             eStatus = MB_EX_SLAVE_BUSY;
 133:Drivers/FreeModbus/functions/mbutils.c ****             break;
 134:Drivers/FreeModbus/functions/mbutils.c **** 
 135:Drivers/FreeModbus/functions/mbutils.c ****         default:
 136:Drivers/FreeModbus/functions/mbutils.c ****             eStatus = MB_EX_SLAVE_DEVICE_FAILURE;
 229              		.loc 1 136 21 is_stmt 0 view .LVU71
 230 000a 0420     		movs	r0, #4
 231              	.LVL29:
 137:Drivers/FreeModbus/functions/mbutils.c ****             break;
 138:Drivers/FreeModbus/functions/mbutils.c ****     }
 139:Drivers/FreeModbus/functions/mbutils.c **** 
 140:Drivers/FreeModbus/functions/mbutils.c ****     return eStatus;
 232              		.loc 1 140 5 is_stmt 1 view .LVU72
 141:Drivers/FreeModbus/functions/mbutils.c **** }
 233              		.loc 1 141 1 is_stmt 0 view .LVU73
 234 000c 7047     		bx	lr
 235              	.LVL30:
 236              	.L10:
 237              		.loc 1 141 1 view .LVU74
 238 000e 7047     		bx	lr
 239              	.L7:
 128:Drivers/FreeModbus/functions/mbutils.c ****             break;
 240              		.loc 1 128 21 view .LVU75
 241 0010 0220     		movs	r0, #2
 242              	.LVL31:
 128:Drivers/FreeModbus/functions/mbutils.c ****             break;
 243              		.loc 1 128 21 view .LVU76
 244 0012 7047     		bx	lr
 245              	.LVL32:
 246              	.L8:
 132:Drivers/FreeModbus/functions/mbutils.c ****             break;
 247              		.loc 1 132 21 view .LVU77
 248 0014 0620     		movs	r0, #6
 249              	.LVL33:
 132:Drivers/FreeModbus/functions/mbutils.c ****             break;
 250              		.loc 1 132 21 view .LVU78
 251 0016 7047     		bx	lr
 252              		.cfi_endproc
 253              	.LFE237:
 255              		.text
 256              	.Letext0:
 257              		.file 2 "c:\\vscodeproject\\software\\arm_gcc\\arm-none-eabi\\include\\machine\\_default_types.h"
 258              		.file 3 "c:\\vscodeproject\\software\\arm_gcc\\arm-none-eabi\\include\\sys\\lock.h"
 259              		.file 4 "c:\\vscodeproject\\software\\arm_gcc\\arm-none-eabi\\include\\sys\\_types.h"
 260              		.file 5 "c:\\vscodeproject\\software\\arm_gcc\\lib\\gcc\\arm-none-eabi\\9.2.1\\include\\stddef.h"
ARM GAS  C:\Users\du4\AppData\Local\Temp\ccZCVdBd.s 			page 8


 261              		.file 6 "c:\\vscodeproject\\software\\arm_gcc\\arm-none-eabi\\include\\sys\\reent.h"
 262              		.file 7 "c:\\vscodeproject\\software\\arm_gcc\\arm-none-eabi\\include\\stdlib.h"
 263              		.file 8 "c:\\vscodeproject\\software\\arm_gcc\\arm-none-eabi\\include\\sys\\_stdint.h"
 264              		.file 9 "Drivers/CMSIS/Include/core_cm4.h"
 265              		.file 10 "Drivers/CMSIS/Device/ST/STM32F4xx/Include/system_stm32f4xx.h"
 266              		.file 11 "Drivers/STM32F4xx_HAL_Driver/Inc/stm32f4xx_hal.h"
 267              		.file 12 "Drivers/FreeModbus/port/port.h"
 268              		.file 13 "Drivers/FreeModbus/include/mbport.h"
 269              		.file 14 "Drivers/FreeModbus/include/mbproto.h"
 270              		.file 15 "Drivers/FreeModbus/include/mb.h"
ARM GAS  C:\Users\du4\AppData\Local\Temp\ccZCVdBd.s 			page 9


DEFINED SYMBOLS
                            *ABS*:0000000000000000 mbutils.c
C:\Users\du4\AppData\Local\Temp\ccZCVdBd.s:18     .text.xMBUtilSetBits:0000000000000000 $t
C:\Users\du4\AppData\Local\Temp\ccZCVdBd.s:26     .text.xMBUtilSetBits:0000000000000000 xMBUtilSetBits
C:\Users\du4\AppData\Local\Temp\ccZCVdBd.s:126    .text.xMBUtilGetBits:0000000000000000 $t
C:\Users\du4\AppData\Local\Temp\ccZCVdBd.s:133    .text.xMBUtilGetBits:0000000000000000 xMBUtilGetBits
C:\Users\du4\AppData\Local\Temp\ccZCVdBd.s:207    .text.prveMBError2Exception:0000000000000000 $t
C:\Users\du4\AppData\Local\Temp\ccZCVdBd.s:214    .text.prveMBError2Exception:0000000000000000 prveMBError2Exception

NO UNDEFINED SYMBOLS
