ARM GAS  C:\Users\du4\AppData\Local\Temp\ccYPpyJk.s 			page 1


   1              		.cpu cortex-m4
   2              		.eabi_attribute 27, 1
   3              		.eabi_attribute 28, 1
   4              		.eabi_attribute 20, 1
   5              		.eabi_attribute 21, 1
   6              		.eabi_attribute 23, 3
   7              		.eabi_attribute 24, 1
   8              		.eabi_attribute 25, 1
   9              		.eabi_attribute 26, 1
  10              		.eabi_attribute 30, 1
  11              		.eabi_attribute 34, 1
  12              		.eabi_attribute 18, 4
  13              		.file	"stm32f4xx_it.c"
  14              		.text
  15              	.Ltext0:
  16              		.cfi_sections	.debug_frame
  17              		.section	.text.NMI_Handler,"ax",%progbits
  18              		.align	1
  19              		.global	NMI_Handler
  20              		.arch armv7e-m
  21              		.syntax unified
  22              		.thumb
  23              		.thumb_func
  24              		.fpu fpv4-sp-d16
  26              	NMI_Handler:
  27              	.LFB235:
  28              		.file 1 "Core/Src/stm32f4xx_it.c"
   1:Core/Src/stm32f4xx_it.c **** /* USER CODE BEGIN Header */
   2:Core/Src/stm32f4xx_it.c **** /**
   3:Core/Src/stm32f4xx_it.c ****   ******************************************************************************
   4:Core/Src/stm32f4xx_it.c ****   * @file    stm32f4xx_it.c
   5:Core/Src/stm32f4xx_it.c ****   * @brief   Interrupt Service Routines.
   6:Core/Src/stm32f4xx_it.c ****   ******************************************************************************
   7:Core/Src/stm32f4xx_it.c ****   * @attention
   8:Core/Src/stm32f4xx_it.c ****   *
   9:Core/Src/stm32f4xx_it.c ****   * <h2><center>&copy; Copyright (c) 2021 STMicroelectronics.
  10:Core/Src/stm32f4xx_it.c ****   * All rights reserved.</center></h2>
  11:Core/Src/stm32f4xx_it.c ****   *
  12:Core/Src/stm32f4xx_it.c ****   * This software component is licensed by ST under BSD 3-Clause license,
  13:Core/Src/stm32f4xx_it.c ****   * the "License"; You may not use this file except in compliance with the
  14:Core/Src/stm32f4xx_it.c ****   * License. You may obtain a copy of the License at:
  15:Core/Src/stm32f4xx_it.c ****   *                        opensource.org/licenses/BSD-3-Clause
  16:Core/Src/stm32f4xx_it.c ****   *
  17:Core/Src/stm32f4xx_it.c ****   ******************************************************************************
  18:Core/Src/stm32f4xx_it.c ****   */
  19:Core/Src/stm32f4xx_it.c **** /* USER CODE END Header */
  20:Core/Src/stm32f4xx_it.c **** 
  21:Core/Src/stm32f4xx_it.c **** /* Includes ------------------------------------------------------------------*/
  22:Core/Src/stm32f4xx_it.c **** #include "main.h"
  23:Core/Src/stm32f4xx_it.c **** #include "stm32f4xx_it.h"
  24:Core/Src/stm32f4xx_it.c **** /* Private includes ----------------------------------------------------------*/
  25:Core/Src/stm32f4xx_it.c **** /* USER CODE BEGIN Includes */
  26:Core/Src/stm32f4xx_it.c **** #include "ReceiveTransmit.h"
  27:Core/Src/stm32f4xx_it.c **** 
  28:Core/Src/stm32f4xx_it.c **** #define tV_25   0.76            // –ù–∞–ø—Ä—è–∂–µ–Ω–∏–µ (–≤ –≤–æ–ª—å—Ç–∞—Ö) –Ω–∞ –¥–∞—Ç—á–∏–∫–µ –ø—
  29:Core/Src/stm32f4xx_it.c **** #define tSlope  0.0025          // ÔøΩ?–∑–º–µ–Ω–µ–Ω–∏–µ –Ω–∞–ø—Ä—è–∂–µ–Ω–∏—è (–≤ –≤–æ–ª—å—Ç–∞—Ö) –ø
  30:Core/Src/stm32f4xx_it.c **** #define Vref    3.3             // –û–±—Ä–∞–∑—Ü–æ–≤–æ–µ –Ω–∞–ø—Ä—è–∂–µ–Ω–∏–µ –ê–¶–ü (–≤ –≤–æ–ª—å—Ç–
ARM GAS  C:\Users\du4\AppData\Local\Temp\ccYPpyJk.s 			page 2


  31:Core/Src/stm32f4xx_it.c **** /* USER CODE END Includes */
  32:Core/Src/stm32f4xx_it.c **** 
  33:Core/Src/stm32f4xx_it.c **** /* Private typedef -----------------------------------------------------------*/
  34:Core/Src/stm32f4xx_it.c **** /* USER CODE BEGIN TD */
  35:Core/Src/stm32f4xx_it.c **** extern ADC_HandleTypeDef hadc1;
  36:Core/Src/stm32f4xx_it.c **** 
  37:Core/Src/stm32f4xx_it.c **** extern uint16_t usSRegInBuf[];
  38:Core/Src/stm32f4xx_it.c **** extern uint16_t usSRegHoldBuf[];
  39:Core/Src/stm32f4xx_it.c **** 
  40:Core/Src/stm32f4xx_it.c **** /* USER CODE END TD */
  41:Core/Src/stm32f4xx_it.c **** 
  42:Core/Src/stm32f4xx_it.c **** /* Private define ------------------------------------------------------------*/
  43:Core/Src/stm32f4xx_it.c **** /* USER CODE BEGIN PD */
  44:Core/Src/stm32f4xx_it.c **** float Result = 0, voltageADC = 0, meanADC = 0, AverageADC = 0;
  45:Core/Src/stm32f4xx_it.c **** float temp;
  46:Core/Src/stm32f4xx_it.c **** uint16_t MassifADC[5];
  47:Core/Src/stm32f4xx_it.c **** 
  48:Core/Src/stm32f4xx_it.c **** /* USER CODE END PD */
  49:Core/Src/stm32f4xx_it.c **** 
  50:Core/Src/stm32f4xx_it.c **** /* Private macro -------------------------------------------------------------*/
  51:Core/Src/stm32f4xx_it.c **** /* USER CODE BEGIN PM */
  52:Core/Src/stm32f4xx_it.c **** 
  53:Core/Src/stm32f4xx_it.c **** /* USER CODE END PM */
  54:Core/Src/stm32f4xx_it.c **** 
  55:Core/Src/stm32f4xx_it.c **** /* Private variables ---------------------------------------------------------*/
  56:Core/Src/stm32f4xx_it.c **** /* USER CODE BEGIN PV */
  57:Core/Src/stm32f4xx_it.c **** 
  58:Core/Src/stm32f4xx_it.c **** /* USER CODE END PV */
  59:Core/Src/stm32f4xx_it.c **** 
  60:Core/Src/stm32f4xx_it.c **** /* Private function prototypes -----------------------------------------------*/
  61:Core/Src/stm32f4xx_it.c **** /* USER CODE BEGIN PFP */
  62:Core/Src/stm32f4xx_it.c **** 
  63:Core/Src/stm32f4xx_it.c **** /* USER CODE END PFP */
  64:Core/Src/stm32f4xx_it.c **** 
  65:Core/Src/stm32f4xx_it.c **** /* Private user code ---------------------------------------------------------*/
  66:Core/Src/stm32f4xx_it.c **** /* USER CODE BEGIN 0 */
  67:Core/Src/stm32f4xx_it.c **** 
  68:Core/Src/stm32f4xx_it.c **** /* USER CODE END 0 */
  69:Core/Src/stm32f4xx_it.c **** 
  70:Core/Src/stm32f4xx_it.c **** /* External variables --------------------------------------------------------*/
  71:Core/Src/stm32f4xx_it.c **** extern TIM_HandleTypeDef htim3;
  72:Core/Src/stm32f4xx_it.c **** extern TIM_HandleTypeDef htim4;
  73:Core/Src/stm32f4xx_it.c **** extern UART_HandleTypeDef huart1;
  74:Core/Src/stm32f4xx_it.c **** extern UART_HandleTypeDef huart2;
  75:Core/Src/stm32f4xx_it.c **** /* USER CODE BEGIN EV */
  76:Core/Src/stm32f4xx_it.c **** 
  77:Core/Src/stm32f4xx_it.c **** /* USER CODE END EV */
  78:Core/Src/stm32f4xx_it.c **** 
  79:Core/Src/stm32f4xx_it.c **** /******************************************************************************/
  80:Core/Src/stm32f4xx_it.c **** /*           Cortex-M4 Processor Interruption and Exception Handlers          */
  81:Core/Src/stm32f4xx_it.c **** /******************************************************************************/
  82:Core/Src/stm32f4xx_it.c **** /**
  83:Core/Src/stm32f4xx_it.c ****   * @brief This function handles Non maskable interrupt.
  84:Core/Src/stm32f4xx_it.c ****   */
  85:Core/Src/stm32f4xx_it.c **** void NMI_Handler(void)
  86:Core/Src/stm32f4xx_it.c **** {
  29              		.loc 1 86 1 view -0
ARM GAS  C:\Users\du4\AppData\Local\Temp\ccYPpyJk.s 			page 3


  30              		.cfi_startproc
  31              		@ Volatile: function does not return.
  32              		@ args = 0, pretend = 0, frame = 0
  33              		@ frame_needed = 0, uses_anonymous_args = 0
  34              		@ link register save eliminated.
  35              	.L2:
  87:Core/Src/stm32f4xx_it.c ****   /* USER CODE BEGIN NonMaskableInt_IRQn 0 */
  88:Core/Src/stm32f4xx_it.c **** 
  89:Core/Src/stm32f4xx_it.c ****   /* USER CODE END NonMaskableInt_IRQn 0 */
  90:Core/Src/stm32f4xx_it.c ****   /* USER CODE BEGIN NonMaskableInt_IRQn 1 */
  91:Core/Src/stm32f4xx_it.c ****   while (1)
  36              		.loc 1 91 3 discriminator 1 view .LVU1
  92:Core/Src/stm32f4xx_it.c ****   {
  93:Core/Src/stm32f4xx_it.c ****   }
  37              		.loc 1 93 3 discriminator 1 view .LVU2
  91:Core/Src/stm32f4xx_it.c ****   {
  38              		.loc 1 91 9 discriminator 1 view .LVU3
  39 0000 FEE7     		b	.L2
  40              		.cfi_endproc
  41              	.LFE235:
  43              		.section	.text.HardFault_Handler,"ax",%progbits
  44              		.align	1
  45              		.global	HardFault_Handler
  46              		.syntax unified
  47              		.thumb
  48              		.thumb_func
  49              		.fpu fpv4-sp-d16
  51              	HardFault_Handler:
  52              	.LFB236:
  94:Core/Src/stm32f4xx_it.c ****   /* USER CODE END NonMaskableInt_IRQn 1 */
  95:Core/Src/stm32f4xx_it.c **** }
  96:Core/Src/stm32f4xx_it.c **** 
  97:Core/Src/stm32f4xx_it.c **** /**
  98:Core/Src/stm32f4xx_it.c ****   * @brief This function handles Hard fault interrupt.
  99:Core/Src/stm32f4xx_it.c ****   */
 100:Core/Src/stm32f4xx_it.c **** void HardFault_Handler(void)
 101:Core/Src/stm32f4xx_it.c **** {
  53              		.loc 1 101 1 view -0
  54              		.cfi_startproc
  55              		@ Volatile: function does not return.
  56              		@ args = 0, pretend = 0, frame = 0
  57              		@ frame_needed = 0, uses_anonymous_args = 0
  58              		@ link register save eliminated.
  59              	.L4:
 102:Core/Src/stm32f4xx_it.c ****   /* USER CODE BEGIN HardFault_IRQn 0 */
 103:Core/Src/stm32f4xx_it.c **** 
 104:Core/Src/stm32f4xx_it.c ****   /* USER CODE END HardFault_IRQn 0 */
 105:Core/Src/stm32f4xx_it.c ****   while (1)
  60              		.loc 1 105 3 discriminator 1 view .LVU5
 106:Core/Src/stm32f4xx_it.c ****   {
 107:Core/Src/stm32f4xx_it.c ****     /* USER CODE BEGIN W1_HardFault_IRQn 0 */
 108:Core/Src/stm32f4xx_it.c ****     /* USER CODE END W1_HardFault_IRQn 0 */
 109:Core/Src/stm32f4xx_it.c ****   }
  61              		.loc 1 109 3 discriminator 1 view .LVU6
 105:Core/Src/stm32f4xx_it.c ****   {
  62              		.loc 1 105 9 discriminator 1 view .LVU7
  63 0000 FEE7     		b	.L4
ARM GAS  C:\Users\du4\AppData\Local\Temp\ccYPpyJk.s 			page 4


  64              		.cfi_endproc
  65              	.LFE236:
  67              		.section	.text.MemManage_Handler,"ax",%progbits
  68              		.align	1
  69              		.global	MemManage_Handler
  70              		.syntax unified
  71              		.thumb
  72              		.thumb_func
  73              		.fpu fpv4-sp-d16
  75              	MemManage_Handler:
  76              	.LFB237:
 110:Core/Src/stm32f4xx_it.c **** }
 111:Core/Src/stm32f4xx_it.c **** 
 112:Core/Src/stm32f4xx_it.c **** /**
 113:Core/Src/stm32f4xx_it.c ****   * @brief This function handles Memory management fault.
 114:Core/Src/stm32f4xx_it.c ****   */
 115:Core/Src/stm32f4xx_it.c **** void MemManage_Handler(void)
 116:Core/Src/stm32f4xx_it.c **** {
  77              		.loc 1 116 1 view -0
  78              		.cfi_startproc
  79              		@ Volatile: function does not return.
  80              		@ args = 0, pretend = 0, frame = 0
  81              		@ frame_needed = 0, uses_anonymous_args = 0
  82              		@ link register save eliminated.
  83              	.L6:
 117:Core/Src/stm32f4xx_it.c ****   /* USER CODE BEGIN MemoryManagement_IRQn 0 */
 118:Core/Src/stm32f4xx_it.c **** 
 119:Core/Src/stm32f4xx_it.c ****   /* USER CODE END MemoryManagement_IRQn 0 */
 120:Core/Src/stm32f4xx_it.c ****   while (1)
  84              		.loc 1 120 3 discriminator 1 view .LVU9
 121:Core/Src/stm32f4xx_it.c ****   {
 122:Core/Src/stm32f4xx_it.c ****     /* USER CODE BEGIN W1_MemoryManagement_IRQn 0 */
 123:Core/Src/stm32f4xx_it.c ****     /* USER CODE END W1_MemoryManagement_IRQn 0 */
 124:Core/Src/stm32f4xx_it.c ****   }
  85              		.loc 1 124 3 discriminator 1 view .LVU10
 120:Core/Src/stm32f4xx_it.c ****   {
  86              		.loc 1 120 9 discriminator 1 view .LVU11
  87 0000 FEE7     		b	.L6
  88              		.cfi_endproc
  89              	.LFE237:
  91              		.section	.text.BusFault_Handler,"ax",%progbits
  92              		.align	1
  93              		.global	BusFault_Handler
  94              		.syntax unified
  95              		.thumb
  96              		.thumb_func
  97              		.fpu fpv4-sp-d16
  99              	BusFault_Handler:
 100              	.LFB238:
 125:Core/Src/stm32f4xx_it.c **** }
 126:Core/Src/stm32f4xx_it.c **** 
 127:Core/Src/stm32f4xx_it.c **** /**
 128:Core/Src/stm32f4xx_it.c ****   * @brief This function handles Pre-fetch fault, memory access fault.
 129:Core/Src/stm32f4xx_it.c ****   */
 130:Core/Src/stm32f4xx_it.c **** void BusFault_Handler(void)
 131:Core/Src/stm32f4xx_it.c **** {
 101              		.loc 1 131 1 view -0
ARM GAS  C:\Users\du4\AppData\Local\Temp\ccYPpyJk.s 			page 5


 102              		.cfi_startproc
 103              		@ Volatile: function does not return.
 104              		@ args = 0, pretend = 0, frame = 0
 105              		@ frame_needed = 0, uses_anonymous_args = 0
 106              		@ link register save eliminated.
 107              	.L8:
 132:Core/Src/stm32f4xx_it.c ****   /* USER CODE BEGIN BusFault_IRQn 0 */
 133:Core/Src/stm32f4xx_it.c **** 
 134:Core/Src/stm32f4xx_it.c ****   /* USER CODE END BusFault_IRQn 0 */
 135:Core/Src/stm32f4xx_it.c ****   while (1)
 108              		.loc 1 135 3 discriminator 1 view .LVU13
 136:Core/Src/stm32f4xx_it.c ****   {
 137:Core/Src/stm32f4xx_it.c ****     /* USER CODE BEGIN W1_BusFault_IRQn 0 */
 138:Core/Src/stm32f4xx_it.c ****     /* USER CODE END W1_BusFault_IRQn 0 */
 139:Core/Src/stm32f4xx_it.c ****   }
 109              		.loc 1 139 3 discriminator 1 view .LVU14
 135:Core/Src/stm32f4xx_it.c ****   {
 110              		.loc 1 135 9 discriminator 1 view .LVU15
 111 0000 FEE7     		b	.L8
 112              		.cfi_endproc
 113              	.LFE238:
 115              		.section	.text.UsageFault_Handler,"ax",%progbits
 116              		.align	1
 117              		.global	UsageFault_Handler
 118              		.syntax unified
 119              		.thumb
 120              		.thumb_func
 121              		.fpu fpv4-sp-d16
 123              	UsageFault_Handler:
 124              	.LFB239:
 140:Core/Src/stm32f4xx_it.c **** }
 141:Core/Src/stm32f4xx_it.c **** 
 142:Core/Src/stm32f4xx_it.c **** /**
 143:Core/Src/stm32f4xx_it.c ****   * @brief This function handles Undefined instruction or illegal state.
 144:Core/Src/stm32f4xx_it.c ****   */
 145:Core/Src/stm32f4xx_it.c **** void UsageFault_Handler(void)
 146:Core/Src/stm32f4xx_it.c **** {
 125              		.loc 1 146 1 view -0
 126              		.cfi_startproc
 127              		@ Volatile: function does not return.
 128              		@ args = 0, pretend = 0, frame = 0
 129              		@ frame_needed = 0, uses_anonymous_args = 0
 130              		@ link register save eliminated.
 131              	.L10:
 147:Core/Src/stm32f4xx_it.c ****   /* USER CODE BEGIN UsageFault_IRQn 0 */
 148:Core/Src/stm32f4xx_it.c **** 
 149:Core/Src/stm32f4xx_it.c ****   /* USER CODE END UsageFault_IRQn 0 */
 150:Core/Src/stm32f4xx_it.c ****   while (1)
 132              		.loc 1 150 3 discriminator 1 view .LVU17
 151:Core/Src/stm32f4xx_it.c ****   {
 152:Core/Src/stm32f4xx_it.c ****     /* USER CODE BEGIN W1_UsageFault_IRQn 0 */
 153:Core/Src/stm32f4xx_it.c ****     /* USER CODE END W1_UsageFault_IRQn 0 */
 154:Core/Src/stm32f4xx_it.c ****   }
 133              		.loc 1 154 3 discriminator 1 view .LVU18
 150:Core/Src/stm32f4xx_it.c ****   {
 134              		.loc 1 150 9 discriminator 1 view .LVU19
 135 0000 FEE7     		b	.L10
ARM GAS  C:\Users\du4\AppData\Local\Temp\ccYPpyJk.s 			page 6


 136              		.cfi_endproc
 137              	.LFE239:
 139              		.section	.text.SVC_Handler,"ax",%progbits
 140              		.align	1
 141              		.global	SVC_Handler
 142              		.syntax unified
 143              		.thumb
 144              		.thumb_func
 145              		.fpu fpv4-sp-d16
 147              	SVC_Handler:
 148              	.LFB240:
 155:Core/Src/stm32f4xx_it.c **** }
 156:Core/Src/stm32f4xx_it.c **** 
 157:Core/Src/stm32f4xx_it.c **** /**
 158:Core/Src/stm32f4xx_it.c ****   * @brief This function handles System service call via SWI instruction.
 159:Core/Src/stm32f4xx_it.c ****   */
 160:Core/Src/stm32f4xx_it.c **** void SVC_Handler(void)
 161:Core/Src/stm32f4xx_it.c **** {
 149              		.loc 1 161 1 view -0
 150              		.cfi_startproc
 151              		@ args = 0, pretend = 0, frame = 0
 152              		@ frame_needed = 0, uses_anonymous_args = 0
 153              		@ link register save eliminated.
 162:Core/Src/stm32f4xx_it.c ****   /* USER CODE BEGIN SVCall_IRQn 0 */
 163:Core/Src/stm32f4xx_it.c **** 
 164:Core/Src/stm32f4xx_it.c ****   /* USER CODE END SVCall_IRQn 0 */
 165:Core/Src/stm32f4xx_it.c ****   /* USER CODE BEGIN SVCall_IRQn 1 */
 166:Core/Src/stm32f4xx_it.c **** 
 167:Core/Src/stm32f4xx_it.c ****   /* USER CODE END SVCall_IRQn 1 */
 168:Core/Src/stm32f4xx_it.c **** }
 154              		.loc 1 168 1 view .LVU21
 155 0000 7047     		bx	lr
 156              		.cfi_endproc
 157              	.LFE240:
 159              		.section	.text.DebugMon_Handler,"ax",%progbits
 160              		.align	1
 161              		.global	DebugMon_Handler
 162              		.syntax unified
 163              		.thumb
 164              		.thumb_func
 165              		.fpu fpv4-sp-d16
 167              	DebugMon_Handler:
 168              	.LFB241:
 169:Core/Src/stm32f4xx_it.c **** 
 170:Core/Src/stm32f4xx_it.c **** /**
 171:Core/Src/stm32f4xx_it.c ****   * @brief This function handles Debug monitor.
 172:Core/Src/stm32f4xx_it.c ****   */
 173:Core/Src/stm32f4xx_it.c **** void DebugMon_Handler(void)
 174:Core/Src/stm32f4xx_it.c **** {
 169              		.loc 1 174 1 view -0
 170              		.cfi_startproc
 171              		@ args = 0, pretend = 0, frame = 0
 172              		@ frame_needed = 0, uses_anonymous_args = 0
 173              		@ link register save eliminated.
 175:Core/Src/stm32f4xx_it.c ****   /* USER CODE BEGIN DebugMonitor_IRQn 0 */
 176:Core/Src/stm32f4xx_it.c **** 
 177:Core/Src/stm32f4xx_it.c ****   /* USER CODE END DebugMonitor_IRQn 0 */
ARM GAS  C:\Users\du4\AppData\Local\Temp\ccYPpyJk.s 			page 7


 178:Core/Src/stm32f4xx_it.c ****   /* USER CODE BEGIN DebugMonitor_IRQn 1 */
 179:Core/Src/stm32f4xx_it.c **** 
 180:Core/Src/stm32f4xx_it.c ****   /* USER CODE END DebugMonitor_IRQn 1 */
 181:Core/Src/stm32f4xx_it.c **** }
 174              		.loc 1 181 1 view .LVU23
 175 0000 7047     		bx	lr
 176              		.cfi_endproc
 177              	.LFE241:
 179              		.section	.text.PendSV_Handler,"ax",%progbits
 180              		.align	1
 181              		.global	PendSV_Handler
 182              		.syntax unified
 183              		.thumb
 184              		.thumb_func
 185              		.fpu fpv4-sp-d16
 187              	PendSV_Handler:
 188              	.LFB242:
 182:Core/Src/stm32f4xx_it.c **** 
 183:Core/Src/stm32f4xx_it.c **** /**
 184:Core/Src/stm32f4xx_it.c ****   * @brief This function handles Pendable request for system service.
 185:Core/Src/stm32f4xx_it.c ****   */
 186:Core/Src/stm32f4xx_it.c **** void PendSV_Handler(void)
 187:Core/Src/stm32f4xx_it.c **** {
 189              		.loc 1 187 1 view -0
 190              		.cfi_startproc
 191              		@ args = 0, pretend = 0, frame = 0
 192              		@ frame_needed = 0, uses_anonymous_args = 0
 193              		@ link register save eliminated.
 188:Core/Src/stm32f4xx_it.c ****   /* USER CODE BEGIN PendSV_IRQn 0 */
 189:Core/Src/stm32f4xx_it.c **** 
 190:Core/Src/stm32f4xx_it.c ****   /* USER CODE END PendSV_IRQn 0 */
 191:Core/Src/stm32f4xx_it.c ****   /* USER CODE BEGIN PendSV_IRQn 1 */
 192:Core/Src/stm32f4xx_it.c **** 
 193:Core/Src/stm32f4xx_it.c ****   /* USER CODE END PendSV_IRQn 1 */
 194:Core/Src/stm32f4xx_it.c **** }
 194              		.loc 1 194 1 view .LVU25
 195 0000 7047     		bx	lr
 196              		.cfi_endproc
 197              	.LFE242:
 199              		.section	.text.SysTick_Handler,"ax",%progbits
 200              		.align	1
 201              		.global	SysTick_Handler
 202              		.syntax unified
 203              		.thumb
 204              		.thumb_func
 205              		.fpu fpv4-sp-d16
 207              	SysTick_Handler:
 208              	.LFB243:
 195:Core/Src/stm32f4xx_it.c **** 
 196:Core/Src/stm32f4xx_it.c **** /**
 197:Core/Src/stm32f4xx_it.c ****   * @brief This function handles System tick timer.
 198:Core/Src/stm32f4xx_it.c ****   */
 199:Core/Src/stm32f4xx_it.c **** void SysTick_Handler(void)
 200:Core/Src/stm32f4xx_it.c **** {
 209              		.loc 1 200 1 view -0
 210              		.cfi_startproc
 211              		@ args = 0, pretend = 0, frame = 0
ARM GAS  C:\Users\du4\AppData\Local\Temp\ccYPpyJk.s 			page 8


 212              		@ frame_needed = 0, uses_anonymous_args = 0
 213 0000 08B5     		push	{r3, lr}
 214              	.LCFI0:
 215              		.cfi_def_cfa_offset 8
 216              		.cfi_offset 3, -8
 217              		.cfi_offset 14, -4
 201:Core/Src/stm32f4xx_it.c ****   /* USER CODE BEGIN SysTick_IRQn 0 */
 202:Core/Src/stm32f4xx_it.c **** 
 203:Core/Src/stm32f4xx_it.c ****   /* USER CODE END SysTick_IRQn 0 */
 204:Core/Src/stm32f4xx_it.c ****   HAL_IncTick();
 218              		.loc 1 204 3 view .LVU27
 219 0002 FFF7FEFF 		bl	HAL_IncTick
 220              	.LVL0:
 205:Core/Src/stm32f4xx_it.c ****   /* USER CODE BEGIN SysTick_IRQn 1 */
 206:Core/Src/stm32f4xx_it.c **** 
 207:Core/Src/stm32f4xx_it.c ****   /* USER CODE END SysTick_IRQn 1 */
 208:Core/Src/stm32f4xx_it.c **** }
 221              		.loc 1 208 1 is_stmt 0 view .LVU28
 222 0006 08BD     		pop	{r3, pc}
 223              		.cfi_endproc
 224              	.LFE243:
 226              		.section	.text.EXTI0_IRQHandler,"ax",%progbits
 227              		.align	1
 228              		.global	EXTI0_IRQHandler
 229              		.syntax unified
 230              		.thumb
 231              		.thumb_func
 232              		.fpu fpv4-sp-d16
 234              	EXTI0_IRQHandler:
 235              	.LFB244:
 209:Core/Src/stm32f4xx_it.c **** 
 210:Core/Src/stm32f4xx_it.c **** /******************************************************************************/
 211:Core/Src/stm32f4xx_it.c **** /* STM32F4xx Peripheral Interrupt Handlers                                    */
 212:Core/Src/stm32f4xx_it.c **** /* Add here the Interrupt Handlers for the used peripherals.                  */
 213:Core/Src/stm32f4xx_it.c **** /* For the available peripheral interrupt handler names,                      */
 214:Core/Src/stm32f4xx_it.c **** /* please refer to the startup file (startup_stm32f4xx.s).                    */
 215:Core/Src/stm32f4xx_it.c **** /******************************************************************************/
 216:Core/Src/stm32f4xx_it.c **** 
 217:Core/Src/stm32f4xx_it.c **** /**
 218:Core/Src/stm32f4xx_it.c ****   * @brief This function handles EXTI line0 interrupt.
 219:Core/Src/stm32f4xx_it.c ****   */
 220:Core/Src/stm32f4xx_it.c **** void EXTI0_IRQHandler(void)
 221:Core/Src/stm32f4xx_it.c **** {
 236              		.loc 1 221 1 is_stmt 1 view -0
 237              		.cfi_startproc
 238              		@ args = 0, pretend = 0, frame = 0
 239              		@ frame_needed = 0, uses_anonymous_args = 0
 240 0000 08B5     		push	{r3, lr}
 241              	.LCFI1:
 242              		.cfi_def_cfa_offset 8
 243              		.cfi_offset 3, -8
 244              		.cfi_offset 14, -4
 222:Core/Src/stm32f4xx_it.c ****   /* USER CODE BEGIN EXTI0_IRQn 0 */
 223:Core/Src/stm32f4xx_it.c ****   HAL_GPIO_TogglePin(GPIOA, GPIO_PIN_1);
 245              		.loc 1 223 3 view .LVU30
 246 0002 0221     		movs	r1, #2
 247 0004 0348     		ldr	r0, .L18
ARM GAS  C:\Users\du4\AppData\Local\Temp\ccYPpyJk.s 			page 9


 248 0006 FFF7FEFF 		bl	HAL_GPIO_TogglePin
 249              	.LVL1:
 224:Core/Src/stm32f4xx_it.c **** 
 225:Core/Src/stm32f4xx_it.c ****   /* USER CODE END EXTI0_IRQn 0 */
 226:Core/Src/stm32f4xx_it.c ****   HAL_GPIO_EXTI_IRQHandler(GPIO_PIN_0);
 250              		.loc 1 226 3 view .LVU31
 251 000a 0120     		movs	r0, #1
 252 000c FFF7FEFF 		bl	HAL_GPIO_EXTI_IRQHandler
 253              	.LVL2:
 227:Core/Src/stm32f4xx_it.c ****   /* USER CODE BEGIN EXTI0_IRQn 1 */
 228:Core/Src/stm32f4xx_it.c **** 
 229:Core/Src/stm32f4xx_it.c ****   /* USER CODE END EXTI0_IRQn 1 */
 230:Core/Src/stm32f4xx_it.c **** }
 254              		.loc 1 230 1 is_stmt 0 view .LVU32
 255 0010 08BD     		pop	{r3, pc}
 256              	.L19:
 257 0012 00BF     		.align	2
 258              	.L18:
 259 0014 00000240 		.word	1073872896
 260              		.cfi_endproc
 261              	.LFE244:
 263              		.global	__aeabi_f2d
 264              		.global	__aeabi_dmul
 265              		.global	__aeabi_d2f
 266              		.global	__aeabi_dsub
 267              		.global	__aeabi_ddiv
 268              		.global	__aeabi_dadd
 269              		.section	.text.TIM3_IRQHandler,"ax",%progbits
 270              		.align	1
 271              		.global	TIM3_IRQHandler
 272              		.syntax unified
 273              		.thumb
 274              		.thumb_func
 275              		.fpu fpv4-sp-d16
 277              	TIM3_IRQHandler:
 278              	.LFB245:
 231:Core/Src/stm32f4xx_it.c **** 
 232:Core/Src/stm32f4xx_it.c **** /**
 233:Core/Src/stm32f4xx_it.c ****   * @brief This function handles TIM3 global interrupt.
 234:Core/Src/stm32f4xx_it.c ****   */
 235:Core/Src/stm32f4xx_it.c **** void TIM3_IRQHandler(void)
 236:Core/Src/stm32f4xx_it.c **** {
 279              		.loc 1 236 1 is_stmt 1 view -0
 280              		.cfi_startproc
 281              		@ args = 0, pretend = 0, frame = 0
 282              		@ frame_needed = 0, uses_anonymous_args = 0
 283 0000 38B5     		push	{r3, r4, r5, lr}
 284              	.LCFI2:
 285              		.cfi_def_cfa_offset 16
 286              		.cfi_offset 3, -16
 287              		.cfi_offset 4, -12
 288              		.cfi_offset 5, -8
 289              		.cfi_offset 14, -4
 237:Core/Src/stm32f4xx_it.c ****   /* USER CODE BEGIN TIM3_IRQn 0 */
 238:Core/Src/stm32f4xx_it.c ****   HAL_GPIO_TogglePin(GPIOA, GPIO_PIN_1);
 290              		.loc 1 238 3 view .LVU34
 291 0002 0221     		movs	r1, #2
ARM GAS  C:\Users\du4\AppData\Local\Temp\ccYPpyJk.s 			page 10


 292 0004 4448     		ldr	r0, .L30+24
 293 0006 FFF7FEFF 		bl	HAL_GPIO_TogglePin
 294              	.LVL3:
 239:Core/Src/stm32f4xx_it.c ****   for (int i = 0; i < 5; i++) {
 295              		.loc 1 239 3 view .LVU35
 296              	.LBB2:
 297              		.loc 1 239 8 view .LVU36
 298              		.loc 1 239 12 is_stmt 0 view .LVU37
 299 000a 0024     		movs	r4, #0
 300              		.loc 1 239 3 view .LVU38
 301 000c 14E0     		b	.L21
 302              	.LVL4:
 303              	.L28:
 240:Core/Src/stm32f4xx_it.c ****     HAL_ADC_Start(&hadc1);
 241:Core/Src/stm32f4xx_it.c ****     if (HAL_ADC_PollForConversion(&hadc1, 100) == HAL_OK) {   // –û–∂–∏–¥–∞–Ω–∏–µ –∑–∞–≤–µ—Ä—à–µ–Ω–
 242:Core/Src/stm32f4xx_it.c ****       Result = HAL_ADC_GetValue(&hadc1);                      // –°—á–∏—Ç—ã–≤–∞–Ω–∏–µ —Å –ê–¶–ü.
 304              		.loc 1 242 7 is_stmt 1 view .LVU39
 305              		.loc 1 242 16 is_stmt 0 view .LVU40
 306 000e 2846     		mov	r0, r5
 307 0010 FFF7FEFF 		bl	HAL_ADC_GetValue
 308              	.LVL5:
 309 0014 07EE900A 		vmov	s15, r0	@ int
 310              		.loc 1 242 14 view .LVU41
 311 0018 F8EE677A 		vcvt.f32.u32	s15, s15
 312 001c 3F4B     		ldr	r3, .L30+28
 313 001e C3ED007A 		vstr.32	s15, [r3]
 243:Core/Src/stm32f4xx_it.c ****       MassifADC[i] = Result;
 314              		.loc 1 243 7 is_stmt 1 view .LVU42
 315              		.loc 1 243 20 is_stmt 0 view .LVU43
 316 0022 FCEEE77A 		vcvt.u32.f32	s15, s15
 317 0026 3E4B     		ldr	r3, .L30+32
 318 0028 17EE902A 		vmov	r2, s15	@ int
 319 002c 23F81420 		strh	r2, [r3, r4, lsl #1]	@ movhi
 244:Core/Src/stm32f4xx_it.c ****       HAL_ADC_Stop(&hadc1);                                   // –û—Å—Ç–∞–Ω–æ–≤–∫–∞ –ê–¶–ü.
 320              		.loc 1 244 7 is_stmt 1 view .LVU44
 321 0030 2846     		mov	r0, r5
 322 0032 FFF7FEFF 		bl	HAL_ADC_Stop
 323              	.LVL6:
 324              	.L22:
 239:Core/Src/stm32f4xx_it.c ****     HAL_ADC_Start(&hadc1);
 325              		.loc 1 239 26 discriminator 2 view .LVU45
 239:Core/Src/stm32f4xx_it.c ****     HAL_ADC_Start(&hadc1);
 326              		.loc 1 239 27 is_stmt 0 discriminator 2 view .LVU46
 327 0036 0134     		adds	r4, r4, #1
 328              	.LVL7:
 329              	.L21:
 239:Core/Src/stm32f4xx_it.c ****     HAL_ADC_Start(&hadc1);
 330              		.loc 1 239 19 is_stmt 1 discriminator 1 view .LVU47
 239:Core/Src/stm32f4xx_it.c ****     HAL_ADC_Start(&hadc1);
 331              		.loc 1 239 3 is_stmt 0 discriminator 1 view .LVU48
 332 0038 042C     		cmp	r4, #4
 333 003a 0ADC     		bgt	.L27
 240:Core/Src/stm32f4xx_it.c ****     if (HAL_ADC_PollForConversion(&hadc1, 100) == HAL_OK) {   // –û–∂–∏–¥–∞–Ω–∏–µ –∑–∞–≤–µ—Ä—à–µ–Ω–
 334              		.loc 1 240 5 is_stmt 1 view .LVU49
 335 003c 394D     		ldr	r5, .L30+36
 336 003e 2846     		mov	r0, r5
 337 0040 FFF7FEFF 		bl	HAL_ADC_Start
ARM GAS  C:\Users\du4\AppData\Local\Temp\ccYPpyJk.s 			page 11


 338              	.LVL8:
 241:Core/Src/stm32f4xx_it.c ****       Result = HAL_ADC_GetValue(&hadc1);                      // –°—á–∏—Ç—ã–≤–∞–Ω–∏–µ —Å –ê–¶–ü.
 339              		.loc 1 241 5 view .LVU50
 241:Core/Src/stm32f4xx_it.c ****       Result = HAL_ADC_GetValue(&hadc1);                      // –°—á–∏—Ç—ã–≤–∞–Ω–∏–µ —Å –ê–¶–ü.
 340              		.loc 1 241 9 is_stmt 0 view .LVU51
 341 0044 6421     		movs	r1, #100
 342 0046 2846     		mov	r0, r5
 343 0048 FFF7FEFF 		bl	HAL_ADC_PollForConversion
 344              	.LVL9:
 241:Core/Src/stm32f4xx_it.c ****       Result = HAL_ADC_GetValue(&hadc1);                      // –°—á–∏—Ç—ã–≤–∞–Ω–∏–µ —Å –ê–¶–ü.
 345              		.loc 1 241 8 view .LVU52
 346 004c 0028     		cmp	r0, #0
 347 004e F2D1     		bne	.L22
 348 0050 DDE7     		b	.L28
 349              	.L27:
 350              	.LBE2:
 245:Core/Src/stm32f4xx_it.c ****     }
 246:Core/Src/stm32f4xx_it.c ****   }
 247:Core/Src/stm32f4xx_it.c ****   AverageADC = 0;
 351              		.loc 1 247 3 is_stmt 1 view .LVU53
 352              		.loc 1 247 14 is_stmt 0 view .LVU54
 353 0052 354B     		ldr	r3, .L30+40
 354 0054 0022     		movs	r2, #0
 355 0056 1A60     		str	r2, [r3]	@ float
 248:Core/Src/stm32f4xx_it.c ****   for (int j = 0; j < 5; j++) {
 356              		.loc 1 248 3 is_stmt 1 view .LVU55
 357              	.LBB3:
 358              		.loc 1 248 8 view .LVU56
 359              	.LVL10:
 360              		.loc 1 248 12 is_stmt 0 view .LVU57
 361 0058 0023     		movs	r3, #0
 362              	.LVL11:
 363              	.L24:
 364              		.loc 1 248 19 is_stmt 1 discriminator 1 view .LVU58
 365              		.loc 1 248 3 is_stmt 0 discriminator 1 view .LVU59
 366 005a 042B     		cmp	r3, #4
 367 005c 0FDC     		bgt	.L29
 249:Core/Src/stm32f4xx_it.c ****     AverageADC += MassifADC[j];
 368              		.loc 1 249 5 is_stmt 1 discriminator 3 view .LVU60
 369              		.loc 1 249 28 is_stmt 0 discriminator 3 view .LVU61
 370 005e 304A     		ldr	r2, .L30+32
 371 0060 32F81320 		ldrh	r2, [r2, r3, lsl #1]
 372 0064 07EE902A 		vmov	s15, r2	@ int
 373              		.loc 1 249 16 discriminator 3 view .LVU62
 374 0068 2F4A     		ldr	r2, .L30+40
 375 006a F8EEE77A 		vcvt.f32.s32	s15, s15
 376 006e 92ED007A 		vldr.32	s14, [r2]
 377 0072 77EE877A 		vadd.f32	s15, s15, s14
 378 0076 C2ED007A 		vstr.32	s15, [r2]
 248:Core/Src/stm32f4xx_it.c ****   for (int j = 0; j < 5; j++) {
 379              		.loc 1 248 26 is_stmt 1 discriminator 3 view .LVU63
 248:Core/Src/stm32f4xx_it.c ****   for (int j = 0; j < 5; j++) {
 380              		.loc 1 248 27 is_stmt 0 discriminator 3 view .LVU64
 381 007a 0133     		adds	r3, r3, #1
 382              	.LVL12:
 248:Core/Src/stm32f4xx_it.c ****   for (int j = 0; j < 5; j++) {
 383              		.loc 1 248 27 discriminator 3 view .LVU65
ARM GAS  C:\Users\du4\AppData\Local\Temp\ccYPpyJk.s 			page 12


 384 007c EDE7     		b	.L24
 385              	.L29:
 248:Core/Src/stm32f4xx_it.c ****   for (int j = 0; j < 5; j++) {
 386              		.loc 1 248 27 discriminator 3 view .LVU66
 387              	.LBE3:
 250:Core/Src/stm32f4xx_it.c ****   }
 251:Core/Src/stm32f4xx_it.c ****   meanADC = AverageADC / 5;
 388              		.loc 1 251 3 is_stmt 1 view .LVU67
 389              		.loc 1 251 24 is_stmt 0 view .LVU68
 390 007e 2A4B     		ldr	r3, .L30+40
 391              	.LVL13:
 392              		.loc 1 251 24 view .LVU69
 393 0080 D3ED006A 		vldr.32	s13, [r3]
 394 0084 B1EE047A 		vmov.f32	s14, #5.0e+0
 395 0088 C6EE877A 		vdiv.f32	s15, s13, s14
 396              		.loc 1 251 11 view .LVU70
 397 008c 274B     		ldr	r3, .L30+44
 398 008e C3ED007A 		vstr.32	s15, [r3]
 252:Core/Src/stm32f4xx_it.c ****   voltageADC = (float) meanADC / 4096 * Vref;               // –ù–∞–ø—Ä—è–∂–µ–Ω–∏–µ –≤ –≤–æ–ª—å—Ç–∞
 399              		.loc 1 252 3 is_stmt 1 view .LVU71
 400              		.loc 1 252 32 is_stmt 0 view .LVU72
 401 0092 9FED277A 		vldr.32	s14, .L30+48
 402 0096 67EE877A 		vmul.f32	s15, s15, s14
 403 009a 17EE900A 		vmov	r0, s15
 404 009e FFF7FEFF 		bl	__aeabi_f2d
 405              	.LVL14:
 406              		.loc 1 252 39 view .LVU73
 407 00a2 17A3     		adr	r3, .L30
 408 00a4 D3E90023 		ldrd	r2, [r3]
 409 00a8 FFF7FEFF 		bl	__aeabi_dmul
 410              	.LVL15:
 411 00ac FFF7FEFF 		bl	__aeabi_d2f
 412              	.LVL16:
 413              		.loc 1 252 14 view .LVU74
 414 00b0 204B     		ldr	r3, .L30+52
 415 00b2 1860     		str	r0, [r3]	@ float
 253:Core/Src/stm32f4xx_it.c ****   temp = (voltageADC - tV_25) / tSlope + 25;                // –¢–µ–º–ø–µ—Ä–∞—Ç—É—Ä–∞ –≤ –≥—Ä–∞–¥—É
 416              		.loc 1 253 3 is_stmt 1 view .LVU75
 417              		.loc 1 253 22 is_stmt 0 view .LVU76
 418 00b4 FFF7FEFF 		bl	__aeabi_f2d
 419              	.LVL17:
 420 00b8 13A3     		adr	r3, .L30+8
 421 00ba D3E90023 		ldrd	r2, [r3]
 422 00be FFF7FEFF 		bl	__aeabi_dsub
 423              	.LVL18:
 424              		.loc 1 253 31 view .LVU77
 425 00c2 13A3     		adr	r3, .L30+16
 426 00c4 D3E90023 		ldrd	r2, [r3]
 427 00c8 FFF7FEFF 		bl	__aeabi_ddiv
 428              	.LVL19:
 429              		.loc 1 253 40 view .LVU78
 430 00cc 0022     		movs	r2, #0
 431 00ce 1A4B     		ldr	r3, .L30+56
 432 00d0 FFF7FEFF 		bl	__aeabi_dadd
 433              	.LVL20:
 434 00d4 FFF7FEFF 		bl	__aeabi_d2f
 435              	.LVL21:
ARM GAS  C:\Users\du4\AppData\Local\Temp\ccYPpyJk.s 			page 13


 436 00d8 00EE100A 		vmov	s0, r0
 437              		.loc 1 253 8 view .LVU79
 438 00dc 174B     		ldr	r3, .L30+60
 439 00de 1860     		str	r0, [r3]	@ float
 254:Core/Src/stm32f4xx_it.c ****   Result = (float) temp;
 440              		.loc 1 254 3 is_stmt 1 view .LVU80
 441              		.loc 1 254 10 is_stmt 0 view .LVU81
 442 00e0 0E4B     		ldr	r3, .L30+28
 443 00e2 1860     		str	r0, [r3]	@ float
 255:Core/Src/stm32f4xx_it.c ****   dataTransmit(0, Result);                                  // –ü–µ—Ä–µ–¥–∞—á–∞ –¥–∞–Ω–Ω—ã—Ö Modbus
 444              		.loc 1 255 3 is_stmt 1 view .LVU82
 445 00e4 0020     		movs	r0, #0
 446 00e6 FFF7FEFF 		bl	dataTransmit
 447              	.LVL22:
 256:Core/Src/stm32f4xx_it.c **** 
 257:Core/Src/stm32f4xx_it.c ****   usSRegInBuf[2] += 1;
 448              		.loc 1 257 3 view .LVU83
 449              		.loc 1 257 18 is_stmt 0 view .LVU84
 450 00ea 154A     		ldr	r2, .L30+64
 451 00ec 9388     		ldrh	r3, [r2, #4]
 452 00ee 0133     		adds	r3, r3, #1
 453 00f0 9380     		strh	r3, [r2, #4]	@ movhi
 258:Core/Src/stm32f4xx_it.c **** 
 259:Core/Src/stm32f4xx_it.c ****   /* USER CODE END TIM3_IRQn 0 */
 260:Core/Src/stm32f4xx_it.c ****   HAL_TIM_IRQHandler(&htim3);
 454              		.loc 1 260 3 is_stmt 1 view .LVU85
 455 00f2 1448     		ldr	r0, .L30+68
 456 00f4 FFF7FEFF 		bl	HAL_TIM_IRQHandler
 457              	.LVL23:
 261:Core/Src/stm32f4xx_it.c ****   /* USER CODE BEGIN TIM3_IRQn 1 */
 262:Core/Src/stm32f4xx_it.c **** 
 263:Core/Src/stm32f4xx_it.c ****   /* USER CODE END TIM3_IRQn 1 */
 264:Core/Src/stm32f4xx_it.c **** }
 458              		.loc 1 264 1 is_stmt 0 view .LVU86
 459 00f8 38BD     		pop	{r3, r4, r5, pc}
 460              	.LVL24:
 461              	.L31:
 462              		.loc 1 264 1 view .LVU87
 463 00fa 00BFAFF3 		.align	3
 463      0080
 464              	.L30:
 465 0100 66666666 		.word	1717986918
 466 0104 66660A40 		.word	1074423398
 467 0108 52B81E85 		.word	-2061584302
 468 010c EB51E83F 		.word	1072189931
 469 0110 7B14AE47 		.word	1202590843
 470 0114 E17A643F 		.word	1063549665
 471 0118 00000240 		.word	1073872896
 472 011c 00000000 		.word	.LANCHOR0
 473 0120 00000000 		.word	MassifADC
 474 0124 00000000 		.word	hadc1
 475 0128 00000000 		.word	.LANCHOR1
 476 012c 00000000 		.word	.LANCHOR2
 477 0130 00008039 		.word	964689920
 478 0134 00000000 		.word	.LANCHOR3
 479 0138 00003940 		.word	1077477376
 480 013c 00000000 		.word	temp
ARM GAS  C:\Users\du4\AppData\Local\Temp\ccYPpyJk.s 			page 14


 481 0140 00000000 		.word	usSRegInBuf
 482 0144 00000000 		.word	htim3
 483              		.cfi_endproc
 484              	.LFE245:
 486              		.section	.text.TIM4_IRQHandler,"ax",%progbits
 487              		.align	1
 488              		.global	TIM4_IRQHandler
 489              		.syntax unified
 490              		.thumb
 491              		.thumb_func
 492              		.fpu fpv4-sp-d16
 494              	TIM4_IRQHandler:
 495              	.LFB246:
 265:Core/Src/stm32f4xx_it.c **** 
 266:Core/Src/stm32f4xx_it.c **** /**
 267:Core/Src/stm32f4xx_it.c ****   * @brief This function handles TIM4 global interrupt.
 268:Core/Src/stm32f4xx_it.c ****   */
 269:Core/Src/stm32f4xx_it.c **** void TIM4_IRQHandler(void)
 270:Core/Src/stm32f4xx_it.c **** {
 496              		.loc 1 270 1 is_stmt 1 view -0
 497              		.cfi_startproc
 498              		@ args = 0, pretend = 0, frame = 0
 499              		@ frame_needed = 0, uses_anonymous_args = 0
 500 0000 08B5     		push	{r3, lr}
 501              	.LCFI3:
 502              		.cfi_def_cfa_offset 8
 503              		.cfi_offset 3, -8
 504              		.cfi_offset 14, -4
 271:Core/Src/stm32f4xx_it.c ****   /* USER CODE BEGIN TIM4_IRQn 0 */
 272:Core/Src/stm32f4xx_it.c **** 
 273:Core/Src/stm32f4xx_it.c ****   /* USER CODE END TIM4_IRQn 0 */
 274:Core/Src/stm32f4xx_it.c ****   HAL_TIM_IRQHandler(&htim4);
 505              		.loc 1 274 3 view .LVU89
 506 0002 0248     		ldr	r0, .L34
 507 0004 FFF7FEFF 		bl	HAL_TIM_IRQHandler
 508              	.LVL25:
 275:Core/Src/stm32f4xx_it.c ****   /* USER CODE BEGIN TIM4_IRQn 1 */
 276:Core/Src/stm32f4xx_it.c **** 
 277:Core/Src/stm32f4xx_it.c ****   /* USER CODE END TIM4_IRQn 1 */
 278:Core/Src/stm32f4xx_it.c **** }
 509              		.loc 1 278 1 is_stmt 0 view .LVU90
 510 0008 08BD     		pop	{r3, pc}
 511              	.L35:
 512 000a 00BF     		.align	2
 513              	.L34:
 514 000c 00000000 		.word	htim4
 515              		.cfi_endproc
 516              	.LFE246:
 518              		.section	.text.USART1_IRQHandler,"ax",%progbits
 519              		.align	1
 520              		.global	USART1_IRQHandler
 521              		.syntax unified
 522              		.thumb
 523              		.thumb_func
 524              		.fpu fpv4-sp-d16
 526              	USART1_IRQHandler:
 527              	.LFB247:
ARM GAS  C:\Users\du4\AppData\Local\Temp\ccYPpyJk.s 			page 15


 279:Core/Src/stm32f4xx_it.c **** 
 280:Core/Src/stm32f4xx_it.c **** /**
 281:Core/Src/stm32f4xx_it.c ****   * @brief This function handles USART1 global interrupt.
 282:Core/Src/stm32f4xx_it.c ****   */
 283:Core/Src/stm32f4xx_it.c **** void USART1_IRQHandler(void)
 284:Core/Src/stm32f4xx_it.c **** {
 528              		.loc 1 284 1 is_stmt 1 view -0
 529              		.cfi_startproc
 530              		@ args = 0, pretend = 0, frame = 0
 531              		@ frame_needed = 0, uses_anonymous_args = 0
 532 0000 08B5     		push	{r3, lr}
 533              	.LCFI4:
 534              		.cfi_def_cfa_offset 8
 535              		.cfi_offset 3, -8
 536              		.cfi_offset 14, -4
 285:Core/Src/stm32f4xx_it.c ****   /* USER CODE BEGIN USART1_IRQn 0 */
 286:Core/Src/stm32f4xx_it.c **** 
 287:Core/Src/stm32f4xx_it.c ****   /* USER CODE END USART1_IRQn 0 */
 288:Core/Src/stm32f4xx_it.c ****   HAL_UART_IRQHandler(&huart1);
 537              		.loc 1 288 3 view .LVU92
 538 0002 0248     		ldr	r0, .L38
 539 0004 FFF7FEFF 		bl	HAL_UART_IRQHandler
 540              	.LVL26:
 289:Core/Src/stm32f4xx_it.c ****   /* USER CODE BEGIN USART1_IRQn 1 */
 290:Core/Src/stm32f4xx_it.c **** 
 291:Core/Src/stm32f4xx_it.c ****   /* USER CODE END USART1_IRQn 1 */
 292:Core/Src/stm32f4xx_it.c **** }
 541              		.loc 1 292 1 is_stmt 0 view .LVU93
 542 0008 08BD     		pop	{r3, pc}
 543              	.L39:
 544 000a 00BF     		.align	2
 545              	.L38:
 546 000c 00000000 		.word	huart1
 547              		.cfi_endproc
 548              	.LFE247:
 550              		.section	.text.USART2_IRQHandler,"ax",%progbits
 551              		.align	1
 552              		.global	USART2_IRQHandler
 553              		.syntax unified
 554              		.thumb
 555              		.thumb_func
 556              		.fpu fpv4-sp-d16
 558              	USART2_IRQHandler:
 559              	.LFB248:
 293:Core/Src/stm32f4xx_it.c **** 
 294:Core/Src/stm32f4xx_it.c **** /**
 295:Core/Src/stm32f4xx_it.c ****   * @brief This function handles USART2 global interrupt.
 296:Core/Src/stm32f4xx_it.c ****   */
 297:Core/Src/stm32f4xx_it.c **** void USART2_IRQHandler(void)
 298:Core/Src/stm32f4xx_it.c **** {
 560              		.loc 1 298 1 is_stmt 1 view -0
 561              		.cfi_startproc
 562              		@ args = 0, pretend = 0, frame = 0
 563              		@ frame_needed = 0, uses_anonymous_args = 0
 564 0000 08B5     		push	{r3, lr}
 565              	.LCFI5:
 566              		.cfi_def_cfa_offset 8
ARM GAS  C:\Users\du4\AppData\Local\Temp\ccYPpyJk.s 			page 16


 567              		.cfi_offset 3, -8
 568              		.cfi_offset 14, -4
 299:Core/Src/stm32f4xx_it.c ****   /* USER CODE BEGIN USART2_IRQn 0 */
 300:Core/Src/stm32f4xx_it.c **** 
 301:Core/Src/stm32f4xx_it.c ****   /* USER CODE END USART2_IRQn 0 */
 302:Core/Src/stm32f4xx_it.c ****   HAL_UART_IRQHandler(&huart2);
 569              		.loc 1 302 3 view .LVU95
 570 0002 0248     		ldr	r0, .L42
 571 0004 FFF7FEFF 		bl	HAL_UART_IRQHandler
 572              	.LVL27:
 303:Core/Src/stm32f4xx_it.c ****   /* USER CODE BEGIN USART2_IRQn 1 */
 304:Core/Src/stm32f4xx_it.c **** 
 305:Core/Src/stm32f4xx_it.c ****   /* USER CODE END USART2_IRQn 1 */
 306:Core/Src/stm32f4xx_it.c **** }
 573              		.loc 1 306 1 is_stmt 0 view .LVU96
 574 0008 08BD     		pop	{r3, pc}
 575              	.L43:
 576 000a 00BF     		.align	2
 577              	.L42:
 578 000c 00000000 		.word	huart2
 579              		.cfi_endproc
 580              	.LFE248:
 582              		.comm	MassifADC,10,4
 583              		.comm	temp,4,4
 584              		.global	AverageADC
 585              		.global	meanADC
 586              		.global	voltageADC
 587              		.global	Result
 588              		.section	.bss.AverageADC,"aw",%nobits
 589              		.align	2
 590              		.set	.LANCHOR1,. + 0
 593              	AverageADC:
 594 0000 00000000 		.space	4
 595              		.section	.bss.Result,"aw",%nobits
 596              		.align	2
 597              		.set	.LANCHOR0,. + 0
 600              	Result:
 601 0000 00000000 		.space	4
 602              		.section	.bss.meanADC,"aw",%nobits
 603              		.align	2
 604              		.set	.LANCHOR2,. + 0
 607              	meanADC:
 608 0000 00000000 		.space	4
 609              		.section	.bss.voltageADC,"aw",%nobits
 610              		.align	2
 611              		.set	.LANCHOR3,. + 0
 614              	voltageADC:
 615 0000 00000000 		.space	4
 616              		.text
 617              	.Letext0:
 618              		.file 2 "c:\\vscodeproject\\software\\arm_gcc\\arm-none-eabi\\include\\machine\\_default_types.h"
 619              		.file 3 "c:\\vscodeproject\\software\\arm_gcc\\arm-none-eabi\\include\\sys\\_stdint.h"
 620              		.file 4 "Drivers/CMSIS/Include/core_cm4.h"
 621              		.file 5 "Drivers/CMSIS/Device/ST/STM32F4xx/Include/system_stm32f4xx.h"
 622              		.file 6 "Drivers/CMSIS/Device/ST/STM32F4xx/Include/stm32f407xx.h"
 623              		.file 7 "Drivers/CMSIS/Device/ST/STM32F4xx/Include/stm32f4xx.h"
 624              		.file 8 "Drivers/STM32F4xx_HAL_Driver/Inc/stm32f4xx_hal_def.h"
ARM GAS  C:\Users\du4\AppData\Local\Temp\ccYPpyJk.s 			page 17


 625              		.file 9 "Drivers/STM32F4xx_HAL_Driver/Inc/stm32f4xx_hal_dma.h"
 626              		.file 10 "Drivers/STM32F4xx_HAL_Driver/Inc/stm32f4xx_hal_adc.h"
 627              		.file 11 "Drivers/STM32F4xx_HAL_Driver/Inc/stm32f4xx_hal_tim.h"
 628              		.file 12 "Drivers/STM32F4xx_HAL_Driver/Inc/stm32f4xx_hal_uart.h"
 629              		.file 13 "Drivers/STM32F4xx_HAL_Driver/Inc/stm32f4xx_hal.h"
 630              		.file 14 "c:\\vscodeproject\\software\\arm_gcc\\arm-none-eabi\\include\\sys\\lock.h"
 631              		.file 15 "c:\\vscodeproject\\software\\arm_gcc\\arm-none-eabi\\include\\sys\\_types.h"
 632              		.file 16 "c:\\vscodeproject\\software\\arm_gcc\\lib\\gcc\\arm-none-eabi\\9.2.1\\include\\stddef.h"
 633              		.file 17 "c:\\vscodeproject\\software\\arm_gcc\\arm-none-eabi\\include\\sys\\reent.h"
 634              		.file 18 "Drivers/FreeModbus/port/port.h"
 635              		.file 19 "Drivers/FreeModbus/include/mbport.h"
 636              		.file 20 "Drivers/STM32F4xx_HAL_Driver/Inc/stm32f4xx_hal_gpio.h"
 637              		.file 21 "Drivers/FreeModbus/ReceiveTransmit/ReceiveTransmit.h"
ARM GAS  C:\Users\du4\AppData\Local\Temp\ccYPpyJk.s 			page 18


DEFINED SYMBOLS
                            *ABS*:0000000000000000 stm32f4xx_it.c
C:\Users\du4\AppData\Local\Temp\ccYPpyJk.s:18     .text.NMI_Handler:0000000000000000 $t
C:\Users\du4\AppData\Local\Temp\ccYPpyJk.s:26     .text.NMI_Handler:0000000000000000 NMI_Handler
C:\Users\du4\AppData\Local\Temp\ccYPpyJk.s:44     .text.HardFault_Handler:0000000000000000 $t
C:\Users\du4\AppData\Local\Temp\ccYPpyJk.s:51     .text.HardFault_Handler:0000000000000000 HardFault_Handler
C:\Users\du4\AppData\Local\Temp\ccYPpyJk.s:68     .text.MemManage_Handler:0000000000000000 $t
C:\Users\du4\AppData\Local\Temp\ccYPpyJk.s:75     .text.MemManage_Handler:0000000000000000 MemManage_Handler
C:\Users\du4\AppData\Local\Temp\ccYPpyJk.s:92     .text.BusFault_Handler:0000000000000000 $t
C:\Users\du4\AppData\Local\Temp\ccYPpyJk.s:99     .text.BusFault_Handler:0000000000000000 BusFault_Handler
C:\Users\du4\AppData\Local\Temp\ccYPpyJk.s:116    .text.UsageFault_Handler:0000000000000000 $t
C:\Users\du4\AppData\Local\Temp\ccYPpyJk.s:123    .text.UsageFault_Handler:0000000000000000 UsageFault_Handler
C:\Users\du4\AppData\Local\Temp\ccYPpyJk.s:140    .text.SVC_Handler:0000000000000000 $t
C:\Users\du4\AppData\Local\Temp\ccYPpyJk.s:147    .text.SVC_Handler:0000000000000000 SVC_Handler
C:\Users\du4\AppData\Local\Temp\ccYPpyJk.s:160    .text.DebugMon_Handler:0000000000000000 $t
C:\Users\du4\AppData\Local\Temp\ccYPpyJk.s:167    .text.DebugMon_Handler:0000000000000000 DebugMon_Handler
C:\Users\du4\AppData\Local\Temp\ccYPpyJk.s:180    .text.PendSV_Handler:0000000000000000 $t
C:\Users\du4\AppData\Local\Temp\ccYPpyJk.s:187    .text.PendSV_Handler:0000000000000000 PendSV_Handler
C:\Users\du4\AppData\Local\Temp\ccYPpyJk.s:200    .text.SysTick_Handler:0000000000000000 $t
C:\Users\du4\AppData\Local\Temp\ccYPpyJk.s:207    .text.SysTick_Handler:0000000000000000 SysTick_Handler
C:\Users\du4\AppData\Local\Temp\ccYPpyJk.s:227    .text.EXTI0_IRQHandler:0000000000000000 $t
C:\Users\du4\AppData\Local\Temp\ccYPpyJk.s:234    .text.EXTI0_IRQHandler:0000000000000000 EXTI0_IRQHandler
C:\Users\du4\AppData\Local\Temp\ccYPpyJk.s:259    .text.EXTI0_IRQHandler:0000000000000014 $d
C:\Users\du4\AppData\Local\Temp\ccYPpyJk.s:270    .text.TIM3_IRQHandler:0000000000000000 $t
C:\Users\du4\AppData\Local\Temp\ccYPpyJk.s:277    .text.TIM3_IRQHandler:0000000000000000 TIM3_IRQHandler
C:\Users\du4\AppData\Local\Temp\ccYPpyJk.s:465    .text.TIM3_IRQHandler:0000000000000100 $d
                            *COM*:000000000000000a MassifADC
                            *COM*:0000000000000004 temp
C:\Users\du4\AppData\Local\Temp\ccYPpyJk.s:487    .text.TIM4_IRQHandler:0000000000000000 $t
C:\Users\du4\AppData\Local\Temp\ccYPpyJk.s:494    .text.TIM4_IRQHandler:0000000000000000 TIM4_IRQHandler
C:\Users\du4\AppData\Local\Temp\ccYPpyJk.s:514    .text.TIM4_IRQHandler:000000000000000c $d
C:\Users\du4\AppData\Local\Temp\ccYPpyJk.s:519    .text.USART1_IRQHandler:0000000000000000 $t
C:\Users\du4\AppData\Local\Temp\ccYPpyJk.s:526    .text.USART1_IRQHandler:0000000000000000 USART1_IRQHandler
C:\Users\du4\AppData\Local\Temp\ccYPpyJk.s:546    .text.USART1_IRQHandler:000000000000000c $d
C:\Users\du4\AppData\Local\Temp\ccYPpyJk.s:551    .text.USART2_IRQHandler:0000000000000000 $t
C:\Users\du4\AppData\Local\Temp\ccYPpyJk.s:558    .text.USART2_IRQHandler:0000000000000000 USART2_IRQHandler
C:\Users\du4\AppData\Local\Temp\ccYPpyJk.s:578    .text.USART2_IRQHandler:000000000000000c $d
C:\Users\du4\AppData\Local\Temp\ccYPpyJk.s:593    .bss.AverageADC:0000000000000000 AverageADC
C:\Users\du4\AppData\Local\Temp\ccYPpyJk.s:607    .bss.meanADC:0000000000000000 meanADC
C:\Users\du4\AppData\Local\Temp\ccYPpyJk.s:614    .bss.voltageADC:0000000000000000 voltageADC
C:\Users\du4\AppData\Local\Temp\ccYPpyJk.s:600    .bss.Result:0000000000000000 Result
C:\Users\du4\AppData\Local\Temp\ccYPpyJk.s:589    .bss.AverageADC:0000000000000000 $d
C:\Users\du4\AppData\Local\Temp\ccYPpyJk.s:596    .bss.Result:0000000000000000 $d
C:\Users\du4\AppData\Local\Temp\ccYPpyJk.s:603    .bss.meanADC:0000000000000000 $d
C:\Users\du4\AppData\Local\Temp\ccYPpyJk.s:610    .bss.voltageADC:0000000000000000 $d

UNDEFINED SYMBOLS
HAL_IncTick
HAL_GPIO_TogglePin
HAL_GPIO_EXTI_IRQHandler
__aeabi_f2d
__aeabi_dmul
__aeabi_d2f
__aeabi_dsub
__aeabi_ddiv
__aeabi_dadd
HAL_ADC_GetValue
ARM GAS  C:\Users\du4\AppData\Local\Temp\ccYPpyJk.s 			page 19


HAL_ADC_Stop
HAL_ADC_Start
HAL_ADC_PollForConversion
dataTransmit
HAL_TIM_IRQHandler
hadc1
usSRegInBuf
htim3
htim4
HAL_UART_IRQHandler
huart1
huart2
