ARM GAS  C:\Users\du4\AppData\Local\Temp\ccLJOHdn.s 			page 1


   1              		.cpu cortex-m4
   2              		.eabi_attribute 27, 1
   3              		.eabi_attribute 28, 1
   4              		.eabi_attribute 20, 1
   5              		.eabi_attribute 21, 1
   6              		.eabi_attribute 23, 3
   7              		.eabi_attribute 24, 1
   8              		.eabi_attribute 25, 1
   9              		.eabi_attribute 26, 1
  10              		.eabi_attribute 30, 1
  11              		.eabi_attribute 34, 1
  12              		.eabi_attribute 18, 4
  13              		.file	"usart.c"
  14              		.text
  15              	.Ltext0:
  16              		.cfi_sections	.debug_frame
  17              		.section	.text.MX_USART1_UART_Init,"ax",%progbits
  18              		.align	1
  19              		.global	MX_USART1_UART_Init
  20              		.arch armv7e-m
  21              		.syntax unified
  22              		.thumb
  23              		.thumb_func
  24              		.fpu fpv4-sp-d16
  26              	MX_USART1_UART_Init:
  27              	.LFB130:
  28              		.file 1 "Src/usart.c"
   1:Src/usart.c   **** /**
   2:Src/usart.c   ****   ******************************************************************************
   3:Src/usart.c   ****   * @file    usart.c
   4:Src/usart.c   ****   * @brief   This file provides code for the configuration
   5:Src/usart.c   ****   *          of the USART instances.
   6:Src/usart.c   ****   ******************************************************************************
   7:Src/usart.c   ****   * @attention
   8:Src/usart.c   ****   *
   9:Src/usart.c   ****   * <h2><center>&copy; Copyright (c) 2021 STMicroelectronics.
  10:Src/usart.c   ****   * All rights reserved.</center></h2>
  11:Src/usart.c   ****   *
  12:Src/usart.c   ****   * This software component is licensed by ST under BSD 3-Clause license,
  13:Src/usart.c   ****   * the "License"; You may not use this file except in compliance with the
  14:Src/usart.c   ****   * License. You may obtain a copy of the License at:
  15:Src/usart.c   ****   *                        opensource.org/licenses/BSD-3-Clause
  16:Src/usart.c   ****   *
  17:Src/usart.c   ****   ******************************************************************************
  18:Src/usart.c   ****   */
  19:Src/usart.c   **** 
  20:Src/usart.c   **** /* Includes ------------------------------------------------------------------*/
  21:Src/usart.c   **** #include "usart.h"
  22:Src/usart.c   **** 
  23:Src/usart.c   **** /* USER CODE BEGIN 0 */
  24:Src/usart.c   **** 
  25:Src/usart.c   **** /* USER CODE END 0 */
  26:Src/usart.c   **** 
  27:Src/usart.c   **** UART_HandleTypeDef huart1;
  28:Src/usart.c   **** UART_HandleTypeDef huart2;
  29:Src/usart.c   **** 
  30:Src/usart.c   **** /* USART1 init function */
ARM GAS  C:\Users\du4\AppData\Local\Temp\ccLJOHdn.s 			page 2


  31:Src/usart.c   **** 
  32:Src/usart.c   **** void MX_USART1_UART_Init(void)
  33:Src/usart.c   **** {
  29              		.loc 1 33 1 view -0
  30              		.cfi_startproc
  31              		@ args = 0, pretend = 0, frame = 0
  32              		@ frame_needed = 0, uses_anonymous_args = 0
  33 0000 08B5     		push	{r3, lr}
  34              	.LCFI0:
  35              		.cfi_def_cfa_offset 8
  36              		.cfi_offset 3, -8
  37              		.cfi_offset 14, -4
  34:Src/usart.c   **** 
  35:Src/usart.c   ****   /* USER CODE BEGIN USART1_Init 0 */
  36:Src/usart.c   **** 
  37:Src/usart.c   ****   /* USER CODE END USART1_Init 0 */
  38:Src/usart.c   **** 
  39:Src/usart.c   ****   /* USER CODE BEGIN USART1_Init 1 */
  40:Src/usart.c   **** 
  41:Src/usart.c   ****   /* USER CODE END USART1_Init 1 */
  42:Src/usart.c   ****   huart1.Instance = USART1;
  38              		.loc 1 42 3 view .LVU1
  39              		.loc 1 42 19 is_stmt 0 view .LVU2
  40 0002 0A48     		ldr	r0, .L5
  41 0004 0A4B     		ldr	r3, .L5+4
  42 0006 0360     		str	r3, [r0]
  43:Src/usart.c   ****   huart1.Init.BaudRate = 115200;
  43              		.loc 1 43 3 is_stmt 1 view .LVU3
  44              		.loc 1 43 24 is_stmt 0 view .LVU4
  45 0008 4FF4E133 		mov	r3, #115200
  46 000c 4360     		str	r3, [r0, #4]
  44:Src/usart.c   ****   huart1.Init.WordLength = UART_WORDLENGTH_8B;
  47              		.loc 1 44 3 is_stmt 1 view .LVU5
  48              		.loc 1 44 26 is_stmt 0 view .LVU6
  49 000e 0023     		movs	r3, #0
  50 0010 8360     		str	r3, [r0, #8]
  45:Src/usart.c   ****   huart1.Init.StopBits = UART_STOPBITS_1;
  51              		.loc 1 45 3 is_stmt 1 view .LVU7
  52              		.loc 1 45 24 is_stmt 0 view .LVU8
  53 0012 C360     		str	r3, [r0, #12]
  46:Src/usart.c   ****   huart1.Init.Parity = UART_PARITY_NONE;
  54              		.loc 1 46 3 is_stmt 1 view .LVU9
  55              		.loc 1 46 22 is_stmt 0 view .LVU10
  56 0014 0361     		str	r3, [r0, #16]
  47:Src/usart.c   ****   huart1.Init.Mode = UART_MODE_TX_RX;
  57              		.loc 1 47 3 is_stmt 1 view .LVU11
  58              		.loc 1 47 20 is_stmt 0 view .LVU12
  59 0016 0C22     		movs	r2, #12
  60 0018 4261     		str	r2, [r0, #20]
  48:Src/usart.c   ****   huart1.Init.HwFlowCtl = UART_HWCONTROL_NONE;
  61              		.loc 1 48 3 is_stmt 1 view .LVU13
  62              		.loc 1 48 25 is_stmt 0 view .LVU14
  63 001a 8361     		str	r3, [r0, #24]
  49:Src/usart.c   ****   huart1.Init.OverSampling = UART_OVERSAMPLING_16;
  64              		.loc 1 49 3 is_stmt 1 view .LVU15
  65              		.loc 1 49 28 is_stmt 0 view .LVU16
  66 001c C361     		str	r3, [r0, #28]
ARM GAS  C:\Users\du4\AppData\Local\Temp\ccLJOHdn.s 			page 3


  50:Src/usart.c   ****   if (HAL_UART_Init(&huart1) != HAL_OK)
  67              		.loc 1 50 3 is_stmt 1 view .LVU17
  68              		.loc 1 50 7 is_stmt 0 view .LVU18
  69 001e FFF7FEFF 		bl	HAL_UART_Init
  70              	.LVL0:
  71              		.loc 1 50 6 view .LVU19
  72 0022 00B9     		cbnz	r0, .L4
  73              	.L1:
  51:Src/usart.c   ****   {
  52:Src/usart.c   ****     Error_Handler();
  53:Src/usart.c   ****   }
  54:Src/usart.c   ****   /* USER CODE BEGIN USART1_Init 2 */
  55:Src/usart.c   **** 
  56:Src/usart.c   ****   /* USER CODE END USART1_Init 2 */
  57:Src/usart.c   **** 
  58:Src/usart.c   **** }
  74              		.loc 1 58 1 view .LVU20
  75 0024 08BD     		pop	{r3, pc}
  76              	.L4:
  52:Src/usart.c   ****   }
  77              		.loc 1 52 5 is_stmt 1 view .LVU21
  78 0026 FFF7FEFF 		bl	Error_Handler
  79              	.LVL1:
  80              		.loc 1 58 1 is_stmt 0 view .LVU22
  81 002a FBE7     		b	.L1
  82              	.L6:
  83              		.align	2
  84              	.L5:
  85 002c 00000000 		.word	huart1
  86 0030 00100140 		.word	1073811456
  87              		.cfi_endproc
  88              	.LFE130:
  90              		.section	.text.MX_USART2_UART_Init,"ax",%progbits
  91              		.align	1
  92              		.global	MX_USART2_UART_Init
  93              		.syntax unified
  94              		.thumb
  95              		.thumb_func
  96              		.fpu fpv4-sp-d16
  98              	MX_USART2_UART_Init:
  99              	.LFB131:
  59:Src/usart.c   **** /* USART2 init function */
  60:Src/usart.c   **** 
  61:Src/usart.c   **** void MX_USART2_UART_Init(void)
  62:Src/usart.c   **** {
 100              		.loc 1 62 1 is_stmt 1 view -0
 101              		.cfi_startproc
 102              		@ args = 0, pretend = 0, frame = 0
 103              		@ frame_needed = 0, uses_anonymous_args = 0
 104 0000 08B5     		push	{r3, lr}
 105              	.LCFI1:
 106              		.cfi_def_cfa_offset 8
 107              		.cfi_offset 3, -8
 108              		.cfi_offset 14, -4
  63:Src/usart.c   **** 
  64:Src/usart.c   ****   /* USER CODE BEGIN USART2_Init 0 */
  65:Src/usart.c   **** 
ARM GAS  C:\Users\du4\AppData\Local\Temp\ccLJOHdn.s 			page 4


  66:Src/usart.c   ****   /* USER CODE END USART2_Init 0 */
  67:Src/usart.c   **** 
  68:Src/usart.c   ****   /* USER CODE BEGIN USART2_Init 1 */
  69:Src/usart.c   **** 
  70:Src/usart.c   ****   /* USER CODE END USART2_Init 1 */
  71:Src/usart.c   ****   huart2.Instance = USART2;
 109              		.loc 1 71 3 view .LVU24
 110              		.loc 1 71 19 is_stmt 0 view .LVU25
 111 0002 0A48     		ldr	r0, .L11
 112 0004 0A4B     		ldr	r3, .L11+4
 113 0006 0360     		str	r3, [r0]
  72:Src/usart.c   ****   huart2.Init.BaudRate = 115200;
 114              		.loc 1 72 3 is_stmt 1 view .LVU26
 115              		.loc 1 72 24 is_stmt 0 view .LVU27
 116 0008 4FF4E133 		mov	r3, #115200
 117 000c 4360     		str	r3, [r0, #4]
  73:Src/usart.c   ****   huart2.Init.WordLength = UART_WORDLENGTH_8B;
 118              		.loc 1 73 3 is_stmt 1 view .LVU28
 119              		.loc 1 73 26 is_stmt 0 view .LVU29
 120 000e 0023     		movs	r3, #0
 121 0010 8360     		str	r3, [r0, #8]
  74:Src/usart.c   ****   huart2.Init.StopBits = UART_STOPBITS_1;
 122              		.loc 1 74 3 is_stmt 1 view .LVU30
 123              		.loc 1 74 24 is_stmt 0 view .LVU31
 124 0012 C360     		str	r3, [r0, #12]
  75:Src/usart.c   ****   huart2.Init.Parity = UART_PARITY_NONE;
 125              		.loc 1 75 3 is_stmt 1 view .LVU32
 126              		.loc 1 75 22 is_stmt 0 view .LVU33
 127 0014 0361     		str	r3, [r0, #16]
  76:Src/usart.c   ****   huart2.Init.Mode = UART_MODE_TX_RX;
 128              		.loc 1 76 3 is_stmt 1 view .LVU34
 129              		.loc 1 76 20 is_stmt 0 view .LVU35
 130 0016 0C22     		movs	r2, #12
 131 0018 4261     		str	r2, [r0, #20]
  77:Src/usart.c   ****   huart2.Init.HwFlowCtl = UART_HWCONTROL_NONE;
 132              		.loc 1 77 3 is_stmt 1 view .LVU36
 133              		.loc 1 77 25 is_stmt 0 view .LVU37
 134 001a 8361     		str	r3, [r0, #24]
  78:Src/usart.c   ****   huart2.Init.OverSampling = UART_OVERSAMPLING_16;
 135              		.loc 1 78 3 is_stmt 1 view .LVU38
 136              		.loc 1 78 28 is_stmt 0 view .LVU39
 137 001c C361     		str	r3, [r0, #28]
  79:Src/usart.c   ****   if (HAL_UART_Init(&huart2) != HAL_OK)
 138              		.loc 1 79 3 is_stmt 1 view .LVU40
 139              		.loc 1 79 7 is_stmt 0 view .LVU41
 140 001e FFF7FEFF 		bl	HAL_UART_Init
 141              	.LVL2:
 142              		.loc 1 79 6 view .LVU42
 143 0022 00B9     		cbnz	r0, .L10
 144              	.L7:
  80:Src/usart.c   ****   {
  81:Src/usart.c   ****     Error_Handler();
  82:Src/usart.c   ****   }
  83:Src/usart.c   ****   /* USER CODE BEGIN USART2_Init 2 */
  84:Src/usart.c   **** 
  85:Src/usart.c   ****   /* USER CODE END USART2_Init 2 */
  86:Src/usart.c   **** 
ARM GAS  C:\Users\du4\AppData\Local\Temp\ccLJOHdn.s 			page 5


  87:Src/usart.c   **** }
 145              		.loc 1 87 1 view .LVU43
 146 0024 08BD     		pop	{r3, pc}
 147              	.L10:
  81:Src/usart.c   ****   }
 148              		.loc 1 81 5 is_stmt 1 view .LVU44
 149 0026 FFF7FEFF 		bl	Error_Handler
 150              	.LVL3:
 151              		.loc 1 87 1 is_stmt 0 view .LVU45
 152 002a FBE7     		b	.L7
 153              	.L12:
 154              		.align	2
 155              	.L11:
 156 002c 00000000 		.word	huart2
 157 0030 00440040 		.word	1073759232
 158              		.cfi_endproc
 159              	.LFE131:
 161              		.section	.text.HAL_UART_MspInit,"ax",%progbits
 162              		.align	1
 163              		.global	HAL_UART_MspInit
 164              		.syntax unified
 165              		.thumb
 166              		.thumb_func
 167              		.fpu fpv4-sp-d16
 169              	HAL_UART_MspInit:
 170              	.LVL4:
 171              	.LFB132:
  88:Src/usart.c   **** 
  89:Src/usart.c   **** void HAL_UART_MspInit(UART_HandleTypeDef* uartHandle)
  90:Src/usart.c   **** {
 172              		.loc 1 90 1 is_stmt 1 view -0
 173              		.cfi_startproc
 174              		@ args = 0, pretend = 0, frame = 40
 175              		@ frame_needed = 0, uses_anonymous_args = 0
 176              		.loc 1 90 1 is_stmt 0 view .LVU47
 177 0000 10B5     		push	{r4, lr}
 178              	.LCFI2:
 179              		.cfi_def_cfa_offset 8
 180              		.cfi_offset 4, -8
 181              		.cfi_offset 14, -4
 182 0002 8AB0     		sub	sp, sp, #40
 183              	.LCFI3:
 184              		.cfi_def_cfa_offset 48
  91:Src/usart.c   **** 
  92:Src/usart.c   ****   GPIO_InitTypeDef GPIO_InitStruct = {0};
 185              		.loc 1 92 3 is_stmt 1 view .LVU48
 186              		.loc 1 92 20 is_stmt 0 view .LVU49
 187 0004 0023     		movs	r3, #0
 188 0006 0593     		str	r3, [sp, #20]
 189 0008 0693     		str	r3, [sp, #24]
 190 000a 0793     		str	r3, [sp, #28]
 191 000c 0893     		str	r3, [sp, #32]
 192 000e 0993     		str	r3, [sp, #36]
  93:Src/usart.c   ****   if(uartHandle->Instance==USART1)
 193              		.loc 1 93 3 is_stmt 1 view .LVU50
 194              		.loc 1 93 16 is_stmt 0 view .LVU51
 195 0010 0368     		ldr	r3, [r0]
ARM GAS  C:\Users\du4\AppData\Local\Temp\ccLJOHdn.s 			page 6


 196              		.loc 1 93 5 view .LVU52
 197 0012 304A     		ldr	r2, .L19
 198 0014 9342     		cmp	r3, r2
 199 0016 04D0     		beq	.L17
  94:Src/usart.c   ****   {
  95:Src/usart.c   ****   /* USER CODE BEGIN USART1_MspInit 0 */
  96:Src/usart.c   **** 
  97:Src/usart.c   ****   /* USER CODE END USART1_MspInit 0 */
  98:Src/usart.c   ****     /* USART1 clock enable */
  99:Src/usart.c   ****     __HAL_RCC_USART1_CLK_ENABLE();
 100:Src/usart.c   **** 
 101:Src/usart.c   ****     __HAL_RCC_GPIOA_CLK_ENABLE();
 102:Src/usart.c   ****     /**USART1 GPIO Configuration
 103:Src/usart.c   ****     PA9     ------> USART1_TX
 104:Src/usart.c   ****     PA10     ------> USART1_RX
 105:Src/usart.c   ****     */
 106:Src/usart.c   ****     GPIO_InitStruct.Pin = GPIO_PIN_9|GPIO_PIN_10;
 107:Src/usart.c   ****     GPIO_InitStruct.Mode = GPIO_MODE_AF_PP;
 108:Src/usart.c   ****     GPIO_InitStruct.Pull = GPIO_NOPULL;
 109:Src/usart.c   ****     GPIO_InitStruct.Speed = GPIO_SPEED_FREQ_VERY_HIGH;
 110:Src/usart.c   ****     GPIO_InitStruct.Alternate = GPIO_AF7_USART1;
 111:Src/usart.c   ****     HAL_GPIO_Init(GPIOA, &GPIO_InitStruct);
 112:Src/usart.c   **** 
 113:Src/usart.c   ****     /* USART1 interrupt Init */
 114:Src/usart.c   ****     HAL_NVIC_SetPriority(USART1_IRQn, 0, 0);
 115:Src/usart.c   ****     HAL_NVIC_EnableIRQ(USART1_IRQn);
 116:Src/usart.c   ****   /* USER CODE BEGIN USART1_MspInit 1 */
 117:Src/usart.c   **** 
 118:Src/usart.c   ****   /* USER CODE END USART1_MspInit 1 */
 119:Src/usart.c   ****   }
 120:Src/usart.c   ****   else if(uartHandle->Instance==USART2)
 200              		.loc 1 120 8 is_stmt 1 view .LVU53
 201              		.loc 1 120 10 is_stmt 0 view .LVU54
 202 0018 2F4A     		ldr	r2, .L19+4
 203 001a 9342     		cmp	r3, r2
 204 001c 2ED0     		beq	.L18
 205              	.LVL5:
 206              	.L13:
 121:Src/usart.c   ****   {
 122:Src/usart.c   ****   /* USER CODE BEGIN USART2_MspInit 0 */
 123:Src/usart.c   **** 
 124:Src/usart.c   ****   /* USER CODE END USART2_MspInit 0 */
 125:Src/usart.c   ****     /* USART2 clock enable */
 126:Src/usart.c   ****     __HAL_RCC_USART2_CLK_ENABLE();
 127:Src/usart.c   **** 
 128:Src/usart.c   ****     __HAL_RCC_GPIOA_CLK_ENABLE();
 129:Src/usart.c   ****     /**USART2 GPIO Configuration
 130:Src/usart.c   ****     PA2     ------> USART2_TX
 131:Src/usart.c   ****     PA3     ------> USART2_RX
 132:Src/usart.c   ****     */
 133:Src/usart.c   ****     GPIO_InitStruct.Pin = GPIO_PIN_2|GPIO_PIN_3;
 134:Src/usart.c   ****     GPIO_InitStruct.Mode = GPIO_MODE_AF_PP;
 135:Src/usart.c   ****     GPIO_InitStruct.Pull = GPIO_NOPULL;
 136:Src/usart.c   ****     GPIO_InitStruct.Speed = GPIO_SPEED_FREQ_VERY_HIGH;
 137:Src/usart.c   ****     GPIO_InitStruct.Alternate = GPIO_AF7_USART2;
 138:Src/usart.c   ****     HAL_GPIO_Init(GPIOA, &GPIO_InitStruct);
 139:Src/usart.c   **** 
ARM GAS  C:\Users\du4\AppData\Local\Temp\ccLJOHdn.s 			page 7


 140:Src/usart.c   ****     /* USART2 interrupt Init */
 141:Src/usart.c   ****     HAL_NVIC_SetPriority(USART2_IRQn, 0, 0);
 142:Src/usart.c   ****     HAL_NVIC_EnableIRQ(USART2_IRQn);
 143:Src/usart.c   ****   /* USER CODE BEGIN USART2_MspInit 1 */
 144:Src/usart.c   **** 
 145:Src/usart.c   ****   /* USER CODE END USART2_MspInit 1 */
 146:Src/usart.c   ****   }
 147:Src/usart.c   **** }
 207              		.loc 1 147 1 view .LVU55
 208 001e 0AB0     		add	sp, sp, #40
 209              	.LCFI4:
 210              		.cfi_remember_state
 211              		.cfi_def_cfa_offset 8
 212              		@ sp needed
 213 0020 10BD     		pop	{r4, pc}
 214              	.LVL6:
 215              	.L17:
 216              	.LCFI5:
 217              		.cfi_restore_state
  99:Src/usart.c   **** 
 218              		.loc 1 99 5 is_stmt 1 view .LVU56
 219              	.LBB2:
  99:Src/usart.c   **** 
 220              		.loc 1 99 5 view .LVU57
 221 0022 0024     		movs	r4, #0
 222 0024 0194     		str	r4, [sp, #4]
  99:Src/usart.c   **** 
 223              		.loc 1 99 5 view .LVU58
 224 0026 2D4B     		ldr	r3, .L19+8
 225 0028 5A6C     		ldr	r2, [r3, #68]
 226 002a 42F01002 		orr	r2, r2, #16
 227 002e 5A64     		str	r2, [r3, #68]
  99:Src/usart.c   **** 
 228              		.loc 1 99 5 view .LVU59
 229 0030 5A6C     		ldr	r2, [r3, #68]
 230 0032 02F01002 		and	r2, r2, #16
 231 0036 0192     		str	r2, [sp, #4]
  99:Src/usart.c   **** 
 232              		.loc 1 99 5 view .LVU60
 233 0038 019A     		ldr	r2, [sp, #4]
 234              	.LBE2:
  99:Src/usart.c   **** 
 235              		.loc 1 99 5 view .LVU61
 101:Src/usart.c   ****     /**USART1 GPIO Configuration
 236              		.loc 1 101 5 view .LVU62
 237              	.LBB3:
 101:Src/usart.c   ****     /**USART1 GPIO Configuration
 238              		.loc 1 101 5 view .LVU63
 239 003a 0294     		str	r4, [sp, #8]
 101:Src/usart.c   ****     /**USART1 GPIO Configuration
 240              		.loc 1 101 5 view .LVU64
 241 003c 1A6B     		ldr	r2, [r3, #48]
 242 003e 42F00102 		orr	r2, r2, #1
 243 0042 1A63     		str	r2, [r3, #48]
 101:Src/usart.c   ****     /**USART1 GPIO Configuration
 244              		.loc 1 101 5 view .LVU65
 245 0044 1B6B     		ldr	r3, [r3, #48]
ARM GAS  C:\Users\du4\AppData\Local\Temp\ccLJOHdn.s 			page 8


 246 0046 03F00103 		and	r3, r3, #1
 247 004a 0293     		str	r3, [sp, #8]
 101:Src/usart.c   ****     /**USART1 GPIO Configuration
 248              		.loc 1 101 5 view .LVU66
 249 004c 029B     		ldr	r3, [sp, #8]
 250              	.LBE3:
 101:Src/usart.c   ****     /**USART1 GPIO Configuration
 251              		.loc 1 101 5 view .LVU67
 106:Src/usart.c   ****     GPIO_InitStruct.Mode = GPIO_MODE_AF_PP;
 252              		.loc 1 106 5 view .LVU68
 106:Src/usart.c   ****     GPIO_InitStruct.Mode = GPIO_MODE_AF_PP;
 253              		.loc 1 106 25 is_stmt 0 view .LVU69
 254 004e 4FF4C063 		mov	r3, #1536
 255 0052 0593     		str	r3, [sp, #20]
 107:Src/usart.c   ****     GPIO_InitStruct.Pull = GPIO_NOPULL;
 256              		.loc 1 107 5 is_stmt 1 view .LVU70
 107:Src/usart.c   ****     GPIO_InitStruct.Pull = GPIO_NOPULL;
 257              		.loc 1 107 26 is_stmt 0 view .LVU71
 258 0054 0223     		movs	r3, #2
 259 0056 0693     		str	r3, [sp, #24]
 108:Src/usart.c   ****     GPIO_InitStruct.Speed = GPIO_SPEED_FREQ_VERY_HIGH;
 260              		.loc 1 108 5 is_stmt 1 view .LVU72
 108:Src/usart.c   ****     GPIO_InitStruct.Speed = GPIO_SPEED_FREQ_VERY_HIGH;
 261              		.loc 1 108 26 is_stmt 0 view .LVU73
 262 0058 0794     		str	r4, [sp, #28]
 109:Src/usart.c   ****     GPIO_InitStruct.Alternate = GPIO_AF7_USART1;
 263              		.loc 1 109 5 is_stmt 1 view .LVU74
 109:Src/usart.c   ****     GPIO_InitStruct.Alternate = GPIO_AF7_USART1;
 264              		.loc 1 109 27 is_stmt 0 view .LVU75
 265 005a 0323     		movs	r3, #3
 266 005c 0893     		str	r3, [sp, #32]
 110:Src/usart.c   ****     HAL_GPIO_Init(GPIOA, &GPIO_InitStruct);
 267              		.loc 1 110 5 is_stmt 1 view .LVU76
 110:Src/usart.c   ****     HAL_GPIO_Init(GPIOA, &GPIO_InitStruct);
 268              		.loc 1 110 31 is_stmt 0 view .LVU77
 269 005e 0723     		movs	r3, #7
 270 0060 0993     		str	r3, [sp, #36]
 111:Src/usart.c   **** 
 271              		.loc 1 111 5 is_stmt 1 view .LVU78
 272 0062 05A9     		add	r1, sp, #20
 273 0064 1E48     		ldr	r0, .L19+12
 274              	.LVL7:
 111:Src/usart.c   **** 
 275              		.loc 1 111 5 is_stmt 0 view .LVU79
 276 0066 FFF7FEFF 		bl	HAL_GPIO_Init
 277              	.LVL8:
 114:Src/usart.c   ****     HAL_NVIC_EnableIRQ(USART1_IRQn);
 278              		.loc 1 114 5 is_stmt 1 view .LVU80
 279 006a 2246     		mov	r2, r4
 280 006c 2146     		mov	r1, r4
 281 006e 2520     		movs	r0, #37
 282 0070 FFF7FEFF 		bl	HAL_NVIC_SetPriority
 283              	.LVL9:
 115:Src/usart.c   ****   /* USER CODE BEGIN USART1_MspInit 1 */
 284              		.loc 1 115 5 view .LVU81
 285 0074 2520     		movs	r0, #37
 286 0076 FFF7FEFF 		bl	HAL_NVIC_EnableIRQ
ARM GAS  C:\Users\du4\AppData\Local\Temp\ccLJOHdn.s 			page 9


 287              	.LVL10:
 288 007a D0E7     		b	.L13
 289              	.LVL11:
 290              	.L18:
 126:Src/usart.c   **** 
 291              		.loc 1 126 5 view .LVU82
 292              	.LBB4:
 126:Src/usart.c   **** 
 293              		.loc 1 126 5 view .LVU83
 294 007c 0024     		movs	r4, #0
 295 007e 0394     		str	r4, [sp, #12]
 126:Src/usart.c   **** 
 296              		.loc 1 126 5 view .LVU84
 297 0080 164B     		ldr	r3, .L19+8
 298 0082 1A6C     		ldr	r2, [r3, #64]
 299 0084 42F40032 		orr	r2, r2, #131072
 300 0088 1A64     		str	r2, [r3, #64]
 126:Src/usart.c   **** 
 301              		.loc 1 126 5 view .LVU85
 302 008a 1A6C     		ldr	r2, [r3, #64]
 303 008c 02F40032 		and	r2, r2, #131072
 304 0090 0392     		str	r2, [sp, #12]
 126:Src/usart.c   **** 
 305              		.loc 1 126 5 view .LVU86
 306 0092 039A     		ldr	r2, [sp, #12]
 307              	.LBE4:
 126:Src/usart.c   **** 
 308              		.loc 1 126 5 view .LVU87
 128:Src/usart.c   ****     /**USART2 GPIO Configuration
 309              		.loc 1 128 5 view .LVU88
 310              	.LBB5:
 128:Src/usart.c   ****     /**USART2 GPIO Configuration
 311              		.loc 1 128 5 view .LVU89
 312 0094 0494     		str	r4, [sp, #16]
 128:Src/usart.c   ****     /**USART2 GPIO Configuration
 313              		.loc 1 128 5 view .LVU90
 314 0096 1A6B     		ldr	r2, [r3, #48]
 315 0098 42F00102 		orr	r2, r2, #1
 316 009c 1A63     		str	r2, [r3, #48]
 128:Src/usart.c   ****     /**USART2 GPIO Configuration
 317              		.loc 1 128 5 view .LVU91
 318 009e 1B6B     		ldr	r3, [r3, #48]
 319 00a0 03F00103 		and	r3, r3, #1
 320 00a4 0493     		str	r3, [sp, #16]
 128:Src/usart.c   ****     /**USART2 GPIO Configuration
 321              		.loc 1 128 5 view .LVU92
 322 00a6 049B     		ldr	r3, [sp, #16]
 323              	.LBE5:
 128:Src/usart.c   ****     /**USART2 GPIO Configuration
 324              		.loc 1 128 5 view .LVU93
 133:Src/usart.c   ****     GPIO_InitStruct.Mode = GPIO_MODE_AF_PP;
 325              		.loc 1 133 5 view .LVU94
 133:Src/usart.c   ****     GPIO_InitStruct.Mode = GPIO_MODE_AF_PP;
 326              		.loc 1 133 25 is_stmt 0 view .LVU95
 327 00a8 0C23     		movs	r3, #12
 328 00aa 0593     		str	r3, [sp, #20]
 134:Src/usart.c   ****     GPIO_InitStruct.Pull = GPIO_NOPULL;
ARM GAS  C:\Users\du4\AppData\Local\Temp\ccLJOHdn.s 			page 10


 329              		.loc 1 134 5 is_stmt 1 view .LVU96
 134:Src/usart.c   ****     GPIO_InitStruct.Pull = GPIO_NOPULL;
 330              		.loc 1 134 26 is_stmt 0 view .LVU97
 331 00ac 0223     		movs	r3, #2
 332 00ae 0693     		str	r3, [sp, #24]
 135:Src/usart.c   ****     GPIO_InitStruct.Speed = GPIO_SPEED_FREQ_VERY_HIGH;
 333              		.loc 1 135 5 is_stmt 1 view .LVU98
 135:Src/usart.c   ****     GPIO_InitStruct.Speed = GPIO_SPEED_FREQ_VERY_HIGH;
 334              		.loc 1 135 26 is_stmt 0 view .LVU99
 335 00b0 0794     		str	r4, [sp, #28]
 136:Src/usart.c   ****     GPIO_InitStruct.Alternate = GPIO_AF7_USART2;
 336              		.loc 1 136 5 is_stmt 1 view .LVU100
 136:Src/usart.c   ****     GPIO_InitStruct.Alternate = GPIO_AF7_USART2;
 337              		.loc 1 136 27 is_stmt 0 view .LVU101
 338 00b2 0323     		movs	r3, #3
 339 00b4 0893     		str	r3, [sp, #32]
 137:Src/usart.c   ****     HAL_GPIO_Init(GPIOA, &GPIO_InitStruct);
 340              		.loc 1 137 5 is_stmt 1 view .LVU102
 137:Src/usart.c   ****     HAL_GPIO_Init(GPIOA, &GPIO_InitStruct);
 341              		.loc 1 137 31 is_stmt 0 view .LVU103
 342 00b6 0723     		movs	r3, #7
 343 00b8 0993     		str	r3, [sp, #36]
 138:Src/usart.c   **** 
 344              		.loc 1 138 5 is_stmt 1 view .LVU104
 345 00ba 05A9     		add	r1, sp, #20
 346 00bc 0848     		ldr	r0, .L19+12
 347              	.LVL12:
 138:Src/usart.c   **** 
 348              		.loc 1 138 5 is_stmt 0 view .LVU105
 349 00be FFF7FEFF 		bl	HAL_GPIO_Init
 350              	.LVL13:
 141:Src/usart.c   ****     HAL_NVIC_EnableIRQ(USART2_IRQn);
 351              		.loc 1 141 5 is_stmt 1 view .LVU106
 352 00c2 2246     		mov	r2, r4
 353 00c4 2146     		mov	r1, r4
 354 00c6 2620     		movs	r0, #38
 355 00c8 FFF7FEFF 		bl	HAL_NVIC_SetPriority
 356              	.LVL14:
 142:Src/usart.c   ****   /* USER CODE BEGIN USART2_MspInit 1 */
 357              		.loc 1 142 5 view .LVU107
 358 00cc 2620     		movs	r0, #38
 359 00ce FFF7FEFF 		bl	HAL_NVIC_EnableIRQ
 360              	.LVL15:
 361              		.loc 1 147 1 is_stmt 0 view .LVU108
 362 00d2 A4E7     		b	.L13
 363              	.L20:
 364              		.align	2
 365              	.L19:
 366 00d4 00100140 		.word	1073811456
 367 00d8 00440040 		.word	1073759232
 368 00dc 00380240 		.word	1073887232
 369 00e0 00000240 		.word	1073872896
 370              		.cfi_endproc
 371              	.LFE132:
 373              		.section	.text.HAL_UART_MspDeInit,"ax",%progbits
 374              		.align	1
 375              		.global	HAL_UART_MspDeInit
ARM GAS  C:\Users\du4\AppData\Local\Temp\ccLJOHdn.s 			page 11


 376              		.syntax unified
 377              		.thumb
 378              		.thumb_func
 379              		.fpu fpv4-sp-d16
 381              	HAL_UART_MspDeInit:
 382              	.LVL16:
 383              	.LFB133:
 148:Src/usart.c   **** 
 149:Src/usart.c   **** void HAL_UART_MspDeInit(UART_HandleTypeDef* uartHandle)
 150:Src/usart.c   **** {
 384              		.loc 1 150 1 is_stmt 1 view -0
 385              		.cfi_startproc
 386              		@ args = 0, pretend = 0, frame = 0
 387              		@ frame_needed = 0, uses_anonymous_args = 0
 388              		.loc 1 150 1 is_stmt 0 view .LVU110
 389 0000 08B5     		push	{r3, lr}
 390              	.LCFI6:
 391              		.cfi_def_cfa_offset 8
 392              		.cfi_offset 3, -8
 393              		.cfi_offset 14, -4
 151:Src/usart.c   **** 
 152:Src/usart.c   ****   if(uartHandle->Instance==USART1)
 394              		.loc 1 152 3 is_stmt 1 view .LVU111
 395              		.loc 1 152 16 is_stmt 0 view .LVU112
 396 0002 0368     		ldr	r3, [r0]
 397              		.loc 1 152 5 view .LVU113
 398 0004 114A     		ldr	r2, .L27
 399 0006 9342     		cmp	r3, r2
 400 0008 03D0     		beq	.L25
 153:Src/usart.c   ****   {
 154:Src/usart.c   ****   /* USER CODE BEGIN USART1_MspDeInit 0 */
 155:Src/usart.c   **** 
 156:Src/usart.c   ****   /* USER CODE END USART1_MspDeInit 0 */
 157:Src/usart.c   ****     /* Peripheral clock disable */
 158:Src/usart.c   ****     __HAL_RCC_USART1_CLK_DISABLE();
 159:Src/usart.c   **** 
 160:Src/usart.c   ****     /**USART1 GPIO Configuration
 161:Src/usart.c   ****     PA9     ------> USART1_TX
 162:Src/usart.c   ****     PA10     ------> USART1_RX
 163:Src/usart.c   ****     */
 164:Src/usart.c   ****     HAL_GPIO_DeInit(GPIOA, GPIO_PIN_9|GPIO_PIN_10);
 165:Src/usart.c   **** 
 166:Src/usart.c   ****     /* USART1 interrupt Deinit */
 167:Src/usart.c   ****     HAL_NVIC_DisableIRQ(USART1_IRQn);
 168:Src/usart.c   ****   /* USER CODE BEGIN USART1_MspDeInit 1 */
 169:Src/usart.c   **** 
 170:Src/usart.c   ****   /* USER CODE END USART1_MspDeInit 1 */
 171:Src/usart.c   ****   }
 172:Src/usart.c   ****   else if(uartHandle->Instance==USART2)
 401              		.loc 1 172 8 is_stmt 1 view .LVU114
 402              		.loc 1 172 10 is_stmt 0 view .LVU115
 403 000a 114A     		ldr	r2, .L27+4
 404 000c 9342     		cmp	r3, r2
 405 000e 0FD0     		beq	.L26
 406              	.LVL17:
 407              	.L21:
 173:Src/usart.c   ****   {
ARM GAS  C:\Users\du4\AppData\Local\Temp\ccLJOHdn.s 			page 12


 174:Src/usart.c   ****   /* USER CODE BEGIN USART2_MspDeInit 0 */
 175:Src/usart.c   **** 
 176:Src/usart.c   ****   /* USER CODE END USART2_MspDeInit 0 */
 177:Src/usart.c   ****     /* Peripheral clock disable */
 178:Src/usart.c   ****     __HAL_RCC_USART2_CLK_DISABLE();
 179:Src/usart.c   **** 
 180:Src/usart.c   ****     /**USART2 GPIO Configuration
 181:Src/usart.c   ****     PA2     ------> USART2_TX
 182:Src/usart.c   ****     PA3     ------> USART2_RX
 183:Src/usart.c   ****     */
 184:Src/usart.c   ****     HAL_GPIO_DeInit(GPIOA, GPIO_PIN_2|GPIO_PIN_3);
 185:Src/usart.c   **** 
 186:Src/usart.c   ****     /* USART2 interrupt Deinit */
 187:Src/usart.c   ****     HAL_NVIC_DisableIRQ(USART2_IRQn);
 188:Src/usart.c   ****   /* USER CODE BEGIN USART2_MspDeInit 1 */
 189:Src/usart.c   **** 
 190:Src/usart.c   ****   /* USER CODE END USART2_MspDeInit 1 */
 191:Src/usart.c   ****   }
 192:Src/usart.c   **** }
 408              		.loc 1 192 1 view .LVU116
 409 0010 08BD     		pop	{r3, pc}
 410              	.LVL18:
 411              	.L25:
 158:Src/usart.c   **** 
 412              		.loc 1 158 5 is_stmt 1 view .LVU117
 413 0012 02F59432 		add	r2, r2, #75776
 414 0016 536C     		ldr	r3, [r2, #68]
 415 0018 23F01003 		bic	r3, r3, #16
 416 001c 5364     		str	r3, [r2, #68]
 164:Src/usart.c   **** 
 417              		.loc 1 164 5 view .LVU118
 418 001e 4FF4C061 		mov	r1, #1536
 419 0022 0C48     		ldr	r0, .L27+8
 420              	.LVL19:
 164:Src/usart.c   **** 
 421              		.loc 1 164 5 is_stmt 0 view .LVU119
 422 0024 FFF7FEFF 		bl	HAL_GPIO_DeInit
 423              	.LVL20:
 167:Src/usart.c   ****   /* USER CODE BEGIN USART1_MspDeInit 1 */
 424              		.loc 1 167 5 is_stmt 1 view .LVU120
 425 0028 2520     		movs	r0, #37
 426 002a FFF7FEFF 		bl	HAL_NVIC_DisableIRQ
 427              	.LVL21:
 428 002e EFE7     		b	.L21
 429              	.LVL22:
 430              	.L26:
 178:Src/usart.c   **** 
 431              		.loc 1 178 5 view .LVU121
 432 0030 02F5FA32 		add	r2, r2, #128000
 433 0034 136C     		ldr	r3, [r2, #64]
 434 0036 23F40033 		bic	r3, r3, #131072
 435 003a 1364     		str	r3, [r2, #64]
 184:Src/usart.c   **** 
 436              		.loc 1 184 5 view .LVU122
 437 003c 0C21     		movs	r1, #12
 438 003e 0548     		ldr	r0, .L27+8
 439              	.LVL23:
ARM GAS  C:\Users\du4\AppData\Local\Temp\ccLJOHdn.s 			page 13


 184:Src/usart.c   **** 
 440              		.loc 1 184 5 is_stmt 0 view .LVU123
 441 0040 FFF7FEFF 		bl	HAL_GPIO_DeInit
 442              	.LVL24:
 187:Src/usart.c   ****   /* USER CODE BEGIN USART2_MspDeInit 1 */
 443              		.loc 1 187 5 is_stmt 1 view .LVU124
 444 0044 2620     		movs	r0, #38
 445 0046 FFF7FEFF 		bl	HAL_NVIC_DisableIRQ
 446              	.LVL25:
 447              		.loc 1 192 1 is_stmt 0 view .LVU125
 448 004a E1E7     		b	.L21
 449              	.L28:
 450              		.align	2
 451              	.L27:
 452 004c 00100140 		.word	1073811456
 453 0050 00440040 		.word	1073759232
 454 0054 00000240 		.word	1073872896
 455              		.cfi_endproc
 456              	.LFE133:
 458              		.comm	huart2,68,4
 459              		.comm	huart1,68,4
 460              		.text
 461              	.Letext0:
 462              		.file 2 "c:\\vscodeproject\\software\\arm_gcc\\arm-none-eabi\\include\\machine\\_default_types.h"
 463              		.file 3 "c:\\vscodeproject\\software\\arm_gcc\\arm-none-eabi\\include\\sys\\_stdint.h"
 464              		.file 4 "Drivers/CMSIS/Include/core_cm4.h"
 465              		.file 5 "Drivers/CMSIS/Device/ST/STM32F4xx/Include/system_stm32f4xx.h"
 466              		.file 6 "Drivers/CMSIS/Device/ST/STM32F4xx/Include/stm32f407xx.h"
 467              		.file 7 "Drivers/STM32F4xx_HAL_Driver/Inc/stm32f4xx_hal_def.h"
 468              		.file 8 "Drivers/STM32F4xx_HAL_Driver/Inc/stm32f4xx_hal_gpio.h"
 469              		.file 9 "Drivers/STM32F4xx_HAL_Driver/Inc/stm32f4xx_hal_dma.h"
 470              		.file 10 "Drivers/STM32F4xx_HAL_Driver/Inc/stm32f4xx_hal_uart.h"
 471              		.file 11 "Drivers/STM32F4xx_HAL_Driver/Inc/stm32f4xx_hal.h"
 472              		.file 12 "Inc/usart.h"
 473              		.file 13 "Drivers/STM32F4xx_HAL_Driver/Inc/stm32f4xx_hal_cortex.h"
 474              		.file 14 "Inc/main.h"
ARM GAS  C:\Users\du4\AppData\Local\Temp\ccLJOHdn.s 			page 14


DEFINED SYMBOLS
                            *ABS*:0000000000000000 usart.c
C:\Users\du4\AppData\Local\Temp\ccLJOHdn.s:18     .text.MX_USART1_UART_Init:0000000000000000 $t
C:\Users\du4\AppData\Local\Temp\ccLJOHdn.s:26     .text.MX_USART1_UART_Init:0000000000000000 MX_USART1_UART_Init
C:\Users\du4\AppData\Local\Temp\ccLJOHdn.s:85     .text.MX_USART1_UART_Init:000000000000002c $d
                            *COM*:0000000000000044 huart1
C:\Users\du4\AppData\Local\Temp\ccLJOHdn.s:91     .text.MX_USART2_UART_Init:0000000000000000 $t
C:\Users\du4\AppData\Local\Temp\ccLJOHdn.s:98     .text.MX_USART2_UART_Init:0000000000000000 MX_USART2_UART_Init
C:\Users\du4\AppData\Local\Temp\ccLJOHdn.s:156    .text.MX_USART2_UART_Init:000000000000002c $d
                            *COM*:0000000000000044 huart2
C:\Users\du4\AppData\Local\Temp\ccLJOHdn.s:162    .text.HAL_UART_MspInit:0000000000000000 $t
C:\Users\du4\AppData\Local\Temp\ccLJOHdn.s:169    .text.HAL_UART_MspInit:0000000000000000 HAL_UART_MspInit
C:\Users\du4\AppData\Local\Temp\ccLJOHdn.s:366    .text.HAL_UART_MspInit:00000000000000d4 $d
C:\Users\du4\AppData\Local\Temp\ccLJOHdn.s:374    .text.HAL_UART_MspDeInit:0000000000000000 $t
C:\Users\du4\AppData\Local\Temp\ccLJOHdn.s:381    .text.HAL_UART_MspDeInit:0000000000000000 HAL_UART_MspDeInit
C:\Users\du4\AppData\Local\Temp\ccLJOHdn.s:452    .text.HAL_UART_MspDeInit:000000000000004c $d

UNDEFINED SYMBOLS
HAL_UART_Init
Error_Handler
HAL_GPIO_Init
HAL_NVIC_SetPriority
HAL_NVIC_EnableIRQ
HAL_GPIO_DeInit
HAL_NVIC_DisableIRQ
